{"/home/pixel/Documents/GitHub/backend-test/src/app.ts": {"path":"/home/pixel/Documents/GitHub/backend-test/src/app.ts","statementMap":{"0":{"start":{"line":26,"column":0},"end":{"line":26,"column":16}},"1":{"start":{"line":1,"column":0},"end":{"line":1,"column":30}},"2":{"start":{"line":2,"column":0},"end":{"line":2,"column":28}},"3":{"start":{"line":3,"column":0},"end":{"line":3,"column":29}},"4":{"start":{"line":4,"column":0},"end":{"line":4,"column":41}},"5":{"start":{"line":6,"column":0},"end":{"line":6,"column":47}},"6":{"start":{"line":7,"column":0},"end":{"line":7,"column":51}},"7":{"start":{"line":8,"column":0},"end":{"line":8,"column":60}},"8":{"start":{"line":10,"column":0},"end":{"line":10,"column":54}},"9":{"start":{"line":11,"column":0},"end":{"line":11,"column":50}},"10":{"start":{"line":12,"column":0},"end":{"line":12,"column":50}},"11":{"start":{"line":13,"column":0},"end":{"line":13,"column":62}},"12":{"start":{"line":14,"column":0},"end":{"line":14,"column":56}},"13":{"start":{"line":15,"column":0},"end":{"line":15,"column":64}},"14":{"start":{"line":16,"column":0},"end":{"line":16,"column":50}},"15":{"start":{"line":17,"column":0},"end":{"line":17,"column":52}},"16":{"start":{"line":18,"column":0},"end":{"line":18,"column":60}},"17":{"start":{"line":19,"column":0},"end":{"line":19,"column":60}},"18":{"start":{"line":20,"column":0},"end":{"line":20,"column":68}},"19":{"start":{"line":22,"column":0},"end":{"line":22,"column":49}},"20":{"start":{"line":23,"column":0},"end":{"line":23,"column":50}},"21":{"start":{"line":24,"column":0},"end":{"line":24,"column":35}},"22":{"start":{"line":27,"column":14},"end":{"line":27,"column":23}},"23":{"start":{"line":29,"column":2},"end":{"line":29,"column":28}},"24":{"start":{"line":31,"column":2},"end":{"line":31,"column":21}},"25":{"start":{"line":33,"column":2},"end":{"line":69,"column":3}},"26":{"start":{"line":34,"column":4},"end":{"line":68,"column":6}},"27":{"start":{"line":37,"column":27},"end":{"line":37,"column":51}},"28":{"start":{"line":41,"column":33},"end":{"line":41,"column":78}},"29":{"start":{"line":42,"column":10},"end":{"line":51,"column":13}},"30":{"start":{"line":52,"column":10},"end":{"line":52,"column":62}},"31":{"start":{"line":55,"column":10},"end":{"line":64,"column":13}},"32":{"start":{"line":65,"column":10},"end":{"line":65,"column":29}},"33":{"start":{"line":71,"column":2},"end":{"line":71,"column":20}},"34":{"start":{"line":73,"column":2},"end":{"line":73,"column":26}},"35":{"start":{"line":75,"column":2},"end":{"line":75,"column":26}},"36":{"start":{"line":77,"column":2},"end":{"line":77,"column":42}},"37":{"start":{"line":79,"column":2},"end":{"line":79,"column":31}},"38":{"start":{"line":80,"column":2},"end":{"line":80,"column":29}},"39":{"start":{"line":81,"column":2},"end":{"line":81,"column":29}},"40":{"start":{"line":82,"column":2},"end":{"line":82,"column":35}},"41":{"start":{"line":83,"column":2},"end":{"line":83,"column":32}},"42":{"start":{"line":84,"column":2},"end":{"line":84,"column":36}},"43":{"start":{"line":85,"column":2},"end":{"line":85,"column":29}},"44":{"start":{"line":86,"column":2},"end":{"line":86,"column":36}},"45":{"start":{"line":87,"column":2},"end":{"line":87,"column":34}},"46":{"start":{"line":88,"column":2},"end":{"line":88,"column":34}},"47":{"start":{"line":89,"column":2},"end":{"line":89,"column":38}},"48":{"start":{"line":91,"column":2},"end":{"line":91,"column":20}},"49":{"start":{"line":92,"column":2},"end":{"line":92,"column":31}},"50":{"start":{"line":94,"column":2},"end":{"line":94,"column":13}}},"fnMap":{"0":{"name":"createApp","decl":{"start":{"line":26,"column":16},"end":{"line":26,"column":25}},"loc":{"start":{"line":26,"column":25},"end":{"line":95,"column":1}}},"1":{"name":"(anonymous_2)","decl":{"start":{"line":37,"column":18},"end":{"line":37,"column":19}},"loc":{"start":{"line":37,"column":27},"end":{"line":37,"column":51}}},"2":{"name":"(anonymous_3)","decl":{"start":{"line":39,"column":8},"end":{"line":39,"column":28}},"loc":{"start":{"line":39,"column":37},"end":{"line":53,"column":9}}},"3":{"name":"(anonymous_4)","decl":{"start":{"line":54,"column":8},"end":{"line":54,"column":26}},"loc":{"start":{"line":54,"column":40},"end":{"line":66,"column":9}}}},"branchMap":{"0":{"loc":{"start":{"line":33,"column":2},"end":{"line":69,"column":3}},"type":"if","locations":[{"start":{"line":33,"column":2},"end":{"line":69,"column":3}},{"start":{},"end":{}}]},"1":{"loc":{"start":{"line":41,"column":33},"end":{"line":41,"column":78}},"type":"binary-expr","locations":[{"start":{"line":41,"column":33},"end":{"line":41,"column":64}},{"start":{"line":41,"column":68},"end":{"line":41,"column":78}}]},"2":{"loc":{"start":{"line":43,"column":24},"end":{"line":43,"column":46}},"type":"binary-expr","locations":[{"start":{"line":43,"column":24},"end":{"line":43,"column":38}},{"start":{"line":43,"column":42},"end":{"line":43,"column":46}}]},"3":{"loc":{"start":{"line":45,"column":18},"end":{"line":45,"column":32}},"type":"binary-expr","locations":[{"start":{"line":45,"column":18},"end":{"line":45,"column":25}},{"start":{"line":45,"column":29},"end":{"line":45,"column":32}}]},"4":{"loc":{"start":{"line":48,"column":16},"end":{"line":48,"column":49}},"type":"binary-expr","locations":[{"start":{"line":48,"column":16},"end":{"line":48,"column":41}},{"start":{"line":48,"column":45},"end":{"line":48,"column":49}}]},"5":{"loc":{"start":{"line":49,"column":23},"end":{"line":49,"column":58}},"type":"binary-expr","locations":[{"start":{"line":49,"column":23},"end":{"line":49,"column":50}},{"start":{"line":49,"column":54},"end":{"line":49,"column":58}}]},"6":{"loc":{"start":{"line":56,"column":24},"end":{"line":56,"column":46}},"type":"binary-expr","locations":[{"start":{"line":56,"column":24},"end":{"line":56,"column":38}},{"start":{"line":56,"column":42},"end":{"line":56,"column":46}}]},"7":{"loc":{"start":{"line":58,"column":18},"end":{"line":58,"column":32}},"type":"binary-expr","locations":[{"start":{"line":58,"column":18},"end":{"line":58,"column":25}},{"start":{"line":58,"column":29},"end":{"line":58,"column":32}}]},"8":{"loc":{"start":{"line":61,"column":16},"end":{"line":61,"column":49}},"type":"binary-expr","locations":[{"start":{"line":61,"column":16},"end":{"line":61,"column":41}},{"start":{"line":61,"column":45},"end":{"line":61,"column":49}}]},"9":{"loc":{"start":{"line":62,"column":23},"end":{"line":62,"column":58}},"type":"binary-expr","locations":[{"start":{"line":62,"column":23},"end":{"line":62,"column":50}},{"start":{"line":62,"column":54},"end":{"line":62,"column":58}}]}},"s":{"0":9,"1":9,"2":9,"3":9,"4":9,"5":9,"6":9,"7":9,"8":9,"9":9,"10":9,"11":9,"12":9,"13":9,"14":9,"15":9,"16":9,"17":9,"18":9,"19":9,"20":9,"21":9,"22":38,"23":38,"24":38,"25":38,"26":0,"27":0,"28":0,"29":0,"30":0,"31":0,"32":0,"33":38,"34":38,"35":38,"36":38,"37":38,"38":38,"39":38,"40":38,"41":38,"42":38,"43":38,"44":38,"45":38,"46":38,"47":38,"48":38,"49":38,"50":38},"f":{"0":38,"1":0,"2":0,"3":0},"b":{"0":[0,38],"1":[0,0],"2":[0,0],"3":[0,0],"4":[0,0],"5":[0,0],"6":[0,0],"7":[0,0],"8":[0,0],"9":[0,0]}}
,"/home/pixel/Documents/GitHub/backend-test/src/config/cors.ts": {"path":"/home/pixel/Documents/GitHub/backend-test/src/config/cors.ts","statementMap":{"0":{"start":{"line":1,"column":0},"end":{"line":1,"column":24}},"1":{"start":{"line":2,"column":0},"end":{"line":2,"column":28}},"2":{"start":{"line":4,"column":13},"end":{"line":7,"column":3}}},"fnMap":{},"branchMap":{},"s":{"0":9,"1":9,"2":9},"f":{},"b":{}}
,"/home/pixel/Documents/GitHub/backend-test/src/config/db.ts": {"path":"/home/pixel/Documents/GitHub/backend-test/src/config/db.ts","statementMap":{"0":{"start":{"line":6,"column":0},"end":{"line":6,"column":7}},"1":{"start":{"line":35,"column":0},"end":{"line":35,"column":16}},"2":{"start":{"line":39,"column":0},"end":{"line":39,"column":7}},"3":{"start":{"line":1,"column":0},"end":{"line":1,"column":32}},"4":{"start":{"line":2,"column":0},"end":{"line":2,"column":28}},"5":{"start":{"line":4,"column":19},"end":{"line":4,"column":24}},"6":{"start":{"line":7,"column":2},"end":{"line":7,"column":51}},"7":{"start":{"line":7,"column":44},"end":{"line":7,"column":51}},"8":{"start":{"line":9,"column":2},"end":{"line":9,"column":27}},"9":{"start":{"line":9,"column":20},"end":{"line":9,"column":27}},"10":{"start":{"line":10,"column":2},"end":{"line":10,"column":22}},"11":{"start":{"line":12,"column":2},"end":{"line":12,"column":36}},"12":{"start":{"line":14,"column":2},"end":{"line":16,"column":5}},"13":{"start":{"line":15,"column":4},"end":{"line":15,"column":39}},"14":{"start":{"line":18,"column":2},"end":{"line":20,"column":5}},"15":{"start":{"line":19,"column":4},"end":{"line":19,"column":43}},"16":{"start":{"line":22,"column":2},"end":{"line":24,"column":5}},"17":{"start":{"line":23,"column":4},"end":{"line":23,"column":44}},"18":{"start":{"line":26,"column":2},"end":{"line":30,"column":5}},"19":{"start":{"line":32,"column":2},"end":{"line":32,"column":23}},"20":{"start":{"line":36,"column":2},"end":{"line":36,"column":46}},"21":{"start":{"line":40,"column":2},"end":{"line":43,"column":3}},"22":{"start":{"line":41,"column":4},"end":{"line":41,"column":32}},"23":{"start":{"line":42,"column":4},"end":{"line":42,"column":40}}},"fnMap":{"0":{"name":"connectDB","decl":{"start":{"line":6,"column":22},"end":{"line":6,"column":31}},"loc":{"start":{"line":6,"column":31},"end":{"line":33,"column":1}}},"1":{"name":"(anonymous_2)","decl":{"start":{"line":14,"column":38},"end":{"line":14,"column":41}},"loc":{"start":{"line":14,"column":43},"end":{"line":16,"column":3}}},"2":{"name":"(anonymous_3)","decl":{"start":{"line":18,"column":34},"end":{"line":18,"column":35}},"loc":{"start":{"line":18,"column":42},"end":{"line":20,"column":3}}},"3":{"name":"(anonymous_4)","decl":{"start":{"line":22,"column":41},"end":{"line":22,"column":44}},"loc":{"start":{"line":22,"column":46},"end":{"line":24,"column":3}}},"4":{"name":"isDbReady","decl":{"start":{"line":35,"column":16},"end":{"line":35,"column":25}},"loc":{"start":{"line":35,"column":25},"end":{"line":37,"column":1}}},"5":{"name":"disconnectDB","decl":{"start":{"line":39,"column":22},"end":{"line":39,"column":34}},"loc":{"start":{"line":39,"column":34},"end":{"line":44,"column":1}}}},"branchMap":{"0":{"loc":{"start":{"line":7,"column":2},"end":{"line":7,"column":51}},"type":"if","locations":[{"start":{"line":7,"column":2},"end":{"line":7,"column":51}},{"start":{},"end":{}}]},"1":{"loc":{"start":{"line":9,"column":2},"end":{"line":9,"column":27}},"type":"if","locations":[{"start":{"line":9,"column":2},"end":{"line":9,"column":27}},{"start":{},"end":{}}]},"2":{"loc":{"start":{"line":40,"column":2},"end":{"line":43,"column":3}},"type":"if","locations":[{"start":{"line":40,"column":2},"end":{"line":43,"column":3}},{"start":{},"end":{}}]}},"s":{"0":9,"1":9,"2":9,"3":9,"4":9,"5":9,"6":0,"7":0,"8":0,"9":0,"10":0,"11":0,"12":0,"13":0,"14":0,"15":0,"16":0,"17":0,"18":0,"19":0,"20":1,"21":0,"22":0,"23":0},"f":{"0":0,"1":0,"2":0,"3":0,"4":1,"5":0},"b":{"0":[0,0],"1":[0,0],"2":[0,0]}}
,"/home/pixel/Documents/GitHub/backend-test/src/config/env.ts": {"path":"/home/pixel/Documents/GitHub/backend-test/src/config/env.ts","statementMap":{"0":{"start":{"line":1,"column":0},"end":{"line":1,"column":24}},"1":{"start":{"line":2,"column":0},"end":{"line":2,"column":28}},"2":{"start":{"line":4,"column":0},"end":{"line":4,"column":16}},"3":{"start":{"line":6,"column":23},"end":{"line":10,"column":33}},"4":{"start":{"line":10,"column":20},"end":{"line":10,"column":32}},"5":{"start":{"line":12,"column":18},"end":{"line":152,"column":4}},"6":{"start":{"line":62,"column":4},"end":{"line":68,"column":5}},"7":{"start":{"line":63,"column":6},"end":{"line":67,"column":9}},"8":{"start":{"line":70,"column":4},"end":{"line":76,"column":5}},"9":{"start":{"line":71,"column":6},"end":{"line":75,"column":9}},"10":{"start":{"line":78,"column":4},"end":{"line":98,"column":5}},"11":{"start":{"line":79,"column":23},"end":{"line":79,"column":71}},"12":{"start":{"line":81,"column":6},"end":{"line":89,"column":7}},"13":{"start":{"line":82,"column":8},"end":{"line":88,"column":9}},"14":{"start":{"line":83,"column":10},"end":{"line":87,"column":13}},"15":{"start":{"line":91,"column":6},"end":{"line":97,"column":7}},"16":{"start":{"line":92,"column":8},"end":{"line":96,"column":11}},"17":{"start":{"line":100,"column":4},"end":{"line":116,"column":5}},"18":{"start":{"line":101,"column":6},"end":{"line":107,"column":7}},"19":{"start":{"line":102,"column":8},"end":{"line":106,"column":11}},"20":{"start":{"line":109,"column":6},"end":{"line":115,"column":7}},"21":{"start":{"line":110,"column":8},"end":{"line":114,"column":11}},"22":{"start":{"line":118,"column":4},"end":{"line":124,"column":5}},"23":{"start":{"line":119,"column":6},"end":{"line":123,"column":9}},"24":{"start":{"line":126,"column":4},"end":{"line":133,"column":5}},"25":{"start":{"line":127,"column":6},"end":{"line":132,"column":9}},"26":{"start":{"line":135,"column":4},"end":{"line":142,"column":5}},"27":{"start":{"line":136,"column":23},"end":{"line":136,"column":97}},"28":{"start":{"line":137,"column":6},"end":{"line":141,"column":7}},"29":{"start":{"line":138,"column":8},"end":{"line":140,"column":9}},"30":{"start":{"line":139,"column":10},"end":{"line":139,"column":121}},"31":{"start":{"line":144,"column":4},"end":{"line":151,"column":5}},"32":{"start":{"line":145,"column":23},"end":{"line":145,"column":71}},"33":{"start":{"line":146,"column":6},"end":{"line":150,"column":7}},"34":{"start":{"line":147,"column":8},"end":{"line":149,"column":9}},"35":{"start":{"line":148,"column":10},"end":{"line":148,"column":120}},"36":{"start":{"line":154,"column":13},"end":{"line":201,"column":3}}},"fnMap":{"0":{"name":"(anonymous_1)","decl":{"start":{"line":10,"column":13},"end":{"line":10,"column":14}},"loc":{"start":{"line":10,"column":20},"end":{"line":10,"column":32}}},"1":{"name":"(anonymous_2)","decl":{"start":{"line":60,"column":15},"end":{"line":60,"column":16}},"loc":{"start":{"line":60,"column":28},"end":{"line":152,"column":3}}}},"branchMap":{"0":{"loc":{"start":{"line":62,"column":4},"end":{"line":68,"column":5}},"type":"if","locations":[{"start":{"line":62,"column":4},"end":{"line":68,"column":5}},{"start":{},"end":{}}]},"1":{"loc":{"start":{"line":62,"column":8},"end":{"line":62,"column":67}},"type":"binary-expr","locations":[{"start":{"line":62,"column":8},"end":{"line":62,"column":37}},{"start":{"line":62,"column":41},"end":{"line":62,"column":67}}]},"2":{"loc":{"start":{"line":70,"column":4},"end":{"line":76,"column":5}},"type":"if","locations":[{"start":{"line":70,"column":4},"end":{"line":76,"column":5}},{"start":{},"end":{}}]},"3":{"loc":{"start":{"line":70,"column":8},"end":{"line":70,"column":68}},"type":"binary-expr","locations":[{"start":{"line":70,"column":8},"end":{"line":70,"column":38}},{"start":{"line":70,"column":42},"end":{"line":70,"column":68}}]},"4":{"loc":{"start":{"line":78,"column":4},"end":{"line":98,"column":5}},"type":"if","locations":[{"start":{"line":78,"column":4},"end":{"line":98,"column":5}},{"start":{},"end":{}}]},"5":{"loc":{"start":{"line":82,"column":8},"end":{"line":88,"column":9}},"type":"if","locations":[{"start":{"line":82,"column":8},"end":{"line":88,"column":9}},{"start":{},"end":{}}]},"6":{"loc":{"start":{"line":91,"column":6},"end":{"line":97,"column":7}},"type":"if","locations":[{"start":{"line":91,"column":6},"end":{"line":97,"column":7}},{"start":{},"end":{}}]},"7":{"loc":{"start":{"line":91,"column":10},"end":{"line":91,"column":80}},"type":"binary-expr","locations":[{"start":{"line":91,"column":11},"end":{"line":91,"column":24}},{"start":{"line":91,"column":28},"end":{"line":91,"column":42}},{"start":{"line":91,"column":48},"end":{"line":91,"column":62}},{"start":{"line":91,"column":66},"end":{"line":91,"column":79}}]},"8":{"loc":{"start":{"line":100,"column":4},"end":{"line":116,"column":5}},"type":"if","locations":[{"start":{"line":100,"column":4},"end":{"line":116,"column":5}},{"start":{},"end":{}}]},"9":{"loc":{"start":{"line":101,"column":6},"end":{"line":107,"column":7}},"type":"if","locations":[{"start":{"line":101,"column":6},"end":{"line":107,"column":7}},{"start":{},"end":{}}]},"10":{"loc":{"start":{"line":109,"column":6},"end":{"line":115,"column":7}},"type":"if","locations":[{"start":{"line":109,"column":6},"end":{"line":115,"column":7}},{"start":{},"end":{}}]},"11":{"loc":{"start":{"line":118,"column":4},"end":{"line":124,"column":5}},"type":"if","locations":[{"start":{"line":118,"column":4},"end":{"line":124,"column":5}},{"start":{},"end":{}}]},"12":{"loc":{"start":{"line":118,"column":8},"end":{"line":118,"column":65}},"type":"binary-expr","locations":[{"start":{"line":118,"column":8},"end":{"line":118,"column":36}},{"start":{"line":118,"column":40},"end":{"line":118,"column":65}}]},"13":{"loc":{"start":{"line":126,"column":4},"end":{"line":133,"column":5}},"type":"if","locations":[{"start":{"line":126,"column":4},"end":{"line":133,"column":5}},{"start":{},"end":{}}]},"14":{"loc":{"start":{"line":126,"column":8},"end":{"line":126,"column":62}},"type":"binary-expr","locations":[{"start":{"line":126,"column":8},"end":{"line":126,"column":37}},{"start":{"line":126,"column":41},"end":{"line":126,"column":62}}]},"15":{"loc":{"start":{"line":135,"column":4},"end":{"line":142,"column":5}},"type":"if","locations":[{"start":{"line":135,"column":4},"end":{"line":142,"column":5}},{"start":{},"end":{}}]},"16":{"loc":{"start":{"line":138,"column":8},"end":{"line":140,"column":9}},"type":"if","locations":[{"start":{"line":138,"column":8},"end":{"line":140,"column":9}},{"start":{},"end":{}}]},"17":{"loc":{"start":{"line":144,"column":4},"end":{"line":151,"column":5}},"type":"if","locations":[{"start":{"line":144,"column":4},"end":{"line":151,"column":5}},{"start":{},"end":{}}]},"18":{"loc":{"start":{"line":147,"column":8},"end":{"line":149,"column":9}},"type":"if","locations":[{"start":{"line":147,"column":8},"end":{"line":149,"column":9}},{"start":{},"end":{}}]},"19":{"loc":{"start":{"line":160,"column":15},"end":{"line":160,"column":67}},"type":"binary-expr","locations":[{"start":{"line":160,"column":15},"end":{"line":160,"column":38}},{"start":{"line":160,"column":42},"end":{"line":160,"column":67}}]},"20":{"loc":{"start":{"line":170,"column":16},"end":{"line":170,"column":67}},"type":"binary-expr","locations":[{"start":{"line":170,"column":16},"end":{"line":170,"column":40}},{"start":{"line":170,"column":44},"end":{"line":170,"column":67}}]}},"s":{"0":9,"1":9,"2":9,"3":9,"4":27,"5":9,"6":9,"7":0,"8":9,"9":0,"10":9,"11":0,"12":0,"13":0,"14":0,"15":0,"16":0,"17":9,"18":9,"19":0,"20":9,"21":0,"22":9,"23":0,"24":9,"25":0,"26":9,"27":9,"28":9,"29":27,"30":0,"31":9,"32":0,"33":0,"34":0,"35":0,"36":9},"f":{"0":27,"1":9},"b":{"0":[0,9],"1":[9,0],"2":[0,9],"3":[9,0],"4":[0,9],"5":[0,0],"6":[0,0],"7":[0,0,0,0],"8":[9,0],"9":[0,9],"10":[0,9],"11":[0,9],"12":[9,9],"13":[0,9],"14":[9,0],"15":[9,0],"16":[0,27],"17":[0,9],"18":[0,0],"19":[9,0],"20":[9,0]}}
,"/home/pixel/Documents/GitHub/backend-test/src/controllers/admin.badges.controller.ts": {"path":"/home/pixel/Documents/GitHub/backend-test/src/controllers/admin.badges.controller.ts","statementMap":{"0":{"start":{"line":19,"column":0},"end":{"line":19,"column":7}},"1":{"start":{"line":24,"column":0},"end":{"line":24,"column":7}},"2":{"start":{"line":39,"column":0},"end":{"line":39,"column":7}},"3":{"start":{"line":57,"column":0},"end":{"line":57,"column":7}},"4":{"start":{"line":2,"column":0},"end":{"line":2,"column":24}},"5":{"start":{"line":3,"column":0},"end":{"line":3,"column":40}},"6":{"start":{"line":4,"column":0},"end":{"line":4,"column":48}},"7":{"start":{"line":5,"column":0},"end":{"line":5,"column":57}},"8":{"start":{"line":7,"column":20},"end":{"line":17,"column":2}},"9":{"start":{"line":20,"column":16},"end":{"line":20,"column":65}},"10":{"start":{"line":21,"column":2},"end":{"line":21,"column":29}},"11":{"start":{"line":25,"column":17},"end":{"line":25,"column":48}},"12":{"start":{"line":26,"column":2},"end":{"line":26,"column":114}},"13":{"start":{"line":26,"column":23},"end":{"line":26,"column":114}},"14":{"start":{"line":28,"column":18},"end":{"line":28,"column":63}},"15":{"start":{"line":29,"column":2},"end":{"line":34,"column":5}},"16":{"start":{"line":36,"column":2},"end":{"line":36,"column":43}},"17":{"start":{"line":40,"column":17},"end":{"line":40,"column":27}},"18":{"start":{"line":41,"column":17},"end":{"line":41,"column":58}},"19":{"start":{"line":42,"column":2},"end":{"line":42,"column":114}},"20":{"start":{"line":42,"column":23},"end":{"line":42,"column":114}},"21":{"start":{"line":44,"column":18},"end":{"line":44,"column":93}},"22":{"start":{"line":45,"column":2},"end":{"line":45,"column":82}},"23":{"start":{"line":45,"column":16},"end":{"line":45,"column":82}},"24":{"start":{"line":47,"column":2},"end":{"line":52,"column":5}},"25":{"start":{"line":54,"column":2},"end":{"line":54,"column":31}},"26":{"start":{"line":58,"column":17},"end":{"line":58,"column":27}},"27":{"start":{"line":59,"column":18},"end":{"line":59,"column":58}},"28":{"start":{"line":60,"column":2},"end":{"line":60,"column":82}},"29":{"start":{"line":60,"column":16},"end":{"line":60,"column":82}},"30":{"start":{"line":62,"column":2},"end":{"line":66,"column":5}},"31":{"start":{"line":68,"column":2},"end":{"line":68,"column":41}}},"fnMap":{"0":{"name":"listBadges","decl":{"start":{"line":19,"column":22},"end":{"line":19,"column":32}},"loc":{"start":{"line":19,"column":60},"end":{"line":22,"column":1}}},"1":{"name":"createBadge","decl":{"start":{"line":24,"column":22},"end":{"line":24,"column":33}},"loc":{"start":{"line":24,"column":61},"end":{"line":37,"column":1}}},"2":{"name":"updateBadge","decl":{"start":{"line":39,"column":22},"end":{"line":39,"column":33}},"loc":{"start":{"line":39,"column":61},"end":{"line":55,"column":1}}},"3":{"name":"deleteBadge","decl":{"start":{"line":57,"column":22},"end":{"line":57,"column":33}},"loc":{"start":{"line":57,"column":61},"end":{"line":69,"column":1}}}},"branchMap":{"0":{"loc":{"start":{"line":26,"column":2},"end":{"line":26,"column":114}},"type":"if","locations":[{"start":{"line":26,"column":2},"end":{"line":26,"column":114}},{"start":{},"end":{}}]},"1":{"loc":{"start":{"line":42,"column":2},"end":{"line":42,"column":114}},"type":"if","locations":[{"start":{"line":42,"column":2},"end":{"line":42,"column":114}},{"start":{},"end":{}}]},"2":{"loc":{"start":{"line":45,"column":2},"end":{"line":45,"column":82}},"type":"if","locations":[{"start":{"line":45,"column":2},"end":{"line":45,"column":82}},{"start":{},"end":{}}]},"3":{"loc":{"start":{"line":60,"column":2},"end":{"line":60,"column":82}},"type":"if","locations":[{"start":{"line":60,"column":2},"end":{"line":60,"column":82}},{"start":{},"end":{}}]}},"s":{"0":9,"1":9,"2":9,"3":9,"4":9,"5":9,"6":9,"7":9,"8":9,"9":0,"10":0,"11":0,"12":0,"13":0,"14":0,"15":0,"16":0,"17":0,"18":0,"19":0,"20":0,"21":0,"22":0,"23":0,"24":0,"25":0,"26":0,"27":0,"28":0,"29":0,"30":0,"31":0},"f":{"0":0,"1":0,"2":0,"3":0},"b":{"0":[0,0],"1":[0,0],"2":[0,0],"3":[0,0]}}
,"/home/pixel/Documents/GitHub/backend-test/src/controllers/admin.controller.ts": {"path":"/home/pixel/Documents/GitHub/backend-test/src/controllers/admin.controller.ts","statementMap":{"0":{"start":{"line":39,"column":0},"end":{"line":39,"column":7}},"1":{"start":{"line":49,"column":0},"end":{"line":49,"column":7}},"2":{"start":{"line":74,"column":0},"end":{"line":74,"column":7}},"3":{"start":{"line":92,"column":0},"end":{"line":92,"column":7}},"4":{"start":{"line":119,"column":0},"end":{"line":119,"column":7}},"5":{"start":{"line":173,"column":0},"end":{"line":173,"column":7}},"6":{"start":{"line":204,"column":0},"end":{"line":204,"column":7}},"7":{"start":{"line":222,"column":0},"end":{"line":222,"column":7}},"8":{"start":{"line":249,"column":0},"end":{"line":249,"column":7}},"9":{"start":{"line":303,"column":0},"end":{"line":303,"column":7}},"10":{"start":{"line":337,"column":0},"end":{"line":337,"column":7}},"11":{"start":{"line":355,"column":0},"end":{"line":355,"column":7}},"12":{"start":{"line":382,"column":0},"end":{"line":382,"column":7}},"13":{"start":{"line":436,"column":0},"end":{"line":436,"column":7}},"14":{"start":{"line":470,"column":0},"end":{"line":470,"column":7}},"15":{"start":{"line":488,"column":0},"end":{"line":488,"column":7}},"16":{"start":{"line":515,"column":0},"end":{"line":515,"column":7}},"17":{"start":{"line":574,"column":0},"end":{"line":574,"column":7}},"18":{"start":{"line":611,"column":0},"end":{"line":611,"column":7}},"19":{"start":{"line":629,"column":0},"end":{"line":629,"column":7}},"20":{"start":{"line":657,"column":0},"end":{"line":657,"column":7}},"21":{"start":{"line":714,"column":0},"end":{"line":714,"column":7}},"22":{"start":{"line":738,"column":0},"end":{"line":738,"column":7}},"23":{"start":{"line":800,"column":0},"end":{"line":800,"column":7}},"24":{"start":{"line":838,"column":0},"end":{"line":838,"column":7}},"25":{"start":{"line":889,"column":0},"end":{"line":889,"column":7}},"26":{"start":{"line":913,"column":0},"end":{"line":913,"column":7}},"27":{"start":{"line":937,"column":0},"end":{"line":937,"column":7}},"28":{"start":{"line":961,"column":0},"end":{"line":961,"column":7}},"29":{"start":{"line":985,"column":0},"end":{"line":985,"column":7}},"30":{"start":{"line":1009,"column":0},"end":{"line":1009,"column":7}},"31":{"start":{"line":1038,"column":0},"end":{"line":1038,"column":7}},"32":{"start":{"line":2,"column":0},"end":{"line":2,"column":32}},"33":{"start":{"line":3,"column":0},"end":{"line":3,"column":24}},"34":{"start":{"line":4,"column":0},"end":{"line":4,"column":48}},"35":{"start":{"line":6,"column":0},"end":{"line":6,"column":46}},"36":{"start":{"line":7,"column":0},"end":{"line":7,"column":44}},"37":{"start":{"line":8,"column":0},"end":{"line":8,"column":38}},"38":{"start":{"line":9,"column":0},"end":{"line":9,"column":44}},"39":{"start":{"line":10,"column":0},"end":{"line":10,"column":42}},"40":{"start":{"line":11,"column":0},"end":{"line":11,"column":38}},"41":{"start":{"line":12,"column":0},"end":{"line":12,"column":44}},"42":{"start":{"line":13,"column":0},"end":{"line":13,"column":57}},"43":{"start":{"line":14,"column":0},"end":{"line":14,"column":56}},"44":{"start":{"line":15,"column":0},"end":{"line":15,"column":38}},"45":{"start":{"line":16,"column":0},"end":{"line":16,"column":54}},"46":{"start":{"line":19,"column":15},"end":{"line":19,"column":55}},"47":{"start":{"line":20,"column":16},"end":{"line":20,"column":73}},"48":{"start":{"line":21,"column":15},"end":{"line":21,"column":33}},"49":{"start":{"line":22,"column":2},"end":{"line":22,"column":31}},"50":{"start":{"line":25,"column":16},"end":{"line":25,"column":51}},"51":{"start":{"line":27,"column":23},"end":{"line":31,"column":2}},"52":{"start":{"line":33,"column":23},"end":{"line":37,"column":2}},"53":{"start":{"line":40,"column":2},"end":{"line":46,"column":3}},"54":{"start":{"line":41,"column":19},"end":{"line":41,"column":50}},"55":{"start":{"line":42,"column":4},"end":{"line":42,"column":32}},"56":{"start":{"line":44,"column":4},"end":{"line":44,"column":47}},"57":{"start":{"line":45,"column":4},"end":{"line":45,"column":65}},"58":{"start":{"line":50,"column":32},"end":{"line":50,"column":48}},"59":{"start":{"line":52,"column":22},"end":{"line":52,"column":24}},"60":{"start":{"line":53,"column":25},"end":{"line":53,"column":79}},"61":{"start":{"line":54,"column":2},"end":{"line":54,"column":47}},"62":{"start":{"line":54,"column":23},"end":{"line":54,"column":47}},"63":{"start":{"line":56,"column":21},"end":{"line":56,"column":37}},"64":{"start":{"line":57,"column":2},"end":{"line":59,"column":3}},"65":{"start":{"line":58,"column":4},"end":{"line":58,"column":55}},"66":{"start":{"line":61,"column":12},"end":{"line":61,"column":75}},"67":{"start":{"line":62,"column":2},"end":{"line":62,"column":61}},"68":{"start":{"line":62,"column":22},"end":{"line":62,"column":61}},"69":{"start":{"line":64,"column":25},"end":{"line":69,"column":4}},"70":{"start":{"line":71,"column":2},"end":{"line":71,"column":53}},"71":{"start":{"line":75,"column":17},"end":{"line":75,"column":51}},"72":{"start":{"line":76,"column":2},"end":{"line":79,"column":75}},"73":{"start":{"line":77,"column":4},"end":{"line":79,"column":75}},"74":{"start":{"line":81,"column":18},"end":{"line":81,"column":59}},"75":{"start":{"line":82,"column":2},"end":{"line":87,"column":5}},"76":{"start":{"line":89,"column":2},"end":{"line":89,"column":43}},"77":{"start":{"line":93,"column":12},"end":{"line":93,"column":41}},"78":{"start":{"line":94,"column":2},"end":{"line":95,"column":66}},"79":{"start":{"line":95,"column":4},"end":{"line":95,"column":66}},"80":{"start":{"line":96,"column":17},"end":{"line":96,"column":51}},"81":{"start":{"line":97,"column":2},"end":{"line":100,"column":75}},"82":{"start":{"line":98,"column":4},"end":{"line":100,"column":75}},"83":{"start":{"line":102,"column":18},"end":{"line":104,"column":11}},"84":{"start":{"line":106,"column":2},"end":{"line":107,"column":73}},"85":{"start":{"line":107,"column":4},"end":{"line":107,"column":73}},"86":{"start":{"line":109,"column":2},"end":{"line":114,"column":5}},"87":{"start":{"line":116,"column":2},"end":{"line":116,"column":31}},"88":{"start":{"line":120,"column":12},"end":{"line":120,"column":41}},"89":{"start":{"line":121,"column":2},"end":{"line":121,"column":80}},"90":{"start":{"line":121,"column":18},"end":{"line":121,"column":80}},"91":{"start":{"line":123,"column":23},"end":{"line":126,"column":4}},"92":{"start":{"line":127,"column":2},"end":{"line":137,"column":3}},"93":{"start":{"line":128,"column":4},"end":{"line":136,"column":8}},"94":{"start":{"line":139,"column":19},"end":{"line":139,"column":47}},"95":{"start":{"line":141,"column":18},"end":{"line":147,"column":11}},"96":{"start":{"line":149,"column":2},"end":{"line":150,"column":73}},"97":{"start":{"line":150,"column":4},"end":{"line":150,"column":73}},"98":{"start":{"line":152,"column":2},"end":{"line":157,"column":5}},"99":{"start":{"line":159,"column":2},"end":{"line":159,"column":41}},"100":{"start":{"line":162,"column":22},"end":{"line":166,"column":2}},"101":{"start":{"line":167,"column":22},"end":{"line":171,"column":2}},"102":{"start":{"line":174,"column":32},"end":{"line":174,"column":48}},"103":{"start":{"line":175,"column":22},"end":{"line":175,"column":24}},"104":{"start":{"line":176,"column":2},"end":{"line":176,"column":69}},"105":{"start":{"line":176,"column":28},"end":{"line":176,"column":69}},"106":{"start":{"line":178,"column":25},"end":{"line":178,"column":79}},"107":{"start":{"line":179,"column":2},"end":{"line":179,"column":47}},"108":{"start":{"line":179,"column":23},"end":{"line":179,"column":47}},"109":{"start":{"line":181,"column":21},"end":{"line":181,"column":37}},"110":{"start":{"line":182,"column":2},"end":{"line":189,"column":3}},"111":{"start":{"line":183,"column":4},"end":{"line":188,"column":5}},"112":{"start":{"line":184,"column":25},"end":{"line":184,"column":113}},"113":{"start":{"line":184,"column":72},"end":{"line":184,"column":112}},"114":{"start":{"line":185,"column":7},"end":{"line":185,"column":48}},"115":{"start":{"line":185,"column":23},"end":{"line":185,"column":48}},"116":{"start":{"line":187,"column":7},"end":{"line":187,"column":65}},"117":{"start":{"line":191,"column":12},"end":{"line":191,"column":80}},"118":{"start":{"line":192,"column":2},"end":{"line":192,"column":61}},"119":{"start":{"line":192,"column":22},"end":{"line":192,"column":61}},"120":{"start":{"line":194,"column":25},"end":{"line":199,"column":4}},"121":{"start":{"line":201,"column":2},"end":{"line":201,"column":53}},"122":{"start":{"line":205,"column":17},"end":{"line":205,"column":50}},"123":{"start":{"line":206,"column":2},"end":{"line":209,"column":75}},"124":{"start":{"line":207,"column":4},"end":{"line":209,"column":75}},"125":{"start":{"line":211,"column":18},"end":{"line":211,"column":58}},"126":{"start":{"line":212,"column":2},"end":{"line":217,"column":5}},"127":{"start":{"line":219,"column":2},"end":{"line":219,"column":43}},"128":{"start":{"line":223,"column":12},"end":{"line":223,"column":41}},"129":{"start":{"line":224,"column":2},"end":{"line":225,"column":66}},"130":{"start":{"line":225,"column":4},"end":{"line":225,"column":66}},"131":{"start":{"line":226,"column":17},"end":{"line":226,"column":50}},"132":{"start":{"line":227,"column":2},"end":{"line":230,"column":75}},"133":{"start":{"line":228,"column":4},"end":{"line":230,"column":75}},"134":{"start":{"line":232,"column":18},"end":{"line":234,"column":11}},"135":{"start":{"line":236,"column":2},"end":{"line":237,"column":72}},"136":{"start":{"line":237,"column":4},"end":{"line":237,"column":72}},"137":{"start":{"line":239,"column":2},"end":{"line":244,"column":5}},"138":{"start":{"line":246,"column":2},"end":{"line":246,"column":31}},"139":{"start":{"line":250,"column":12},"end":{"line":250,"column":41}},"140":{"start":{"line":251,"column":2},"end":{"line":251,"column":80}},"141":{"start":{"line":251,"column":18},"end":{"line":251,"column":80}},"142":{"start":{"line":253,"column":20},"end":{"line":256,"column":4}},"143":{"start":{"line":257,"column":2},"end":{"line":267,"column":3}},"144":{"start":{"line":258,"column":4},"end":{"line":266,"column":8}},"145":{"start":{"line":269,"column":19},"end":{"line":269,"column":47}},"146":{"start":{"line":271,"column":18},"end":{"line":277,"column":11}},"147":{"start":{"line":279,"column":2},"end":{"line":280,"column":72}},"148":{"start":{"line":280,"column":4},"end":{"line":280,"column":72}},"149":{"start":{"line":282,"column":2},"end":{"line":287,"column":5}},"150":{"start":{"line":289,"column":2},"end":{"line":289,"column":41}},"151":{"start":{"line":292,"column":19},"end":{"line":296,"column":2}},"152":{"start":{"line":297,"column":19},"end":{"line":301,"column":2}},"153":{"start":{"line":304,"column":32},"end":{"line":304,"column":48}},"154":{"start":{"line":305,"column":22},"end":{"line":305,"column":24}},"155":{"start":{"line":306,"column":2},"end":{"line":306,"column":66}},"156":{"start":{"line":306,"column":27},"end":{"line":306,"column":66}},"157":{"start":{"line":308,"column":25},"end":{"line":308,"column":79}},"158":{"start":{"line":309,"column":2},"end":{"line":309,"column":47}},"159":{"start":{"line":309,"column":23},"end":{"line":309,"column":47}},"160":{"start":{"line":311,"column":21},"end":{"line":311,"column":37}},"161":{"start":{"line":312,"column":2},"end":{"line":322,"column":3}},"162":{"start":{"line":313,"column":29},"end":{"line":313,"column":123}},"163":{"start":{"line":314,"column":31},"end":{"line":314,"column":77}},"164":{"start":{"line":314,"column":63},"end":{"line":314,"column":76}},"165":{"start":{"line":315,"column":5},"end":{"line":321,"column":6}},"166":{"start":{"line":316,"column":8},"end":{"line":318,"column":9}},"167":{"start":{"line":317,"column":11},"end":{"line":317,"column":35}},"168":{"start":{"line":320,"column":8},"end":{"line":320,"column":54}},"169":{"start":{"line":324,"column":12},"end":{"line":324,"column":77}},"170":{"start":{"line":325,"column":2},"end":{"line":325,"column":61}},"171":{"start":{"line":325,"column":22},"end":{"line":325,"column":61}},"172":{"start":{"line":327,"column":25},"end":{"line":332,"column":4}},"173":{"start":{"line":334,"column":2},"end":{"line":334,"column":53}},"174":{"start":{"line":338,"column":17},"end":{"line":338,"column":47}},"175":{"start":{"line":339,"column":2},"end":{"line":342,"column":75}},"176":{"start":{"line":340,"column":4},"end":{"line":342,"column":75}},"177":{"start":{"line":344,"column":18},"end":{"line":344,"column":55}},"178":{"start":{"line":345,"column":2},"end":{"line":350,"column":5}},"179":{"start":{"line":352,"column":2},"end":{"line":352,"column":43}},"180":{"start":{"line":356,"column":12},"end":{"line":356,"column":41}},"181":{"start":{"line":357,"column":2},"end":{"line":358,"column":66}},"182":{"start":{"line":358,"column":4},"end":{"line":358,"column":66}},"183":{"start":{"line":359,"column":17},"end":{"line":359,"column":47}},"184":{"start":{"line":360,"column":2},"end":{"line":363,"column":75}},"185":{"start":{"line":361,"column":4},"end":{"line":363,"column":75}},"186":{"start":{"line":365,"column":18},"end":{"line":367,"column":11}},"187":{"start":{"line":369,"column":2},"end":{"line":370,"column":69}},"188":{"start":{"line":370,"column":4},"end":{"line":370,"column":69}},"189":{"start":{"line":372,"column":2},"end":{"line":377,"column":5}},"190":{"start":{"line":379,"column":2},"end":{"line":379,"column":31}},"191":{"start":{"line":383,"column":12},"end":{"line":383,"column":41}},"192":{"start":{"line":384,"column":2},"end":{"line":384,"column":80}},"193":{"start":{"line":384,"column":18},"end":{"line":384,"column":80}},"194":{"start":{"line":386,"column":23},"end":{"line":389,"column":4}},"195":{"start":{"line":390,"column":2},"end":{"line":400,"column":3}},"196":{"start":{"line":391,"column":4},"end":{"line":399,"column":8}},"197":{"start":{"line":402,"column":19},"end":{"line":402,"column":47}},"198":{"start":{"line":404,"column":18},"end":{"line":410,"column":11}},"199":{"start":{"line":412,"column":2},"end":{"line":413,"column":69}},"200":{"start":{"line":413,"column":4},"end":{"line":413,"column":69}},"201":{"start":{"line":415,"column":2},"end":{"line":420,"column":5}},"202":{"start":{"line":422,"column":2},"end":{"line":422,"column":41}},"203":{"start":{"line":425,"column":22},"end":{"line":429,"column":2}},"204":{"start":{"line":430,"column":22},"end":{"line":434,"column":2}},"205":{"start":{"line":437,"column":32},"end":{"line":437,"column":48}},"206":{"start":{"line":438,"column":22},"end":{"line":438,"column":24}},"207":{"start":{"line":439,"column":2},"end":{"line":439,"column":57}},"208":{"start":{"line":439,"column":24},"end":{"line":439,"column":57}},"209":{"start":{"line":441,"column":25},"end":{"line":441,"column":79}},"210":{"start":{"line":442,"column":2},"end":{"line":442,"column":47}},"211":{"start":{"line":442,"column":23},"end":{"line":442,"column":47}},"212":{"start":{"line":444,"column":21},"end":{"line":444,"column":37}},"213":{"start":{"line":445,"column":2},"end":{"line":455,"column":3}},"214":{"start":{"line":446,"column":29},"end":{"line":446,"column":123}},"215":{"start":{"line":447,"column":26},"end":{"line":447,"column":119}},"216":{"start":{"line":447,"column":87},"end":{"line":447,"column":92}},"217":{"start":{"line":448,"column":28},"end":{"line":448,"column":71}},"218":{"start":{"line":448,"column":57},"end":{"line":448,"column":70}},"219":{"start":{"line":450,"column":5},"end":{"line":454,"column":6}},"220":{"start":{"line":451,"column":8},"end":{"line":451,"column":82}},"221":{"start":{"line":451,"column":61},"end":{"line":451,"column":82}},"222":{"start":{"line":453,"column":8},"end":{"line":453,"column":48}},"223":{"start":{"line":457,"column":12},"end":{"line":457,"column":80}},"224":{"start":{"line":458,"column":2},"end":{"line":458,"column":61}},"225":{"start":{"line":458,"column":22},"end":{"line":458,"column":61}},"226":{"start":{"line":460,"column":25},"end":{"line":465,"column":4}},"227":{"start":{"line":467,"column":2},"end":{"line":467,"column":53}},"228":{"start":{"line":471,"column":17},"end":{"line":471,"column":50}},"229":{"start":{"line":472,"column":2},"end":{"line":475,"column":75}},"230":{"start":{"line":473,"column":4},"end":{"line":475,"column":75}},"231":{"start":{"line":477,"column":18},"end":{"line":477,"column":58}},"232":{"start":{"line":478,"column":2},"end":{"line":483,"column":5}},"233":{"start":{"line":485,"column":2},"end":{"line":485,"column":43}},"234":{"start":{"line":489,"column":12},"end":{"line":489,"column":41}},"235":{"start":{"line":490,"column":2},"end":{"line":491,"column":66}},"236":{"start":{"line":491,"column":4},"end":{"line":491,"column":66}},"237":{"start":{"line":492,"column":17},"end":{"line":492,"column":50}},"238":{"start":{"line":493,"column":2},"end":{"line":496,"column":75}},"239":{"start":{"line":494,"column":4},"end":{"line":496,"column":75}},"240":{"start":{"line":498,"column":18},"end":{"line":500,"column":11}},"241":{"start":{"line":502,"column":2},"end":{"line":503,"column":72}},"242":{"start":{"line":503,"column":4},"end":{"line":503,"column":72}},"243":{"start":{"line":505,"column":2},"end":{"line":510,"column":5}},"244":{"start":{"line":512,"column":2},"end":{"line":512,"column":31}},"245":{"start":{"line":516,"column":12},"end":{"line":516,"column":41}},"246":{"start":{"line":517,"column":2},"end":{"line":517,"column":80}},"247":{"start":{"line":517,"column":18},"end":{"line":517,"column":80}},"248":{"start":{"line":519,"column":22},"end":{"line":522,"column":4}},"249":{"start":{"line":523,"column":2},"end":{"line":533,"column":3}},"250":{"start":{"line":524,"column":4},"end":{"line":532,"column":8}},"251":{"start":{"line":535,"column":19},"end":{"line":535,"column":47}},"252":{"start":{"line":537,"column":18},"end":{"line":543,"column":11}},"253":{"start":{"line":545,"column":2},"end":{"line":546,"column":72}},"254":{"start":{"line":546,"column":4},"end":{"line":546,"column":72}},"255":{"start":{"line":548,"column":2},"end":{"line":553,"column":5}},"256":{"start":{"line":555,"column":2},"end":{"line":555,"column":41}},"257":{"start":{"line":558,"column":21},"end":{"line":567,"column":2}},"258":{"start":{"line":568,"column":21},"end":{"line":572,"column":4}},"259":{"start":{"line":575,"column":32},"end":{"line":575,"column":48}},"260":{"start":{"line":576,"column":22},"end":{"line":576,"column":24}},"261":{"start":{"line":577,"column":2},"end":{"line":577,"column":66}},"262":{"start":{"line":577,"column":27},"end":{"line":577,"column":66}},"263":{"start":{"line":578,"column":2},"end":{"line":579,"column":54}},"264":{"start":{"line":579,"column":4},"end":{"line":579,"column":54}},"265":{"start":{"line":581,"column":25},"end":{"line":581,"column":79}},"266":{"start":{"line":582,"column":2},"end":{"line":582,"column":47}},"267":{"start":{"line":582,"column":23},"end":{"line":582,"column":47}},"268":{"start":{"line":584,"column":21},"end":{"line":584,"column":37}},"269":{"start":{"line":585,"column":2},"end":{"line":596,"column":3}},"270":{"start":{"line":586,"column":29},"end":{"line":586,"column":123}},"271":{"start":{"line":587,"column":26},"end":{"line":587,"column":119}},"272":{"start":{"line":587,"column":87},"end":{"line":587,"column":92}},"273":{"start":{"line":588,"column":29},"end":{"line":588,"column":119}},"274":{"start":{"line":588,"column":87},"end":{"line":588,"column":92}},"275":{"start":{"line":589,"column":31},"end":{"line":589,"column":77}},"276":{"start":{"line":589,"column":63},"end":{"line":589,"column":76}},"277":{"start":{"line":591,"column":5},"end":{"line":595,"column":6}},"278":{"start":{"line":592,"column":8},"end":{"line":592,"column":91}},"279":{"start":{"line":592,"column":67},"end":{"line":592,"column":91}},"280":{"start":{"line":594,"column":8},"end":{"line":594,"column":54}},"281":{"start":{"line":598,"column":12},"end":{"line":598,"column":79}},"282":{"start":{"line":599,"column":2},"end":{"line":599,"column":61}},"283":{"start":{"line":599,"column":22},"end":{"line":599,"column":61}},"284":{"start":{"line":601,"column":25},"end":{"line":606,"column":4}},"285":{"start":{"line":608,"column":2},"end":{"line":608,"column":53}},"286":{"start":{"line":612,"column":17},"end":{"line":612,"column":49}},"287":{"start":{"line":613,"column":2},"end":{"line":616,"column":75}},"288":{"start":{"line":614,"column":4},"end":{"line":616,"column":75}},"289":{"start":{"line":618,"column":18},"end":{"line":618,"column":57}},"290":{"start":{"line":619,"column":2},"end":{"line":624,"column":5}},"291":{"start":{"line":626,"column":2},"end":{"line":626,"column":43}},"292":{"start":{"line":630,"column":12},"end":{"line":630,"column":41}},"293":{"start":{"line":631,"column":2},"end":{"line":632,"column":66}},"294":{"start":{"line":632,"column":4},"end":{"line":632,"column":66}},"295":{"start":{"line":634,"column":17},"end":{"line":634,"column":49}},"296":{"start":{"line":635,"column":2},"end":{"line":638,"column":75}},"297":{"start":{"line":636,"column":4},"end":{"line":638,"column":75}},"298":{"start":{"line":640,"column":18},"end":{"line":642,"column":11}},"299":{"start":{"line":644,"column":2},"end":{"line":645,"column":71}},"300":{"start":{"line":645,"column":4},"end":{"line":645,"column":71}},"301":{"start":{"line":647,"column":2},"end":{"line":652,"column":5}},"302":{"start":{"line":654,"column":2},"end":{"line":654,"column":31}},"303":{"start":{"line":658,"column":12},"end":{"line":658,"column":41}},"304":{"start":{"line":659,"column":2},"end":{"line":659,"column":80}},"305":{"start":{"line":659,"column":18},"end":{"line":659,"column":80}},"306":{"start":{"line":661,"column":36},"end":{"line":664,"column":4}},"307":{"start":{"line":666,"column":2},"end":{"line":673,"column":3}},"308":{"start":{"line":667,"column":4},"end":{"line":672,"column":6}},"309":{"start":{"line":675,"column":19},"end":{"line":675,"column":47}},"310":{"start":{"line":677,"column":18},"end":{"line":683,"column":11}},"311":{"start":{"line":685,"column":2},"end":{"line":686,"column":71}},"312":{"start":{"line":686,"column":4},"end":{"line":686,"column":71}},"313":{"start":{"line":688,"column":2},"end":{"line":693,"column":5}},"314":{"start":{"line":695,"column":2},"end":{"line":695,"column":41}},"315":{"start":{"line":698,"column":23},"end":{"line":704,"column":2}},"316":{"start":{"line":706,"column":32},"end":{"line":712,"column":2}},"317":{"start":{"line":715,"column":19},"end":{"line":715,"column":51}},"318":{"start":{"line":716,"column":2},"end":{"line":717,"column":76}},"319":{"start":{"line":717,"column":4},"end":{"line":717,"column":76}},"320":{"start":{"line":719,"column":21},"end":{"line":719,"column":37}},"321":{"start":{"line":720,"column":2},"end":{"line":731,"column":3}},"322":{"start":{"line":721,"column":20},"end":{"line":721,"column":58}},"323":{"start":{"line":722,"column":5},"end":{"line":722,"column":85}},"324":{"start":{"line":722,"column":18},"end":{"line":722,"column":85}},"325":{"start":{"line":724,"column":21},"end":{"line":724,"column":68}},"326":{"start":{"line":725,"column":18},"end":{"line":725,"column":61}},"327":{"start":{"line":726,"column":21},"end":{"line":726,"column":67}},"328":{"start":{"line":728,"column":5},"end":{"line":730,"column":6}},"329":{"start":{"line":728,"column":56},"end":{"line":728,"column":66}},"330":{"start":{"line":729,"column":8},"end":{"line":729,"column":112}},"331":{"start":{"line":733,"column":15},"end":{"line":733,"column":76}},"332":{"start":{"line":734,"column":2},"end":{"line":734,"column":82}},"333":{"start":{"line":734,"column":13},"end":{"line":734,"column":82}},"334":{"start":{"line":735,"column":2},"end":{"line":735,"column":28}},"335":{"start":{"line":739,"column":17},"end":{"line":739,"column":60}},"336":{"start":{"line":740,"column":2},"end":{"line":743,"column":75}},"337":{"start":{"line":741,"column":4},"end":{"line":743,"column":75}},"338":{"start":{"line":745,"column":65},"end":{"line":745,"column":76}},"339":{"start":{"line":747,"column":21},"end":{"line":747,"column":37}},"340":{"start":{"line":748,"column":2},"end":{"line":759,"column":3}},"341":{"start":{"line":749,"column":20},"end":{"line":749,"column":58}},"342":{"start":{"line":750,"column":5},"end":{"line":750,"column":85}},"343":{"start":{"line":750,"column":18},"end":{"line":750,"column":85}},"344":{"start":{"line":752,"column":21},"end":{"line":752,"column":68}},"345":{"start":{"line":753,"column":18},"end":{"line":753,"column":61}},"346":{"start":{"line":754,"column":21},"end":{"line":754,"column":67}},"347":{"start":{"line":756,"column":5},"end":{"line":758,"column":6}},"348":{"start":{"line":756,"column":56},"end":{"line":756,"column":66}},"349":{"start":{"line":757,"column":8},"end":{"line":757,"column":112}},"350":{"start":{"line":761,"column":17},"end":{"line":761,"column":78}},"351":{"start":{"line":762,"column":22},"end":{"line":762,"column":60}},"352":{"start":{"line":764,"column":2},"end":{"line":770,"column":3}},"353":{"start":{"line":765,"column":4},"end":{"line":769,"column":5}},"354":{"start":{"line":766,"column":6},"end":{"line":768,"column":79}},"355":{"start":{"line":772,"column":18},"end":{"line":779,"column":4}},"356":{"start":{"line":781,"column":2},"end":{"line":793,"column":5}},"357":{"start":{"line":795,"column":2},"end":{"line":795,"column":43}},"358":{"start":{"line":798,"column":27},"end":{"line":798,"column":63}},"359":{"start":{"line":801,"column":12},"end":{"line":801,"column":41}},"360":{"start":{"line":802,"column":2},"end":{"line":803,"column":66}},"361":{"start":{"line":803,"column":4},"end":{"line":803,"column":66}},"362":{"start":{"line":804,"column":17},"end":{"line":804,"column":55}},"363":{"start":{"line":805,"column":2},"end":{"line":808,"column":75}},"364":{"start":{"line":806,"column":4},"end":{"line":808,"column":75}},"365":{"start":{"line":810,"column":18},"end":{"line":810,"column":48}},"366":{"start":{"line":811,"column":2},"end":{"line":811,"column":81}},"367":{"start":{"line":811,"column":16},"end":{"line":811,"column":81}},"368":{"start":{"line":813,"column":21},"end":{"line":813,"column":37}},"369":{"start":{"line":814,"column":2},"end":{"line":823,"column":3}},"370":{"start":{"line":815,"column":20},"end":{"line":815,"column":66}},"371":{"start":{"line":816,"column":21},"end":{"line":816,"column":69}},"372":{"start":{"line":817,"column":18},"end":{"line":817,"column":61}},"373":{"start":{"line":818,"column":21},"end":{"line":818,"column":67}},"374":{"start":{"line":820,"column":5},"end":{"line":822,"column":6}},"375":{"start":{"line":820,"column":56},"end":{"line":820,"column":66}},"376":{"start":{"line":821,"column":8},"end":{"line":821,"column":72}},"377":{"start":{"line":825,"column":2},"end":{"line":825,"column":44}},"378":{"start":{"line":826,"column":2},"end":{"line":826,"column":32}},"379":{"start":{"line":828,"column":2},"end":{"line":833,"column":5}},"380":{"start":{"line":835,"column":2},"end":{"line":835,"column":31}},"381":{"start":{"line":839,"column":12},"end":{"line":839,"column":41}},"382":{"start":{"line":840,"column":2},"end":{"line":841,"column":66}},"383":{"start":{"line":841,"column":4},"end":{"line":841,"column":66}},"384":{"start":{"line":843,"column":15},"end":{"line":843,"column":45}},"385":{"start":{"line":844,"column":2},"end":{"line":844,"column":78}},"386":{"start":{"line":844,"column":13},"end":{"line":844,"column":78}},"387":{"start":{"line":846,"column":21},"end":{"line":846,"column":37}},"388":{"start":{"line":847,"column":2},"end":{"line":856,"column":3}},"389":{"start":{"line":848,"column":20},"end":{"line":848,"column":63}},"390":{"start":{"line":849,"column":21},"end":{"line":849,"column":69}},"391":{"start":{"line":850,"column":18},"end":{"line":850,"column":61}},"392":{"start":{"line":851,"column":21},"end":{"line":851,"column":67}},"393":{"start":{"line":853,"column":5},"end":{"line":855,"column":6}},"394":{"start":{"line":853,"column":56},"end":{"line":853,"column":66}},"395":{"start":{"line":854,"column":8},"end":{"line":854,"column":72}},"396":{"start":{"line":858,"column":18},"end":{"line":858,"column":47}},"397":{"start":{"line":859,"column":2},"end":{"line":886,"column":3}},"398":{"start":{"line":860,"column":4},"end":{"line":872,"column":7}},"399":{"start":{"line":861,"column":6},"end":{"line":865,"column":8}},"400":{"start":{"line":867,"column":6},"end":{"line":871,"column":8}},"401":{"start":{"line":874,"column":20},"end":{"line":874,"column":56}},"402":{"start":{"line":876,"column":4},"end":{"line":881,"column":7}},"403":{"start":{"line":883,"column":4},"end":{"line":883,"column":33}},"404":{"start":{"line":885,"column":4},"end":{"line":885,"column":25}},"405":{"start":{"line":890,"column":12},"end":{"line":890,"column":41}},"406":{"start":{"line":891,"column":2},"end":{"line":891,"column":80}},"407":{"start":{"line":891,"column":18},"end":{"line":891,"column":80}},"408":{"start":{"line":893,"column":18},"end":{"line":899,"column":11}},"409":{"start":{"line":901,"column":2},"end":{"line":901,"column":85}},"410":{"start":{"line":901,"column":16},"end":{"line":901,"column":85}},"411":{"start":{"line":903,"column":2},"end":{"line":908,"column":5}},"412":{"start":{"line":910,"column":2},"end":{"line":910,"column":31}},"413":{"start":{"line":914,"column":12},"end":{"line":914,"column":41}},"414":{"start":{"line":915,"column":2},"end":{"line":915,"column":80}},"415":{"start":{"line":915,"column":18},"end":{"line":915,"column":80}},"416":{"start":{"line":917,"column":18},"end":{"line":923,"column":11}},"417":{"start":{"line":925,"column":2},"end":{"line":925,"column":84}},"418":{"start":{"line":925,"column":16},"end":{"line":925,"column":84}},"419":{"start":{"line":927,"column":2},"end":{"line":932,"column":5}},"420":{"start":{"line":934,"column":2},"end":{"line":934,"column":31}},"421":{"start":{"line":938,"column":12},"end":{"line":938,"column":41}},"422":{"start":{"line":939,"column":2},"end":{"line":939,"column":80}},"423":{"start":{"line":939,"column":18},"end":{"line":939,"column":80}},"424":{"start":{"line":941,"column":18},"end":{"line":947,"column":11}},"425":{"start":{"line":949,"column":2},"end":{"line":949,"column":81}},"426":{"start":{"line":949,"column":16},"end":{"line":949,"column":81}},"427":{"start":{"line":951,"column":2},"end":{"line":956,"column":5}},"428":{"start":{"line":958,"column":2},"end":{"line":958,"column":31}},"429":{"start":{"line":962,"column":12},"end":{"line":962,"column":41}},"430":{"start":{"line":963,"column":2},"end":{"line":963,"column":80}},"431":{"start":{"line":963,"column":18},"end":{"line":963,"column":80}},"432":{"start":{"line":965,"column":18},"end":{"line":971,"column":11}},"433":{"start":{"line":973,"column":2},"end":{"line":973,"column":84}},"434":{"start":{"line":973,"column":16},"end":{"line":973,"column":84}},"435":{"start":{"line":975,"column":2},"end":{"line":980,"column":5}},"436":{"start":{"line":982,"column":2},"end":{"line":982,"column":31}},"437":{"start":{"line":986,"column":12},"end":{"line":986,"column":41}},"438":{"start":{"line":987,"column":2},"end":{"line":987,"column":80}},"439":{"start":{"line":987,"column":18},"end":{"line":987,"column":80}},"440":{"start":{"line":989,"column":18},"end":{"line":995,"column":11}},"441":{"start":{"line":997,"column":2},"end":{"line":997,"column":83}},"442":{"start":{"line":997,"column":16},"end":{"line":997,"column":83}},"443":{"start":{"line":999,"column":2},"end":{"line":1004,"column":5}},"444":{"start":{"line":1006,"column":2},"end":{"line":1006,"column":31}},"445":{"start":{"line":1010,"column":12},"end":{"line":1010,"column":41}},"446":{"start":{"line":1011,"column":2},"end":{"line":1011,"column":80}},"447":{"start":{"line":1011,"column":18},"end":{"line":1011,"column":80}},"448":{"start":{"line":1013,"column":18},"end":{"line":1019,"column":11}},"449":{"start":{"line":1021,"column":2},"end":{"line":1021,"column":81}},"450":{"start":{"line":1021,"column":16},"end":{"line":1021,"column":81}},"451":{"start":{"line":1023,"column":2},"end":{"line":1028,"column":5}},"452":{"start":{"line":1030,"column":2},"end":{"line":1030,"column":31}},"453":{"start":{"line":1033,"column":25},"end":{"line":1036,"column":2}},"454":{"start":{"line":1039,"column":32},"end":{"line":1039,"column":48}},"455":{"start":{"line":1040,"column":17},"end":{"line":1040,"column":54}},"456":{"start":{"line":1042,"column":2},"end":{"line":1044,"column":3}},"457":{"start":{"line":1043,"column":4},"end":{"line":1043,"column":76}},"458":{"start":{"line":1046,"column":22},"end":{"line":1046,"column":24}},"459":{"start":{"line":1048,"column":2},"end":{"line":1050,"column":3}},"460":{"start":{"line":1049,"column":4},"end":{"line":1049,"column":39}},"461":{"start":{"line":1052,"column":2},"end":{"line":1054,"column":3}},"462":{"start":{"line":1053,"column":4},"end":{"line":1053,"column":39}},"463":{"start":{"line":1056,"column":21},"end":{"line":1056,"column":37}},"464":{"start":{"line":1057,"column":2},"end":{"line":1071,"column":3}},"465":{"start":{"line":1058,"column":31},"end":{"line":1058,"column":88}},"466":{"start":{"line":1058,"column":77},"end":{"line":1058,"column":87}},"467":{"start":{"line":1060,"column":29},"end":{"line":1060,"column":118}},"468":{"start":{"line":1061,"column":20},"end":{"line":1061,"column":52}},"469":{"start":{"line":1061,"column":46},"end":{"line":1061,"column":51}},"470":{"start":{"line":1063,"column":32},"end":{"line":1063,"column":116}},"471":{"start":{"line":1064,"column":23},"end":{"line":1064,"column":58}},"472":{"start":{"line":1064,"column":52},"end":{"line":1064,"column":57}},"473":{"start":{"line":1066,"column":4},"end":{"line":1070,"column":6}},"474":{"start":{"line":1073,"column":25},"end":{"line":1080,"column":4}},"475":{"start":{"line":1082,"column":2},"end":{"line":1082,"column":53}}},"fnMap":{"0":{"name":"parsePaging","decl":{"start":{"line":18,"column":9},"end":{"line":18,"column":20}},"loc":{"start":{"line":18,"column":33},"end":{"line":23,"column":1}}},"1":{"name":"jobsStatus","decl":{"start":{"line":39,"column":22},"end":{"line":39,"column":32}},"loc":{"start":{"line":39,"column":51},"end":{"line":47,"column":1}}},"2":{"name":"listStandards","decl":{"start":{"line":49,"column":22},"end":{"line":49,"column":35}},"loc":{"start":{"line":49,"column":63},"end":{"line":72,"column":1}}},"3":{"name":"createStandard","decl":{"start":{"line":74,"column":22},"end":{"line":74,"column":36}},"loc":{"start":{"line":74,"column":64},"end":{"line":90,"column":1}}},"4":{"name":"updateStandard","decl":{"start":{"line":92,"column":22},"end":{"line":92,"column":36}},"loc":{"start":{"line":92,"column":64},"end":{"line":117,"column":1}}},"5":{"name":"deleteStandard","decl":{"start":{"line":119,"column":22},"end":{"line":119,"column":36}},"loc":{"start":{"line":119,"column":64},"end":{"line":160,"column":1}}},"6":{"name":"listSubjects","decl":{"start":{"line":173,"column":22},"end":{"line":173,"column":34}},"loc":{"start":{"line":173,"column":62},"end":{"line":202,"column":1}}},"7":{"name":"(anonymous_8)","decl":{"start":{"line":184,"column":59},"end":{"line":184,"column":60}},"loc":{"start":{"line":184,"column":72},"end":{"line":184,"column":112}}},"8":{"name":"createSubject","decl":{"start":{"line":204,"column":22},"end":{"line":204,"column":35}},"loc":{"start":{"line":204,"column":63},"end":{"line":220,"column":1}}},"9":{"name":"updateSubject","decl":{"start":{"line":222,"column":22},"end":{"line":222,"column":35}},"loc":{"start":{"line":222,"column":63},"end":{"line":247,"column":1}}},"10":{"name":"deleteSubject","decl":{"start":{"line":249,"column":22},"end":{"line":249,"column":35}},"loc":{"start":{"line":249,"column":63},"end":{"line":290,"column":1}}},"11":{"name":"listUnits","decl":{"start":{"line":303,"column":22},"end":{"line":303,"column":31}},"loc":{"start":{"line":303,"column":59},"end":{"line":335,"column":1}}},"12":{"name":"(anonymous_13)","decl":{"start":{"line":314,"column":51},"end":{"line":314,"column":52}},"loc":{"start":{"line":314,"column":63},"end":{"line":314,"column":76}}},"13":{"name":"createUnit","decl":{"start":{"line":337,"column":22},"end":{"line":337,"column":32}},"loc":{"start":{"line":337,"column":60},"end":{"line":353,"column":1}}},"14":{"name":"updateUnit","decl":{"start":{"line":355,"column":22},"end":{"line":355,"column":32}},"loc":{"start":{"line":355,"column":60},"end":{"line":380,"column":1}}},"15":{"name":"deleteUnit","decl":{"start":{"line":382,"column":22},"end":{"line":382,"column":32}},"loc":{"start":{"line":382,"column":60},"end":{"line":423,"column":1}}},"16":{"name":"listChapters","decl":{"start":{"line":436,"column":22},"end":{"line":436,"column":34}},"loc":{"start":{"line":436,"column":62},"end":{"line":468,"column":1}}},"17":{"name":"(anonymous_18)","decl":{"start":{"line":447,"column":82},"end":{"line":447,"column":83}},"loc":{"start":{"line":447,"column":87},"end":{"line":447,"column":92}}},"18":{"name":"(anonymous_19)","decl":{"start":{"line":448,"column":45},"end":{"line":448,"column":46}},"loc":{"start":{"line":448,"column":57},"end":{"line":448,"column":70}}},"19":{"name":"createChapter","decl":{"start":{"line":470,"column":22},"end":{"line":470,"column":35}},"loc":{"start":{"line":470,"column":63},"end":{"line":486,"column":1}}},"20":{"name":"updateChapter","decl":{"start":{"line":488,"column":22},"end":{"line":488,"column":35}},"loc":{"start":{"line":488,"column":63},"end":{"line":513,"column":1}}},"21":{"name":"deleteChapter","decl":{"start":{"line":515,"column":22},"end":{"line":515,"column":35}},"loc":{"start":{"line":515,"column":63},"end":{"line":556,"column":1}}},"22":{"name":"listLessons","decl":{"start":{"line":574,"column":22},"end":{"line":574,"column":33}},"loc":{"start":{"line":574,"column":61},"end":{"line":609,"column":1}}},"23":{"name":"(anonymous_24)","decl":{"start":{"line":587,"column":82},"end":{"line":587,"column":83}},"loc":{"start":{"line":587,"column":87},"end":{"line":587,"column":92}}},"24":{"name":"(anonymous_25)","decl":{"start":{"line":588,"column":82},"end":{"line":588,"column":83}},"loc":{"start":{"line":588,"column":87},"end":{"line":588,"column":92}}},"25":{"name":"(anonymous_26)","decl":{"start":{"line":589,"column":51},"end":{"line":589,"column":52}},"loc":{"start":{"line":589,"column":63},"end":{"line":589,"column":76}}},"26":{"name":"createLesson","decl":{"start":{"line":611,"column":22},"end":{"line":611,"column":34}},"loc":{"start":{"line":611,"column":62},"end":{"line":627,"column":1}}},"27":{"name":"updateLesson","decl":{"start":{"line":629,"column":22},"end":{"line":629,"column":34}},"loc":{"start":{"line":629,"column":62},"end":{"line":655,"column":1}}},"28":{"name":"deleteLesson","decl":{"start":{"line":657,"column":22},"end":{"line":657,"column":34}},"loc":{"start":{"line":657,"column":62},"end":{"line":696,"column":1}}},"29":{"name":"getLatestQuizForLesson","decl":{"start":{"line":714,"column":22},"end":{"line":714,"column":44}},"loc":{"start":{"line":714,"column":72},"end":{"line":736,"column":1}}},"30":{"name":"(anonymous_31)","decl":{"start":{"line":728,"column":43},"end":{"line":728,"column":44}},"loc":{"start":{"line":728,"column":56},"end":{"line":728,"column":66}}},"31":{"name":"createQuizVersion","decl":{"start":{"line":738,"column":22},"end":{"line":738,"column":39}},"loc":{"start":{"line":738,"column":67},"end":{"line":796,"column":1}}},"32":{"name":"(anonymous_33)","decl":{"start":{"line":756,"column":43},"end":{"line":756,"column":44}},"loc":{"start":{"line":756,"column":56},"end":{"line":756,"column":66}}},"33":{"name":"setQuizPublished","decl":{"start":{"line":800,"column":22},"end":{"line":800,"column":38}},"loc":{"start":{"line":800,"column":66},"end":{"line":836,"column":1}}},"34":{"name":"(anonymous_35)","decl":{"start":{"line":820,"column":43},"end":{"line":820,"column":44}},"loc":{"start":{"line":820,"column":56},"end":{"line":820,"column":66}}},"35":{"name":"publishQuizExclusive","decl":{"start":{"line":838,"column":22},"end":{"line":838,"column":42}},"loc":{"start":{"line":838,"column":70},"end":{"line":887,"column":1}}},"36":{"name":"(anonymous_37)","decl":{"start":{"line":853,"column":43},"end":{"line":853,"column":44}},"loc":{"start":{"line":853,"column":56},"end":{"line":853,"column":66}}},"37":{"name":"(anonymous_38)","decl":{"start":{"line":860,"column":34},"end":{"line":860,"column":39}},"loc":{"start":{"line":860,"column":45},"end":{"line":872,"column":5}}},"38":{"name":"restoreStandard","decl":{"start":{"line":889,"column":22},"end":{"line":889,"column":37}},"loc":{"start":{"line":889,"column":65},"end":{"line":911,"column":1}}},"39":{"name":"restoreSubject","decl":{"start":{"line":913,"column":22},"end":{"line":913,"column":36}},"loc":{"start":{"line":913,"column":64},"end":{"line":935,"column":1}}},"40":{"name":"restoreUnit","decl":{"start":{"line":937,"column":22},"end":{"line":937,"column":33}},"loc":{"start":{"line":937,"column":61},"end":{"line":959,"column":1}}},"41":{"name":"restoreChapter","decl":{"start":{"line":961,"column":22},"end":{"line":961,"column":36}},"loc":{"start":{"line":961,"column":64},"end":{"line":983,"column":1}}},"42":{"name":"restoreLesson","decl":{"start":{"line":985,"column":22},"end":{"line":985,"column":35}},"loc":{"start":{"line":985,"column":63},"end":{"line":1007,"column":1}}},"43":{"name":"restoreQuiz","decl":{"start":{"line":1009,"column":22},"end":{"line":1009,"column":33}},"loc":{"start":{"line":1009,"column":61},"end":{"line":1031,"column":1}}},"44":{"name":"listAdminAuditLogs","decl":{"start":{"line":1038,"column":22},"end":{"line":1038,"column":40}},"loc":{"start":{"line":1038,"column":68},"end":{"line":1083,"column":1}}},"45":{"name":"(anonymous_46)","decl":{"start":{"line":1058,"column":64},"end":{"line":1058,"column":65}},"loc":{"start":{"line":1058,"column":77},"end":{"line":1058,"column":87}}},"46":{"name":"(anonymous_47)","decl":{"start":{"line":1061,"column":41},"end":{"line":1061,"column":42}},"loc":{"start":{"line":1061,"column":46},"end":{"line":1061,"column":51}}},"47":{"name":"(anonymous_48)","decl":{"start":{"line":1064,"column":47},"end":{"line":1064,"column":48}},"loc":{"start":{"line":1064,"column":52},"end":{"line":1064,"column":57}}}},"branchMap":{"0":{"loc":{"start":{"line":19,"column":34},"end":{"line":19,"column":53}},"type":"binary-expr","locations":[{"start":{"line":19,"column":34},"end":{"line":19,"column":48}},{"start":{"line":19,"column":52},"end":{"line":19,"column":53}}]},"1":{"loc":{"start":{"line":20,"column":49},"end":{"line":20,"column":70}},"type":"binary-expr","locations":[{"start":{"line":20,"column":49},"end":{"line":20,"column":64}},{"start":{"line":20,"column":68},"end":{"line":20,"column":70}}]},"2":{"loc":{"start":{"line":53,"column":32},"end":{"line":53,"column":67}},"type":"binary-expr","locations":[{"start":{"line":53,"column":32},"end":{"line":53,"column":56}},{"start":{"line":53,"column":60},"end":{"line":53,"column":67}}]},"3":{"loc":{"start":{"line":54,"column":2},"end":{"line":54,"column":47}},"type":"if","locations":[{"start":{"line":54,"column":2},"end":{"line":54,"column":47}},{"start":{},"end":{}}]},"4":{"loc":{"start":{"line":57,"column":2},"end":{"line":59,"column":3}},"type":"if","locations":[{"start":{"line":57,"column":2},"end":{"line":59,"column":3}},{"start":{},"end":{}}]},"5":{"loc":{"start":{"line":57,"column":6},"end":{"line":57,"column":72}},"type":"binary-expr","locations":[{"start":{"line":57,"column":6},"end":{"line":57,"column":40}},{"start":{"line":57,"column":44},"end":{"line":57,"column":72}}]},"6":{"loc":{"start":{"line":62,"column":2},"end":{"line":62,"column":61}},"type":"if","locations":[{"start":{"line":62,"column":2},"end":{"line":62,"column":61}},{"start":{},"end":{}}]},"7":{"loc":{"start":{"line":66,"column":4},"end":{"line":68,"column":39}},"type":"cond-expr","locations":[{"start":{"line":67,"column":8},"end":{"line":67,"column":76}},{"start":{"line":68,"column":8},"end":{"line":68,"column":39}}]},"8":{"loc":{"start":{"line":76,"column":2},"end":{"line":79,"column":75}},"type":"if","locations":[{"start":{"line":76,"column":2},"end":{"line":79,"column":75}},{"start":{},"end":{}}]},"9":{"loc":{"start":{"line":94,"column":2},"end":{"line":95,"column":66}},"type":"if","locations":[{"start":{"line":94,"column":2},"end":{"line":95,"column":66}},{"start":{},"end":{}}]},"10":{"loc":{"start":{"line":97,"column":2},"end":{"line":100,"column":75}},"type":"if","locations":[{"start":{"line":97,"column":2},"end":{"line":100,"column":75}},{"start":{},"end":{}}]},"11":{"loc":{"start":{"line":106,"column":2},"end":{"line":107,"column":73}},"type":"if","locations":[{"start":{"line":106,"column":2},"end":{"line":107,"column":73}},{"start":{},"end":{}}]},"12":{"loc":{"start":{"line":121,"column":2},"end":{"line":121,"column":80}},"type":"if","locations":[{"start":{"line":121,"column":2},"end":{"line":121,"column":80}},{"start":{},"end":{}}]},"13":{"loc":{"start":{"line":127,"column":2},"end":{"line":137,"column":3}},"type":"if","locations":[{"start":{"line":127,"column":2},"end":{"line":137,"column":3}},{"start":{},"end":{}}]},"14":{"loc":{"start":{"line":139,"column":19},"end":{"line":139,"column":47}},"type":"binary-expr","locations":[{"start":{"line":139,"column":19},"end":{"line":139,"column":39}},{"start":{"line":139,"column":43},"end":{"line":139,"column":47}}]},"15":{"loc":{"start":{"line":149,"column":2},"end":{"line":150,"column":73}},"type":"if","locations":[{"start":{"line":149,"column":2},"end":{"line":150,"column":73}},{"start":{},"end":{}}]},"16":{"loc":{"start":{"line":176,"column":2},"end":{"line":176,"column":69}},"type":"if","locations":[{"start":{"line":176,"column":2},"end":{"line":176,"column":69}},{"start":{},"end":{}}]},"17":{"loc":{"start":{"line":178,"column":32},"end":{"line":178,"column":67}},"type":"binary-expr","locations":[{"start":{"line":178,"column":32},"end":{"line":178,"column":56}},{"start":{"line":178,"column":60},"end":{"line":178,"column":67}}]},"18":{"loc":{"start":{"line":179,"column":2},"end":{"line":179,"column":47}},"type":"if","locations":[{"start":{"line":179,"column":2},"end":{"line":179,"column":47}},{"start":{},"end":{}}]},"19":{"loc":{"start":{"line":182,"column":2},"end":{"line":189,"column":3}},"type":"if","locations":[{"start":{"line":182,"column":2},"end":{"line":189,"column":3}},{"start":{},"end":{}}]},"20":{"loc":{"start":{"line":182,"column":6},"end":{"line":182,"column":72}},"type":"binary-expr","locations":[{"start":{"line":182,"column":6},"end":{"line":182,"column":40}},{"start":{"line":182,"column":44},"end":{"line":182,"column":72}}]},"21":{"loc":{"start":{"line":183,"column":4},"end":{"line":188,"column":5}},"type":"if","locations":[{"start":{"line":183,"column":4},"end":{"line":188,"column":5}},{"start":{"line":186,"column":11},"end":{"line":188,"column":5}}]},"22":{"loc":{"start":{"line":185,"column":7},"end":{"line":185,"column":48}},"type":"if","locations":[{"start":{"line":185,"column":7},"end":{"line":185,"column":48}},{"start":{},"end":{}}]},"23":{"loc":{"start":{"line":192,"column":2},"end":{"line":192,"column":61}},"type":"if","locations":[{"start":{"line":192,"column":2},"end":{"line":192,"column":61}},{"start":{},"end":{}}]},"24":{"loc":{"start":{"line":196,"column":4},"end":{"line":198,"column":38}},"type":"cond-expr","locations":[{"start":{"line":197,"column":8},"end":{"line":197,"column":75}},{"start":{"line":198,"column":8},"end":{"line":198,"column":38}}]},"25":{"loc":{"start":{"line":206,"column":2},"end":{"line":209,"column":75}},"type":"if","locations":[{"start":{"line":206,"column":2},"end":{"line":209,"column":75}},{"start":{},"end":{}}]},"26":{"loc":{"start":{"line":224,"column":2},"end":{"line":225,"column":66}},"type":"if","locations":[{"start":{"line":224,"column":2},"end":{"line":225,"column":66}},{"start":{},"end":{}}]},"27":{"loc":{"start":{"line":227,"column":2},"end":{"line":230,"column":75}},"type":"if","locations":[{"start":{"line":227,"column":2},"end":{"line":230,"column":75}},{"start":{},"end":{}}]},"28":{"loc":{"start":{"line":236,"column":2},"end":{"line":237,"column":72}},"type":"if","locations":[{"start":{"line":236,"column":2},"end":{"line":237,"column":72}},{"start":{},"end":{}}]},"29":{"loc":{"start":{"line":251,"column":2},"end":{"line":251,"column":80}},"type":"if","locations":[{"start":{"line":251,"column":2},"end":{"line":251,"column":80}},{"start":{},"end":{}}]},"30":{"loc":{"start":{"line":257,"column":2},"end":{"line":267,"column":3}},"type":"if","locations":[{"start":{"line":257,"column":2},"end":{"line":267,"column":3}},{"start":{},"end":{}}]},"31":{"loc":{"start":{"line":269,"column":19},"end":{"line":269,"column":47}},"type":"binary-expr","locations":[{"start":{"line":269,"column":19},"end":{"line":269,"column":39}},{"start":{"line":269,"column":43},"end":{"line":269,"column":47}}]},"32":{"loc":{"start":{"line":279,"column":2},"end":{"line":280,"column":72}},"type":"if","locations":[{"start":{"line":279,"column":2},"end":{"line":280,"column":72}},{"start":{},"end":{}}]},"33":{"loc":{"start":{"line":306,"column":2},"end":{"line":306,"column":66}},"type":"if","locations":[{"start":{"line":306,"column":2},"end":{"line":306,"column":66}},{"start":{},"end":{}}]},"34":{"loc":{"start":{"line":308,"column":32},"end":{"line":308,"column":67}},"type":"binary-expr","locations":[{"start":{"line":308,"column":32},"end":{"line":308,"column":56}},{"start":{"line":308,"column":60},"end":{"line":308,"column":67}}]},"35":{"loc":{"start":{"line":309,"column":2},"end":{"line":309,"column":47}},"type":"if","locations":[{"start":{"line":309,"column":2},"end":{"line":309,"column":47}},{"start":{},"end":{}}]},"36":{"loc":{"start":{"line":312,"column":2},"end":{"line":322,"column":3}},"type":"if","locations":[{"start":{"line":312,"column":2},"end":{"line":322,"column":3}},{"start":{},"end":{}}]},"37":{"loc":{"start":{"line":312,"column":6},"end":{"line":312,"column":72}},"type":"binary-expr","locations":[{"start":{"line":312,"column":6},"end":{"line":312,"column":40}},{"start":{"line":312,"column":44},"end":{"line":312,"column":72}}]},"38":{"loc":{"start":{"line":315,"column":5},"end":{"line":321,"column":6}},"type":"if","locations":[{"start":{"line":315,"column":5},"end":{"line":321,"column":6}},{"start":{"line":319,"column":12},"end":{"line":321,"column":6}}]},"39":{"loc":{"start":{"line":316,"column":8},"end":{"line":318,"column":9}},"type":"if","locations":[{"start":{"line":316,"column":8},"end":{"line":318,"column":9}},{"start":{},"end":{}}]},"40":{"loc":{"start":{"line":325,"column":2},"end":{"line":325,"column":61}},"type":"if","locations":[{"start":{"line":325,"column":2},"end":{"line":325,"column":61}},{"start":{},"end":{}}]},"41":{"loc":{"start":{"line":329,"column":4},"end":{"line":331,"column":35}},"type":"cond-expr","locations":[{"start":{"line":330,"column":8},"end":{"line":330,"column":72}},{"start":{"line":331,"column":8},"end":{"line":331,"column":35}}]},"42":{"loc":{"start":{"line":339,"column":2},"end":{"line":342,"column":75}},"type":"if","locations":[{"start":{"line":339,"column":2},"end":{"line":342,"column":75}},{"start":{},"end":{}}]},"43":{"loc":{"start":{"line":357,"column":2},"end":{"line":358,"column":66}},"type":"if","locations":[{"start":{"line":357,"column":2},"end":{"line":358,"column":66}},{"start":{},"end":{}}]},"44":{"loc":{"start":{"line":360,"column":2},"end":{"line":363,"column":75}},"type":"if","locations":[{"start":{"line":360,"column":2},"end":{"line":363,"column":75}},{"start":{},"end":{}}]},"45":{"loc":{"start":{"line":369,"column":2},"end":{"line":370,"column":69}},"type":"if","locations":[{"start":{"line":369,"column":2},"end":{"line":370,"column":69}},{"start":{},"end":{}}]},"46":{"loc":{"start":{"line":384,"column":2},"end":{"line":384,"column":80}},"type":"if","locations":[{"start":{"line":384,"column":2},"end":{"line":384,"column":80}},{"start":{},"end":{}}]},"47":{"loc":{"start":{"line":390,"column":2},"end":{"line":400,"column":3}},"type":"if","locations":[{"start":{"line":390,"column":2},"end":{"line":400,"column":3}},{"start":{},"end":{}}]},"48":{"loc":{"start":{"line":402,"column":19},"end":{"line":402,"column":47}},"type":"binary-expr","locations":[{"start":{"line":402,"column":19},"end":{"line":402,"column":39}},{"start":{"line":402,"column":43},"end":{"line":402,"column":47}}]},"49":{"loc":{"start":{"line":412,"column":2},"end":{"line":413,"column":69}},"type":"if","locations":[{"start":{"line":412,"column":2},"end":{"line":413,"column":69}},{"start":{},"end":{}}]},"50":{"loc":{"start":{"line":439,"column":2},"end":{"line":439,"column":57}},"type":"if","locations":[{"start":{"line":439,"column":2},"end":{"line":439,"column":57}},{"start":{},"end":{}}]},"51":{"loc":{"start":{"line":441,"column":32},"end":{"line":441,"column":67}},"type":"binary-expr","locations":[{"start":{"line":441,"column":32},"end":{"line":441,"column":56}},{"start":{"line":441,"column":60},"end":{"line":441,"column":67}}]},"52":{"loc":{"start":{"line":442,"column":2},"end":{"line":442,"column":47}},"type":"if","locations":[{"start":{"line":442,"column":2},"end":{"line":442,"column":47}},{"start":{},"end":{}}]},"53":{"loc":{"start":{"line":445,"column":2},"end":{"line":455,"column":3}},"type":"if","locations":[{"start":{"line":445,"column":2},"end":{"line":455,"column":3}},{"start":{},"end":{}}]},"54":{"loc":{"start":{"line":445,"column":6},"end":{"line":445,"column":72}},"type":"binary-expr","locations":[{"start":{"line":445,"column":6},"end":{"line":445,"column":40}},{"start":{"line":445,"column":44},"end":{"line":445,"column":72}}]},"55":{"loc":{"start":{"line":450,"column":5},"end":{"line":454,"column":6}},"type":"if","locations":[{"start":{"line":450,"column":5},"end":{"line":454,"column":6}},{"start":{"line":452,"column":12},"end":{"line":454,"column":6}}]},"56":{"loc":{"start":{"line":451,"column":8},"end":{"line":451,"column":82}},"type":"if","locations":[{"start":{"line":451,"column":8},"end":{"line":451,"column":82}},{"start":{},"end":{}}]},"57":{"loc":{"start":{"line":458,"column":2},"end":{"line":458,"column":61}},"type":"if","locations":[{"start":{"line":458,"column":2},"end":{"line":458,"column":61}},{"start":{},"end":{}}]},"58":{"loc":{"start":{"line":462,"column":4},"end":{"line":464,"column":38}},"type":"cond-expr","locations":[{"start":{"line":463,"column":8},"end":{"line":463,"column":75}},{"start":{"line":464,"column":8},"end":{"line":464,"column":38}}]},"59":{"loc":{"start":{"line":472,"column":2},"end":{"line":475,"column":75}},"type":"if","locations":[{"start":{"line":472,"column":2},"end":{"line":475,"column":75}},{"start":{},"end":{}}]},"60":{"loc":{"start":{"line":490,"column":2},"end":{"line":491,"column":66}},"type":"if","locations":[{"start":{"line":490,"column":2},"end":{"line":491,"column":66}},{"start":{},"end":{}}]},"61":{"loc":{"start":{"line":493,"column":2},"end":{"line":496,"column":75}},"type":"if","locations":[{"start":{"line":493,"column":2},"end":{"line":496,"column":75}},{"start":{},"end":{}}]},"62":{"loc":{"start":{"line":502,"column":2},"end":{"line":503,"column":72}},"type":"if","locations":[{"start":{"line":502,"column":2},"end":{"line":503,"column":72}},{"start":{},"end":{}}]},"63":{"loc":{"start":{"line":517,"column":2},"end":{"line":517,"column":80}},"type":"if","locations":[{"start":{"line":517,"column":2},"end":{"line":517,"column":80}},{"start":{},"end":{}}]},"64":{"loc":{"start":{"line":523,"column":2},"end":{"line":533,"column":3}},"type":"if","locations":[{"start":{"line":523,"column":2},"end":{"line":533,"column":3}},{"start":{},"end":{}}]},"65":{"loc":{"start":{"line":535,"column":19},"end":{"line":535,"column":47}},"type":"binary-expr","locations":[{"start":{"line":535,"column":19},"end":{"line":535,"column":39}},{"start":{"line":535,"column":43},"end":{"line":535,"column":47}}]},"66":{"loc":{"start":{"line":545,"column":2},"end":{"line":546,"column":72}},"type":"if","locations":[{"start":{"line":545,"column":2},"end":{"line":546,"column":72}},{"start":{},"end":{}}]},"67":{"loc":{"start":{"line":577,"column":2},"end":{"line":577,"column":66}},"type":"if","locations":[{"start":{"line":577,"column":2},"end":{"line":577,"column":66}},{"start":{},"end":{}}]},"68":{"loc":{"start":{"line":578,"column":2},"end":{"line":579,"column":54}},"type":"if","locations":[{"start":{"line":578,"column":2},"end":{"line":579,"column":54}},{"start":{},"end":{}}]},"69":{"loc":{"start":{"line":581,"column":32},"end":{"line":581,"column":67}},"type":"binary-expr","locations":[{"start":{"line":581,"column":32},"end":{"line":581,"column":56}},{"start":{"line":581,"column":60},"end":{"line":581,"column":67}}]},"70":{"loc":{"start":{"line":582,"col
[...]
,"/home/pixel/Documents/GitHub/backend-test/src/services/otpService.ts": {"path":"/home/pixel/Documents/GitHub/backend-test/src/services/otpService.ts","statementMap":{"0":{"start":{"line":8,"column":0},"end":{"line":8,"column":7}},"1":{"start":{"line":19,"column":0},"end":{"line":19,"column":7}},"2":{"start":{"line":1,"column":0},"end":{"line":1,"column":30}},"3":{"start":{"line":2,"column":0},"end":{"line":2,"column":36}},"4":{"start":{"line":5,"column":2},"end":{"line":5,"column":61}},"5":{"start":{"line":9,"column":14},"end":{"line":9,"column":27}},"6":{"start":{"line":10,"column":18},"end":{"line":10,"column":44}},"7":{"start":{"line":11,"column":20},"end":{"line":11,"column":56}},"8":{"start":{"line":13,"column":2},"end":{"line":13,"column":34}},"9":{"start":{"line":15,"column":2},"end":{"line":15,"column":90}},"10":{"start":{"line":16,"column":2},"end":{"line":16,"column":13}},"11":{"start":{"line":20,"column":17},"end":{"line":20,"column":45}},"12":{"start":{"line":21,"column":2},"end":{"line":21,"column":70}},"13":{"start":{"line":21,"column":15},"end":{"line":21,"column":70}},"14":{"start":{"line":23,"column":2},"end":{"line":26,"column":3}},"15":{"start":{"line":24,"column":4},"end":{"line":24,"column":36}},"16":{"start":{"line":25,"column":4},"end":{"line":25,"column":57}},"17":{"start":{"line":28,"column":2},"end":{"line":31,"column":3}},"18":{"start":{"line":29,"column":4},"end":{"line":29,"column":36}},"19":{"start":{"line":30,"column":4},"end":{"line":30,"column":56}},"20":{"start":{"line":33,"column":18},"end":{"line":33,"column":59}},"21":{"start":{"line":34,"column":2},"end":{"line":38,"column":3}},"22":{"start":{"line":35,"column":4},"end":{"line":35,"column":29}},"23":{"start":{"line":36,"column":4},"end":{"line":36,"column":24}},"24":{"start":{"line":37,"column":4},"end":{"line":37,"column":92}},"25":{"start":{"line":40,"column":2},"end":{"line":40,"column":34}},"26":{"start":{"line":41,"column":2},"end":{"line":41,"column":31}}},"fnMap":{"0":{"name":"generateOtp","decl":{"start":{"line":4,"column":9},"end":{"line":4,"column":20}},"loc":{"start":{"line":4,"column":20},"end":{"line":6,"column":1}}},"1":{"name":"createOtp","decl":{"start":{"line":8,"column":22},"end":{"line":8,"column":31}},"loc":{"start":{"line":8,"column":58},"end":{"line":17,"column":1}}},"2":{"name":"verifyOtp","decl":{"start":{"line":19,"column":22},"end":{"line":19,"column":31}},"loc":{"start":{"line":19,"column":58},"end":{"line":42,"column":1}}}},"branchMap":{"0":{"loc":{"start":{"line":15,"column":76},"end":{"line":15,"column":86}},"type":"binary-expr","locations":[{"start":{"line":15,"column":76},"end":{"line":15,"column":78}},{"start":{"line":15,"column":82},"end":{"line":15,"column":86}}]},"1":{"loc":{"start":{"line":21,"column":2},"end":{"line":21,"column":70}},"type":"if","locations":[{"start":{"line":21,"column":2},"end":{"line":21,"column":70}},{"start":{},"end":{}}]},"2":{"loc":{"start":{"line":23,"column":2},"end":{"line":26,"column":3}},"type":"if","locations":[{"start":{"line":23,"column":2},"end":{"line":26,"column":3}},{"start":{},"end":{}}]},"3":{"loc":{"start":{"line":28,"column":2},"end":{"line":31,"column":3}},"type":"if","locations":[{"start":{"line":28,"column":2},"end":{"line":31,"column":3}},{"start":{},"end":{}}]},"4":{"loc":{"start":{"line":34,"column":2},"end":{"line":38,"column":3}},"type":"if","locations":[{"start":{"line":34,"column":2},"end":{"line":38,"column":3}},{"start":{},"end":{}}]}},"s":{"0":9,"1":9,"2":9,"3":9,"4":44,"5":44,"6":44,"7":44,"8":44,"9":44,"10":44,"11":43,"12":43,"13":0,"14":43,"15":0,"16":0,"17":43,"18":0,"19":0,"20":43,"21":43,"22":1,"23":1,"24":1,"25":42,"26":42},"f":{"0":44,"1":44,"2":43},"b":{"0":[44,0],"1":[0,43],"2":[0,43],"3":[0,43],"4":[1,42]}}
,"/home/pixel/Documents/GitHub/backend-test/src/services/smsProvider.ts": {"path":"/home/pixel/Documents/GitHub/backend-test/src/services/smsProvider.ts","statementMap":{"0":{"start":{"line":86,"column":0},"end":{"line":86,"column":16}},"1":{"start":{"line":1,"column":0},"end":{"line":1,"column":36}},"2":{"start":{"line":2,"column":0},"end":{"line":2,"column":28}},"3":{"start":{"line":10,"column":4},"end":{"line":10,"column":58}},"4":{"start":{"line":11,"column":4},"end":{"line":11,"column":41}},"5":{"start":{"line":12,"column":4},"end":{"line":12,"column":32}},"6":{"start":{"line":13,"column":4},"end":{"line":13,"column":78}},"7":{"start":{"line":14,"column":4},"end":{"line":14,"column":58}},"8":{"start":{"line":8,"column":0},"end":{"line":8,"column":13}},"9":{"start":{"line":20,"column":50},"end":{"line":20,"column":53}},"10":{"start":{"line":21,"column":16},"end":{"line":21,"column":54}},"11":{"start":{"line":22,"column":17},"end":{"line":27,"column":6}},"12":{"start":{"line":29,"column":4},"end":{"line":42,"column":5}},"13":{"start":{"line":30,"column":23},"end":{"line":34,"column":8}},"14":{"start":{"line":35,"column":6},"end":{"line":37,"column":7}},"15":{"start":{"line":36,"column":8},"end":{"line":36,"column":65}},"16":{"start":{"line":38,"column":6},"end":{"line":38,"column":54}},"17":{"start":{"line":40,"column":6},"end":{"line":40,"column":61}},"18":{"start":{"line":41,"column":6},"end":{"line":41,"column":18}},"19":{"start":{"line":18,"column":0},"end":{"line":18,"column":13}},"20":{"start":{"line":53,"column":42},"end":{"line":53,"column":46}},"21":{"start":{"line":56,"column":4},"end":{"line":67,"column":5}},"22":{"start":{"line":57,"column":18},"end":{"line":57,"column":40}},"23":{"start":{"line":58,"column":20},"end":{"line":58,"column":41}},"24":{"start":{"line":60,"column":6},"end":{"line":64,"column":7}},"25":{"start":{"line":61,"column":8},"end":{"line":63,"column":10}},"26":{"start":{"line":66,"column":6},"end":{"line":66,"column":40}},"27":{"start":{"line":68,"column":4},"end":{"line":68,"column":24}},"28":{"start":{"line":72,"column":4},"end":{"line":82,"column":5}},"29":{"start":{"line":73,"column":6},"end":{"line":77,"column":9}},"30":{"start":{"line":78,"column":6},"end":{"line":78,"column":55}},"31":{"start":{"line":80,"column":6},"end":{"line":80,"column":62}},"32":{"start":{"line":81,"column":6},"end":{"line":81,"column":18}},"33":{"start":{"line":46,"column":0},"end":{"line":46,"column":13}},"34":{"start":{"line":89,"column":2},"end":{"line":91,"column":3}},"35":{"start":{"line":90,"column":4},"end":{"line":90,"column":36}},"36":{"start":{"line":93,"column":2},"end":{"line":100,"column":3}},"37":{"start":{"line":95,"column":6},"end":{"line":95,"column":36}},"38":{"start":{"line":97,"column":6},"end":{"line":97,"column":37}},"39":{"start":{"line":99,"column":6},"end":{"line":99,"column":38}},"40":{"start":{"line":103,"column":13},"end":{"line":103,"column":57}}},"fnMap":{"0":{"name":"(anonymous_1)","decl":{"start":{"line":9,"column":2},"end":{"line":9,"column":7}},"loc":{"start":{"line":9,"column":42},"end":{"line":15,"column":3}}},"1":{"name":"(anonymous_2)","decl":{"start":{"line":19,"column":2},"end":{"line":19,"column":7}},"loc":{"start":{"line":19,"column":42},"end":{"line":43,"column":3}}},"2":{"name":"(anonymous_3)","decl":{"start":{"line":55,"column":2},"end":{"line":55,"column":14}},"loc":{"start":{"line":55,"column":20},"end":{"line":69,"column":3}}},"3":{"name":"(anonymous_4)","decl":{"start":{"line":71,"column":2},"end":{"line":71,"column":7}},"loc":{"start":{"line":71,"column":42},"end":{"line":83,"column":3}}},"4":{"name":"getSmsProvider","decl":{"start":{"line":86,"column":16},"end":{"line":86,"column":30}},"loc":{"start":{"line":86,"column":30},"end":{"line":101,"column":1}}}},"branchMap":{"0":{"loc":{"start":{"line":35,"column":6},"end":{"line":37,"column":7}},"type":"if","locations":[{"start":{"line":35,"column":6},"end":{"line":37,"column":7}},{"start":{},"end":{}}]},"1":{"loc":{"start":{"line":56,"column":4},"end":{"line":67,"column":5}},"type":"if","locations":[{"start":{"line":56,"column":4},"end":{"line":67,"column":5}},{"start":{},"end":{}}]},"2":{"loc":{"start":{"line":60,"column":6},"end":{"line":64,"column":7}},"type":"if","locations":[{"start":{"line":60,"column":6},"end":{"line":64,"column":7}},{"start":{},"end":{}}]},"3":{"loc":{"start":{"line":60,"column":10},"end":{"line":60,"column":24}},"type":"binary-expr","locations":[{"start":{"line":60,"column":10},"end":{"line":60,"column":14}},{"start":{"line":60,"column":18},"end":{"line":60,"column":24}}]},"4":{"loc":{"start":{"line":89,"column":2},"end":{"line":91,"column":3}},"type":"if","locations":[{"start":{"line":89,"column":2},"end":{"line":91,"column":3}},{"start":{},"end":{}}]},"5":{"loc":{"start":{"line":93,"column":2},"end":{"line":100,"column":3}},"type":"switch","locations":[{"start":{"line":94,"column":4},"end":{"line":95,"column":36}},{"start":{"line":96,"column":4},"end":{"line":97,"column":37}},{"start":{"line":98,"column":4},"end":{"line":99,"column":38}}]}},"s":{"0":9,"1":9,"2":9,"3":44,"4":44,"5":44,"6":44,"7":44,"8":9,"9":0,"10":0,"11":0,"12":0,"13":0,"14":0,"15":0,"16":0,"17":0,"18":0,"19":9,"20":0,"21":0,"22":0,"23":0,"24":0,"25":0,"26":0,"27":0,"28":0,"29":0,"30":0,"31":0,"32":0,"33":9,"34":9,"35":9,"36":0,"37":0,"38":0,"39":0,"40":9},"f":{"0":44,"1":0,"2":0,"3":0,"4":9},"b":{"0":[0,0],"1":[0,0],"2":[0,0],"3":[0,0],"4":[9,0],"5":[0,0,0]}}
,"/home/pixel/Documents/GitHub/backend-test/src/services/weekWindow.ts": {"path":"/home/pixel/Documents/GitHub/backend-test/src/services/weekWindow.ts","statementMap":{"0":{"start":{"line":1,"column":0},"end":{"line":1,"column":16}},"1":{"start":{"line":2,"column":16},"end":{"line":2,"column":57}},"2":{"start":{"line":3,"column":14},"end":{"line":3,"column":65}},"3":{"start":{"line":4,"column":2},"end":{"line":4,"column":24}}},"fnMap":{"0":{"name":"weekWindow","decl":{"start":{"line":1,"column":16},"end":{"line":1,"column":26}},"loc":{"start":{"line":1,"column":47},"end":{"line":5,"column":1}}}},"branchMap":{},"s":{"0":9,"1":9,"2":9,"3":9},"f":{"0":9},"b":{}}
,"/home/pixel/Documents/GitHub/backend-test/src/utils/apiResponse.ts": {"path":"/home/pixel/Documents/GitHub/backend-test/src/utils/apiResponse.ts","statementMap":{"0":{"start":{"line":1,"column":0},"end":{"line":1,"column":16}},"1":{"start":{"line":5,"column":0},"end":{"line":5,"column":16}},"2":{"start":{"line":2,"column":2},"end":{"line":2,"column":37}},"3":{"start":{"line":6,"column":2},"end":{"line":6,"column":67}}},"fnMap":{"0":{"name":"ok","decl":{"start":{"line":1,"column":16},"end":{"line":1,"column":18}},"loc":{"start":{"line":1,"column":29},"end":{"line":3,"column":1}}},"1":{"name":"fail","decl":{"start":{"line":5,"column":16},"end":{"line":5,"column":20}},"loc":{"start":{"line":5,"column":69},"end":{"line":7,"column":1}}}},"branchMap":{},"s":{"0":9,"1":9,"2":169,"3":15},"f":{"0":169,"1":15},"b":{}}
,"/home/pixel/Documents/GitHub/backend-test/src/utils/requestLogBuffer.ts": {"path":"/home/pixel/Documents/GitHub/backend-test/src/utils/requestLogBuffer.ts","statementMap":{"0":{"start":{"line":24,"column":0},"end":{"line":24,"column":16}},"1":{"start":{"line":34,"column":0},"end":{"line":34,"column":16}},"2":{"start":{"line":21,"column":20},"end":{"line":21,"column":23}},"3":{"start":{"line":22,"column":34},"end":{"line":22,"column":36}},"4":{"start":{"line":25,"column":2},"end":{"line":25,"column":21}},"5":{"start":{"line":26,"column":2},"end":{"line":28,"column":3}},"6":{"start":{"line":27,"column":4},"end":{"line":27,"column":19}},"7":{"start":{"line":35,"column":2},"end":{"line":35,"column":40}}},"fnMap":{"0":{"name":"appendRequestLog","decl":{"start":{"line":24,"column":16},"end":{"line":24,"column":32}},"loc":{"start":{"line":24,"column":55},"end":{"line":29,"column":1}}},"1":{"name":"getRecentLogs","decl":{"start":{"line":34,"column":16},"end":{"line":34,"column":29}},"loc":{"start":{"line":34,"column":41},"end":{"line":36,"column":1}}}},"branchMap":{"0":{"loc":{"start":{"line":26,"column":2},"end":{"line":28,"column":3}},"type":"if","locations":[{"start":{"line":26,"column":2},"end":{"line":28,"column":3}},{"start":{},"end":{}}]},"1":{"loc":{"start":{"line":34,"column":30},"end":{"line":34,"column":41}},"type":"default-arg","locations":[{"start":{"line":34,"column":38},"end":{"line":34,"column":41}}]}},"s":{"0":9,"1":9,"2":9,"3":9,"4":0,"5":0,"6":0,"7":0},"f":{"0":0,"1":0},"b":{"0":[0,0],"1":[0]}}
,"/home/pixel/Documents/GitHub/backend-test/tests/helpers/auth.ts": {"path":"/home/pixel/Documents/GitHub/backend-test/tests/helpers/auth.ts","statementMap":{"0":{"start":{"line":5,"column":0},"end":{"line":5,"column":7}},"1":{"start":{"line":25,"column":0},"end":{"line":25,"column":7}},"2":{"start":{"line":1,"column":0},"end":{"line":1,"column":32}},"3":{"start":{"line":2,"column":0},"end":{"line":2,"column":30}},"4":{"start":{"line":3,"column":0},"end":{"line":3,"column":43}},"5":{"start":{"line":6,"column":17},"end":{"line":6,"column":80}},"6":{"start":{"line":7,"column":2},"end":{"line":9,"column":3}},"7":{"start":{"line":8,"column":4},"end":{"line":8,"column":91}},"8":{"start":{"line":11,"column":19},"end":{"line":11,"column":27}},"9":{"start":{"line":12,"column":26},"end":{"line":12,"column":50}},"10":{"start":{"line":13,"column":21},"end":{"line":13,"column":94}},"11":{"start":{"line":15,"column":14},"end":{"line":15,"column":54}},"12":{"start":{"line":16,"column":2},"end":{"line":16,"column":50}},"13":{"start":{"line":16,"column":12},"end":{"line":16,"column":50}},"14":{"start":{"line":18,"column":2},"end":{"line":18,"column":48}},"15":{"start":{"line":19,"column":2},"end":{"line":19,"column":19}},"16":{"start":{"line":21,"column":14},"end":{"line":21,"column":91}},"17":{"start":{"line":22,"column":2},"end":{"line":22,"column":45}},"18":{"start":{"line":26,"column":14},"end":{"line":29,"column":86}},"19":{"start":{"line":31,"column":2},"end":{"line":31,"column":100}},"20":{"start":{"line":31,"column":26},"end":{"line":31,"column":100}}},"fnMap":{"0":{"name":"loginAndGetAccessToken","decl":{"start":{"line":5,"column":22},"end":{"line":5,"column":44}},"loc":{"start":{"line":5,"column":68},"end":{"line":23,"column":1}}},"1":{"name":"completeProfile","decl":{"start":{"line":25,"column":22},"end":{"line":25,"column":37}},"loc":{"start":{"line":25,"column":61},"end":{"line":32,"column":1}}}},"branchMap":{"0":{"loc":{"start":{"line":7,"column":2},"end":{"line":9,"column":3}},"type":"if","locations":[{"start":{"line":7,"column":2},"end":{"line":9,"column":3}},{"start":{},"end":{}}]},"1":{"loc":{"start":{"line":13,"column":21},"end":{"line":13,"column":94}},"type":"cond-expr","locations":[{"start":{"line":13,"column":53},"end":{"line":13,"column":76}},{"start":{"line":13,"column":79},"end":{"line":13,"column":94}}]},"2":{"loc":{"start":{"line":16,"column":2},"end":{"line":16,"column":50}},"type":"if","locations":[{"start":{"line":16,"column":2},"end":{"line":16,"column":50}},{"start":{},"end":{}}]},"3":{"loc":{"start":{"line":31,"column":2},"end":{"line":31,"column":100}},"type":"if","locations":[{"start":{"line":31,"column":2},"end":{"line":31,"column":100}},{"start":{},"end":{}}]}},"s":{"0":5,"1":5,"2":5,"3":5,"4":5,"5":37,"6":37,"7":0,"8":37,"9":37,"10":37,"11":37,"12":37,"13":0,"14":37,"15":37,"16":37,"17":37,"18":25,"19":25,"20":0},"f":{"0":37,"1":25},"b":{"0":[0,37],"1":[37,0],"2":[0,37],"3":[0,25]}}
,"/home/pixel/Documents/GitHub/backend-test/tests/helpers/seedCurriculum.ts": {"path":"/home/pixel/Documents/GitHub/backend-test/tests/helpers/seedCurriculum.ts","statementMap":{"0":{"start":{"line":7,"column":0},"end":{"line":7,"column":7}},"1":{"start":{"line":1,"column":0},"end":{"line":1,"column":53}},"2":{"start":{"line":2,"column":0},"end":{"line":2,"column":51}},"3":{"start":{"line":3,"column":0},"end":{"line":3,"column":45}},"4":{"start":{"line":4,"column":0},"end":{"line":4,"column":51}},"5":{"start":{"line":5,"column":0},"end":{"line":5,"column":49}},"6":{"start":{"line":8,"column":15},"end":{"line":8,"column":89}},"7":{"start":{"line":9,"column":15},"end":{"line":9,"column":90}},"8":{"start":{"line":10,"column":16},"end":{"line":10,"column":93}},"9":{"start":{"line":12,"column":18},"end":{"line":16,"column":4}},"10":{"start":{"line":18,"column":15},"end":{"line":22,"column":4}},"11":{"start":{"line":24,"column":18},"end":{"line":28,"column":4}},"12":{"start":{"line":30,"column":18},"end":{"line":55,"column":4}},"13":{"start":{"line":57,"column":2},"end":{"line":63,"column":4}}},"fnMap":{"0":{"name":"seedCurriculumStd8","decl":{"start":{"line":7,"column":22},"end":{"line":7,"column":40}},"loc":{"start":{"line":7,"column":40},"end":{"line":64,"column":1}}}},"branchMap":{},"s":{"0":1,"1":1,"2":1,"3":1,"4":1,"5":1,"6":6,"7":6,"8":6,"9":6,"10":6,"11":6,"12":6,"13":6},"f":{"0":6},"b":{}}
,"/home/pixel/Documents/GitHub/backend-test/tests/helpers/seedLessonQuiz.ts": {"path":"/home/pixel/Documents/GitHub/backend-test/tests/helpers/seedLessonQuiz.ts","statementMap":{"0":{"start":{"line":8,"column":0},"end":{"line":8,"column":7}},"1":{"start":{"line":1,"column":0},"end":{"line":1,"column":53}},"2":{"start":{"line":2,"column":0},"end":{"line":2,"column":51}},"3":{"start":{"line":3,"column":0},"end":{"line":3,"column":45}},"4":{"start":{"line":4,"column":0},"end":{"line":4,"column":51}},"5":{"start":{"line":5,"column":0},"end":{"line":5,"column":49}},"6":{"start":{"line":6,"column":0},"end":{"line":6,"column":45}},"7":{"start":{"line":9,"column":15},"end":{"line":9,"column":89}},"8":{"start":{"line":11,"column":18},"end":{"line":11,"column":96}},"9":{"start":{"line":12,"column":15},"end":{"line":12,"column":91}},"10":{"start":{"line":13,"column":18},"end":{"line":13,"column":94}},"11":{"start":{"line":15,"column":17},"end":{"line":22,"column":4}},"12":{"start":{"line":24,"column":15},"end":{"line":35,"column":4}},"13":{"start":{"line":37,"column":2},"end":{"line":37,"column":56}}},"fnMap":{"0":{"name":"seedLessonWithQuiz","decl":{"start":{"line":8,"column":22},"end":{"line":8,"column":40}},"loc":{"start":{"line":8,"column":90},"end":{"line":38,"column":1}}}},"branchMap":{"0":{"loc":{"start":{"line":8,"column":41},"end":{"line":8,"column":90}},"type":"default-arg","locations":[{"start":{"line":8,"column":82},"end":{"line":8,"column":90}}]}},"s":{"0":4,"1":4,"2":4,"3":4,"4":4,"5":4,"6":4,"7":13,"8":13,"9":13,"10":13,"11":13,"12":13,"13":13},"f":{"0":13},"b":{"0":[3]}}
}
