TN:
SF:src/app.ts
FN:26,createApp
FN:37,(anonymous_2)
FN:39,(anonymous_3)
FN:54,(anonymous_4)
FNF:4
FNH:1
FNDA:38,createApp
FNDA:0,(anonymous_2)
FNDA:0,(anonymous_3)
FNDA:0,(anonymous_4)
DA:1,9
DA:2,9
DA:3,9
DA:4,9
DA:6,9
DA:7,9
DA:8,9
DA:10,9
DA:11,9
DA:12,9
DA:13,9
DA:14,9
DA:15,9
DA:16,9
DA:17,9
DA:18,9
DA:19,9
DA:20,9
DA:22,9
DA:23,9
DA:24,9
DA:26,9
DA:27,38
DA:29,38
DA:31,38
DA:33,38
DA:34,0
DA:37,0
DA:41,0
DA:42,0
DA:52,0
DA:55,0
DA:65,0
DA:71,38
DA:73,38
DA:75,38
DA:77,38
DA:79,38
DA:80,38
DA:81,38
DA:82,38
DA:83,38
DA:84,38
DA:85,38
DA:86,38
DA:87,38
DA:88,38
DA:89,38
DA:91,38
DA:92,38
DA:94,38
LF:51
LH:44
BRDA:33,0,0,0
BRDA:33,0,1,38
BRDA:41,1,0,0
BRDA:41,1,1,0
BRDA:43,2,0,0
BRDA:43,2,1,0
BRDA:45,3,0,0
BRDA:45,3,1,0
BRDA:48,4,0,0
BRDA:48,4,1,0
BRDA:49,5,0,0
BRDA:49,5,1,0
BRDA:56,6,0,0
BRDA:56,6,1,0
BRDA:58,7,0,0
BRDA:58,7,1,0
BRDA:61,8,0,0
BRDA:61,8,1,0
BRDA:62,9,0,0
BRDA:62,9,1,0
BRF:20
BRH:1
end_of_record
TN:
SF:src/config/cors.ts
FNF:0
FNH:0
DA:1,9
DA:2,9
DA:4,9
LF:3
LH:3
BRF:0
BRH:0
end_of_record
TN:
SF:src/config/db.ts
FN:6,connectDB
FN:14,(anonymous_2)
FN:18,(anonymous_3)
FN:22,(anonymous_4)
FN:35,isDbReady
FN:39,disconnectDB
FNF:6
FNH:1
FNDA:0,connectDB
FNDA:0,(anonymous_2)
FNDA:0,(anonymous_3)
FNDA:0,(anonymous_4)
FNDA:1,isDbReady
FNDA:0,disconnectDB
DA:1,9
DA:2,9
DA:4,9
DA:6,9
DA:7,0
DA:9,0
DA:10,0
DA:12,0
DA:14,0
DA:15,0
DA:18,0
DA:19,0
DA:22,0
DA:23,0
DA:26,0
DA:32,0
DA:35,9
DA:36,1
DA:39,9
DA:40,0
DA:41,0
DA:42,0
LF:22
LH:7
BRDA:7,0,0,0
BRDA:7,0,1,0
BRDA:9,1,0,0
BRDA:9,1,1,0
BRDA:40,2,0,0
BRDA:40,2,1,0
BRF:6
BRH:0
end_of_record
TN:
SF:src/config/env.ts
FN:10,(anonymous_1)
FN:60,(anonymous_2)
FNF:2
FNH:2
FNDA:27,(anonymous_1)
FNDA:9,(anonymous_2)
DA:1,9
DA:2,9
DA:4,9
DA:6,9
DA:10,27
DA:12,9
DA:62,9
DA:63,0
DA:70,9
DA:71,0
DA:78,9
DA:79,0
DA:81,0
DA:82,0
DA:83,0
DA:91,0
DA:92,0
DA:100,9
DA:101,9
DA:102,0
DA:109,9
DA:110,0
DA:118,9
DA:119,0
DA:126,9
DA:127,0
DA:135,9
DA:136,9
DA:137,9
DA:138,27
DA:139,0
DA:144,9
DA:145,0
DA:146,0
DA:147,0
DA:148,0
DA:154,9
LF:37
LH:20
BRDA:62,0,0,0
BRDA:62,0,1,9
BRDA:62,1,0,9
BRDA:62,1,1,0
BRDA:70,2,0,0
BRDA:70,2,1,9
BRDA:70,3,0,9
BRDA:70,3,1,0
BRDA:78,4,0,0
BRDA:78,4,1,9
BRDA:82,5,0,0
BRDA:82,5,1,0
BRDA:91,6,0,0
BRDA:91,6,1,0
BRDA:91,7,0,0
BRDA:91,7,1,0
BRDA:91,7,2,0
BRDA:91,7,3,0
BRDA:100,8,0,9
BRDA:100,8,1,0
BRDA:101,9,0,0
BRDA:101,9,1,9
BRDA:109,10,0,0
BRDA:109,10,1,9
BRDA:118,11,0,0
BRDA:118,11,1,9
BRDA:118,12,0,9
BRDA:118,12,1,9
BRDA:126,13,0,0
BRDA:126,13,1,9
BRDA:126,14,0,9
BRDA:126,14,1,0
BRDA:135,15,0,9
BRDA:135,15,1,0
BRDA:138,16,0,0
BRDA:138,16,1,27
BRDA:144,17,0,0
BRDA:144,17,1,9
BRDA:147,18,0,0
BRDA:147,18,1,0
BRDA:160,19,0,9
BRDA:160,19,1,0
BRDA:170,20,0,9
BRDA:170,20,1,0
BRF:44
BRH:18
end_of_record
TN:
SF:src/controllers/admin.badges.controller.ts
FN:19,listBadges
FN:24,createBadge
FN:39,updateBadge
FN:57,deleteBadge
FNF:4
FNH:0
FNDA:0,listBadges
FNDA:0,createBadge
FNDA:0,updateBadge
FNDA:0,deleteBadge
DA:2,9
DA:3,9
DA:4,9
DA:5,9
DA:7,9
DA:19,9
DA:20,0
DA:21,0
DA:24,9
DA:25,0
DA:26,0
DA:28,0
DA:29,0
DA:36,0
DA:39,9
DA:40,0
DA:41,0
DA:42,0
DA:44,0
DA:45,0
DA:47,0
DA:54,0
DA:57,9
DA:58,0
DA:59,0
DA:60,0
DA:62,0
DA:68,0
LF:28
LH:9
BRDA:26,0,0,0
BRDA:26,0,1,0
BRDA:42,1,0,0
BRDA:42,1,1,0
BRDA:45,2,0,0
BRDA:45,2,1,0
BRDA:60,3,0,0
BRDA:60,3,1,0
BRF:8
BRH:0
end_of_record
TN:
SF:src/controllers/admin.controller.ts
FN:18,parsePaging
FN:39,jobsStatus
FN:49,listStandards
FN:74,createStandard
FN:92,updateStandard
FN:119,deleteStandard
FN:173,listSubjects
FN:184,(anonymous_8)
FN:204,createSubject
FN:222,updateSubject
FN:249,deleteSubject
FN:303,listUnits
FN:314,(anonymous_13)
FN:337,createUnit
FN:355,updateUnit
FN:382,deleteUnit
FN:436,listChapters
FN:447,(anonymous_18)
FN:448,(anonymous_19)
FN:470,createChapter
FN:488,updateChapter
FN:515,deleteChapter
FN:574,listLessons
FN:587,(anonymous_24)
FN:588,(anonymous_25)
FN:589,(anonymous_26)
FN:611,createLesson
FN:629,updateLesson
FN:657,deleteLesson
FN:714,getLatestQuizForLesson
FN:728,(anonymous_31)
FN:738,createQuizVersion
FN:756,(anonymous_33)
FN:800,setQuizPublished
FN:820,(anonymous_35)
FN:838,publishQuizExclusive
FN:853,(anonymous_37)
FN:860,(anonymous_38)
FN:889,restoreStandard
FN:913,restoreSubject
FN:937,restoreUnit
FN:961,restoreChapter
FN:985,restoreLesson
FN:1009,restoreQuiz
FN:1038,listAdminAuditLogs
FN:1058,(anonymous_46)
FN:1061,(anonymous_47)
FN:1064,(anonymous_48)
FNF:48
FNH:15
FNDA:4,parsePaging
FNDA:1,jobsStatus
FNDA:4,listStandards
FNDA:6,createStandard
FNDA:1,updateStandard
FNDA:3,deleteStandard
FNDA:0,listSubjects
FNDA:0,(anonymous_8)
FNDA:0,createSubject
FNDA:0,updateSubject
FNDA:1,deleteSubject
FNDA:0,listUnits
FNDA:0,(anonymous_13)
FNDA:0,createUnit
FNDA:0,updateUnit
FNDA:1,deleteUnit
FNDA:0,listChapters
FNDA:0,(anonymous_18)
FNDA:0,(anonymous_19)
FNDA:0,createChapter
FNDA:0,updateChapter
FNDA:1,deleteChapter
FNDA:0,listLessons
FNDA:0,(anonymous_24)
FNDA:0,(anonymous_25)
FNDA:0,(anonymous_26)
FNDA:0,createLesson
FNDA:0,updateLesson
FNDA:2,deleteLesson
FNDA:1,getLatestQuizForLesson
FNDA:0,(anonymous_31)
FNDA:2,createQuizVersion
FNDA:0,(anonymous_33)
FNDA:0,setQuizPublished
FNDA:0,(anonymous_35)
FNDA:1,publishQuizExclusive
FNDA:0,(anonymous_37)
FNDA:1,(anonymous_38)
FNDA:1,restoreStandard
FNDA:0,restoreSubject
FNDA:0,restoreUnit
FNDA:0,restoreChapter
FNDA:0,restoreLesson
FNDA:0,restoreQuiz
FNDA:0,listAdminAuditLogs
FNDA:0,(anonymous_46)
FNDA:0,(anonymous_47)
FNDA:0,(anonymous_48)
DA:2,9
DA:3,9
DA:4,9
DA:6,9
DA:7,9
DA:8,9
DA:9,9
DA:10,9
DA:11,9
DA:12,9
DA:13,9
DA:14,9
DA:15,9
DA:16,9
DA:19,4
DA:20,4
DA:21,4
DA:22,4
DA:25,9
DA:27,9
DA:33,9
DA:39,9
DA:40,1
DA:41,1
DA:42,1
DA:44,0
DA:45,0
DA:49,9
DA:50,4
DA:52,4
DA:53,4
DA:54,4
DA:56,4
DA:57,4
DA:58,0
DA:61,4
DA:62,4
DA:64,4
DA:71,4
DA:74,9
DA:75,6
DA:76,6
DA:77,0
DA:81,6
DA:82,6
DA:89,6
DA:92,9
DA:93,1
DA:94,1
DA:95,0
DA:96,1
DA:97,1
DA:98,0
DA:102,1
DA:106,1
DA:107,0
DA:109,1
DA:116,1
DA:119,9
DA:120,3
DA:121,3
DA:123,3
DA:127,3
DA:128,1
DA:139,2
DA:141,2
DA:149,2
DA:150,0
DA:152,2
DA:159,2
DA:162,9
DA:167,9
DA:173,9
DA:174,0
DA:175,0
DA:176,0
DA:178,0
DA:179,0
DA:181,0
DA:182,0
DA:183,0
DA:184,0
DA:185,0
DA:187,0
DA:191,0
DA:192,0
DA:194,0
DA:201,0
DA:204,9
DA:205,0
DA:206,0
DA:207,0
DA:211,0
DA:212,0
DA:219,0
DA:222,9
DA:223,0
DA:224,0
DA:225,0
DA:226,0
DA:227,0
DA:228,0
DA:232,0
DA:236,0
DA:237,0
DA:239,0
DA:246,0
DA:249,9
DA:250,1
DA:251,1
DA:253,1
DA:257,1
DA:258,1
DA:269,0
DA:271,0
DA:279,0
DA:280,0
DA:282,0
DA:289,0
DA:292,9
DA:297,9
DA:303,9
DA:304,0
DA:305,0
DA:306,0
DA:308,0
DA:309,0
DA:311,0
DA:312,0
DA:313,0
DA:314,0
DA:315,0
DA:316,0
DA:317,0
DA:320,0
DA:324,0
DA:325,0
DA:327,0
DA:334,0
DA:337,9
DA:338,0
DA:339,0
DA:340,0
DA:344,0
DA:345,0
DA:352,0
DA:355,9
DA:356,0
DA:357,0
DA:358,0
DA:359,0
DA:360,0
DA:361,0
DA:365,0
DA:369,0
DA:370,0
DA:372,0
DA:379,0
DA:382,9
DA:383,1
DA:384,1
DA:386,1
DA:390,1
DA:391,1
DA:402,0
DA:404,0
DA:412,0
DA:413,0
DA:415,0
DA:422,0
DA:425,9
DA:430,9
DA:436,9
DA:437,0
DA:438,0
DA:439,0
DA:441,0
DA:442,0
DA:444,0
DA:445,0
DA:446,0
DA:447,0
DA:448,0
DA:450,0
DA:451,0
DA:453,0
DA:457,0
DA:458,0
DA:460,0
DA:467,0
DA:470,9
DA:471,0
DA:472,0
DA:473,0
DA:477,0
DA:478,0
DA:485,0
DA:488,9
DA:489,0
DA:490,0
DA:491,0
DA:492,0
DA:493,0
DA:494,0
DA:498,0
DA:502,0
DA:503,0
DA:505,0
DA:512,0
DA:515,9
DA:516,1
DA:517,1
DA:519,1
DA:523,1
DA:524,1
DA:535,0
DA:537,0
DA:545,0
DA:546,0
DA:548,0
DA:555,0
DA:558,9
DA:568,9
DA:574,9
DA:575,0
DA:576,0
DA:577,0
DA:578,0
DA:579,0
DA:581,0
DA:582,0
DA:584,0
DA:585,0
DA:586,0
DA:587,0
DA:588,0
DA:589,0
DA:591,0
DA:592,0
DA:594,0
DA:598,0
DA:599,0
DA:601,0
DA:608,0
DA:611,9
DA:612,0
DA:613,0
DA:614,0
DA:618,0
DA:619,0
DA:626,0
DA:629,9
DA:630,0
DA:631,0
DA:632,0
DA:634,0
DA:635,0
DA:636,0
DA:640,0
DA:644,0
DA:645,0
DA:647,0
DA:654,0
DA:657,9
DA:658,2
DA:659,2
DA:661,2
DA:666,2
DA:667,2
DA:675,0
DA:677,0
DA:685,0
DA:686,0
DA:688,0
DA:695,0
DA:698,9
DA:706,9
DA:714,9
DA:715,1
DA:716,1
DA:717,0
DA:719,1
DA:720,1
DA:721,0
DA:722,0
DA:724,0
DA:725,0
DA:726,0
DA:728,0
DA:729,0
DA:733,1
DA:734,1
DA:735,1
DA:738,9
DA:739,2
DA:740,2
DA:741,0
DA:745,2
DA:747,2
DA:748,2
DA:749,0
DA:750,0
DA:752,0
DA:753,0
DA:754,0
DA:756,0
DA:757,0
DA:761,2
DA:762,2
DA:764,2
DA:765,2
DA:766,0
DA:772,2
DA:781,2
DA:795,2
DA:798,9
DA:800,9
DA:801,0
DA:802,0
DA:803,0
DA:804,0
DA:805,0
DA:806,0
DA:810,0
DA:811,0
DA:813,0
DA:814,0
DA:815,0
DA:816,0
DA:817,0
DA:818,0
DA:820,0
DA:821,0
DA:825,0
DA:826,0
DA:828,0
DA:835,0
DA:838,9
DA:839,1
DA:840,1
DA:841,0
DA:843,1
DA:844,1
DA:846,1
DA:847,1
DA:848,0
DA:849,0
DA:850,0
DA:851,0
DA:853,0
DA:854,0
DA:858,1
DA:859,1
DA:860,1
DA:861,1
DA:867,1
DA:874,1
DA:876,1
DA:883,1
DA:885,1
DA:889,9
DA:890,1
DA:891,1
DA:893,1
DA:901,1
DA:903,1
DA:910,1
DA:913,9
DA:914,0
DA:915,0
DA:917,0
DA:925,0
DA:927,0
DA:934,0
DA:937,9
DA:938,0
DA:939,0
DA:941,0
DA:949,0
DA:951,0
DA:958,0
DA:961,9
DA:962,0
DA:963,0
DA:965,0
DA:973,0
DA:975,0
DA:982,0
DA:985,9
DA:986,0
DA:987,0
DA:989,0
DA:997,0
DA:999,0
DA:1006,0
DA:1009,9
DA:1010,0
DA:1011,0
DA:1013,0
DA:1021,0
DA:1023,0
DA:1030,0
DA:1033,9
DA:1038,9
DA:1039,0
DA:1040,0
DA:1042,0
DA:1043,0
DA:1046,0
DA:1048,0
DA:1049,0
DA:1052,0
DA:1053,0
DA:1056,0
DA:1057,0
DA:1058,0
DA:1060,0
DA:1061,0
DA:1063,0
DA:1064,0
DA:1066,0
DA:1073,0
DA:1082,0
LF:423
LH:161
BRDA:19,0,0,4
BRDA:19,0,1,4
BRDA:20,1,0,4
BRDA:20,1,1,4
BRDA:53,2,0,4
BRDA:53,2,1,3
BRDA:54,3,0,3
BRDA:54,3,1,1
BRDA:57,4,0,0
BRDA:57,4,1,4
BRDA:57,5,0,4
BRDA:57,5,1,0
BRDA:62,6,0,1
BRDA:62,6,1,3
BRDA:66,7,0,1
BRDA:66,7,1,3
BRDA:76,8,0,0
BRDA:76,8,1,6
BRDA:94,9,0,0
BRDA:94,9,1,1
BRDA:97,10,0,0
BRDA:97,10,1,1
BRDA:106,11,0,0
BRDA:106,11,1,1
BRDA:121,12,0,0
BRDA:121,12,1,3
BRDA:127,13,0,1
BRDA:127,13,1,2
BRDA:139,14,0,2
BRDA:139,14,1,0
BRDA:149,15,0,0
BRDA:149,15,1,2
BRDA:176,16,0,0
BRDA:176,16,1,0
BRDA:178,17,0,0
BRDA:178,17,1,0
BRDA:179,18,0,0
BRDA:179,18,1,0
BRDA:182,19,0,0
BRDA:182,19,1,0
BRDA:182,20,0,0
BRDA:182,20,1,0
BRDA:183,21,0,0
BRDA:183,21,1,0
BRDA:185,22,0,0
BRDA:185,22,1,0
BRDA:192,23,0,0
BRDA:192,23,1,0
BRDA:196,24,0,0
BRDA:196,24,1,0
BRDA:206,25,0,0
BRDA:206,25,1,0
BRDA:224,26,0,0
BRDA:224,26,1,0
BRDA:227,27,0,0
BRDA:227,27,1,0
BRDA:236,28,0,0
BRDA:236,28,1,0
BRDA:251,29,0,0
BRDA:251,29,1,1
BRDA:257,30,0,1
BRDA:257,30,1,0
BRDA:269,31,0,0
BRDA:269,31,1,0
BRDA:279,32,0,0
BRDA:279,32,1,0
BRDA:306,33,0,0
BRDA:306,33,1,0
BRDA:308,34,0,0
BRDA:308,34,1,0
BRDA:309,35,0,0
BRDA:309,35,1,0
BRDA:312,36,0,0
BRDA:312,36,1,0
BRDA:312,37,0,0
BRDA:312,37,1,0
BRDA:315,38,0,0
BRDA:315,38,1,0
BRDA:316,39,0,0
BRDA:316,39,1,0
BRDA:325,40,0,0
BRDA:325,40,1,0
BRDA:329,41,0,0
BRDA:329,41,1,0
BRDA:339,42,0,0
BRDA:339,42,1,0
BRDA:357,43,0,0
BRDA:357,43,1,0
BRDA:360,44,0,0
BRDA:360,44,1,0
BRDA:369,45,0,0
BRDA:369,45,1,0
BRDA:384,46,0,0
BRDA:384,46,1,1
BRDA:390,47,0,1
BRDA:390,47,1,0
BRDA:402,48,0,0
BRDA:402,48,1,0
BRDA:412,49,0,0
BRDA:412,49,1,0
BRDA:439,50,0,0
BRDA:439,50,1,0
BRDA:441,51,0,0
BRDA:441,51,1,0
BRDA:442,52,0,0
BRDA:442,52,1,0
BRDA:445,53,0,0
BRDA:445,53,1,0
BRDA:445,54,0,0
BRDA:445,54,1,0
BRDA:450,55,0,0
BRDA:450,55,1,0
BRDA:451,56,0,0
BRDA:451,56,1,0
BRDA:458,57,0,0
BRDA:458,57,1,0
BRDA:462,58,0,0
BRDA:462,58,1,0
BRDA:472,59,0,0
BRDA:472,59,1,0
BRDA:490,60,0,0
BRDA:490,60,1,0
BRDA:493,61,0,0
BRDA:493,61,1,0
BRDA:502,62,0,0
BRDA:502,62,1,0
BRDA:517,63,0,0
BRDA:517,63,1,1
BRDA:523,64,0,1
BRDA:523,64,1,0
BRDA:535,65,0,0
BRDA:535,65,1,0
BRDA:545,66,0,0
BRDA:545,66,1,0
BRDA:577,67,0,0
BRDA:577,67,1,0
BRDA:578,68,0,0
BRDA:578,68,1,0
BRDA:581,69,0,0
BRDA:581,69,1,0
BRDA:582,70,0,0
BRDA:582,70,1,0
BRDA:585,71,0,0
BRDA:585,71,1,0
BRDA:585,72,0,0
BRDA:585,72,1,0
BRDA:591,73,0,0
BRDA:591,73,1,0
BRDA:592,74,0,0
BRDA:592,74,1,0
BRDA:599,75,0,0
BRDA:599,75,1,0
BRDA:603,76,0,0
BRDA:603,76,1,0
BRDA:613,77,0,0
BRDA:613,77,1,0
BRDA:631,78,0,0
BRDA:631,78,1,0
BRDA:635,79,0,0
BRDA:635,79,1,0
BRDA:644,80,0,0
BRDA:644,80,1,0
BRDA:659,81,0,0
BRDA:659,81,1,2
BRDA:666,82,0,2
BRDA:666,82,1,0
BRDA:666,83,0,2
BRDA:666,83,1,1
BRDA:675,84,0,0
BRDA:675,84,1,0
BRDA:685,85,0,0
BRDA:685,85,1,0
BRDA:715,86,0,1
BRDA:715,86,1,0
BRDA:716,87,0,0
BRDA:716,87,1,1
BRDA:720,88,0,0
BRDA:720,88,1,1
BRDA:720,89,0,1
BRDA:720,89,1,0
BRDA:722,90,0,0
BRDA:722,90,1,0
BRDA:728,91,0,0
BRDA:728,91,1,0
BRDA:734,92,0,0
BRDA:734,92,1,1
BRDA:740,93,0,0
BRDA:740,93,1,2
BRDA:748,94,0,0
BRDA:748,94,1,2
BRDA:748,95,0,2
BRDA:748,95,1,0
BRDA:750,96,0,0
BRDA:750,96,1,0
BRDA:756,97,0,0
BRDA:756,97,1,0
BRDA:762,98,0,2
BRDA:762,98,1,0
BRDA:762,99,0,2
BRDA:762,99,1,0
BRDA:765,100,0,0
BRDA:765,100,1,2
BRDA:775,101,0,2
BRDA:775,101,1,0
BRDA:776,102,0,2
BRDA:776,102,1,0
BRDA:777,103,0,2
BRDA:777,103,1,0
BRDA:788,104,0,2
BRDA:788,104,1,0
BRDA:789,105,0,2
BRDA:789,105,1,0
BRDA:790,106,0,2
BRDA:790,106,1,0
BRDA:802,107,0,0
BRDA:802,107,1,0
BRDA:805,108,0,0
BRDA:805,108,1,0
BRDA:811,109,0,0
BRDA:811,109,1,0
BRDA:814,110,0,0
BRDA:814,110,1,0
BRDA:814,111,0,0
BRDA:814,111,1,0
BRDA:820,112,0,0
BRDA:820,112,1,0
BRDA:840,113,0,0
BRDA:840,113,1,1
BRDA:844,114,0,0
BRDA:844,114,1,1
BRDA:847,115,0,0
BRDA:847,115,1,1
BRDA:847,116,0,1
BRDA:847,116,1,0
BRDA:853,117,0,0
BRDA:853,117,1,0
BRDA:891,118,0,0
BRDA:891,118,1,1
BRDA:901,119,0,0
BRDA:901,119,1,1
BRDA:915,120,0,0
BRDA:915,120,1,0
BRDA:925,121,0,0
BRDA:925,121,1,0
BRDA:939,122,0,0
BRDA:939,122,1,0
BRDA:949,123,0,0
BRDA:949,123,1,0
BRDA:963,124,0,0
BRDA:963,124,1,0
BRDA:973,125,0,0
BRDA:973,125,1,0
BRDA:987,126,0,0
BRDA:987,126,1,0
BRDA:997,127,0,0
BRDA:997,127,1,0
BRDA:1011,128,0,0
BRDA:1011,128,1,0
BRDA:1021,129,0,0
BRDA:1021,129,1,0
BRDA:1042,130,0,0
BRDA:1042,130,1,0
BRDA:1048,131,0,0
BRDA:1048,131,1,0
BRDA:1048,132,0,0
BRDA:1048,132,1,0
BRDA:1052,133,0,0
BRDA:1052,133,1,0
BRDA:1052,134,0,0
BRDA:1052,134,1,0
BRDA:1057,135,0,0
BRDA:1057,135,1,0
BRDA:1057,136,0,0
BRDA:1057,136,1,0
BRF:274
BRH:56
end_of_record
TN:
SF:src/controllers/admin.dashboard.controller.ts
FN:11,getAdminDashboardMetrics
FN:20,(anonymous_1)
FN:23,(anonymous_2)
FN:24,(anonymous_3)
FN:25,(anonymous_4)
FN:26,(anonymous_5)
FN:74,(anonymous_6)
FN:106,(anonymous_7)
FN:107,(anonymous_8)
FN:112,getRetentionAnalytics
FN:119,(anonymous_10)
FNF:11
FNH:0
FNDA:0,getAdminDashboardMetrics
FNDA:0,(anonymous_1)
FNDA:0,(anonymous_2)
FNDA:0,(anonymous_3)
FNDA:0,(anonymous_4)
FNDA:0,(anonymous_5)
FNDA:0,(anonymous_6)
FNDA:0,(anonymous_7)
FNDA:0,(anonymous_8)
FNDA:0,getRetentionAnalytics
FNDA:0,(anonymous_10)
DA:2,9
DA:3,9
DA:4,9
DA:5,9
DA:6,9
DA:7,9
DA:8,9
DA:9,9
DA:11,9
DA:12,0
DA:13,0
DA:14,0
DA:16,0
DA:18,0
DA:19,0
DA:20,0
DA:22,0
DA:23,0
DA:24,0
DA:25,0
DA:26,0
DA:29,0
DA:30,0
DA:31,0
DA:34,0
DA:35,0
DA:36,0
DA:39,0
DA:41,0
DA:42,0
DA:44,0
DA:45,0
DA:46,0
DA:47,0
DA:49,0
DA:50,0
DA:51,0
DA:53,0
DA:55,0
DA:61,0
DA:67,0
DA:68,0
DA:69,0
DA:70,0
DA:71,0
DA:73,0
DA:74,0
DA:76,0
DA:77,0
DA:78,0
DA:79,0
DA:86,0
DA:95,0
DA:106,0
DA:107,0
DA:112,9
DA:113,0
DA:114,0
DA:116,0
DA:117,0
DA:119,0
DA:120,0
DA:121,0
DA:122,0
DA:124,0
DA:125,0
DA:127,0
DA:128,0
DA:129,0
DA:132,0
LF:70
LH:10
BRDA:18,0,0,0
BRDA:18,0,1,0
BRDA:18,1,0,0
BRDA:18,1,1,0
BRDA:30,2,0,0
BRDA:30,2,1,0
BRDA:35,3,0,0
BRDA:35,3,1,0
BRDA:68,4,0,0
BRDA:68,4,1,0
BRDA:70,5,0,0
BRDA:70,5,1,0
BRDA:77,6,0,0
BRDA:77,6,1,0
BRDA:120,7,0,0
BRDA:120,7,1,0
BRDA:122,8,0,0
BRDA:122,8,1,0
BRDA:124,9,0,0
BRDA:124,9,1,0
BRDA:127,10,0,0
BRDA:127,10,1,0
BRDA:129,11,0,0
BRDA:129,11,1,0
BRF:24
BRH:0
end_of_record
TN:
SF:src/controllers/admin.events.controller.ts
FN:20,listEvents
FN:32,createEvent
FN:38,(anonymous_2)
FN:40,(anonymous_3)
FN:55,updateEvent
FN:65,(anonymous_5)
FN:66,(anonymous_6)
FN:70,(anonymous_7)
FN:81,deleteEvent
FN:89,(anonymous_9)
FN:90,(anonymous_10)
FNF:11
FNH:0
FNDA:0,listEvents
FNDA:0,createEvent
FNDA:0,(anonymous_2)
FNDA:0,(anonymous_3)
FNDA:0,updateEvent
FNDA:0,(anonymous_5)
FNDA:0,(anonymous_6)
FNDA:0,(anonymous_7)
FNDA:0,deleteEvent
FNDA:0,(anonymous_9)
FNDA:0,(anonymous_10)
DA:2,9
DA:3,9
DA:4,9
DA:6,9
DA:20,9
DA:21,0
DA:22,0
DA:24,0
DA:25,0
DA:28,0
DA:29,0
DA:32,9
DA:33,0
DA:34,0
DA:35,0
DA:37,0
DA:38,0
DA:39,0
DA:40,0
DA:41,0
DA:44,0
DA:52,0
DA:55,9
DA:56,0
DA:57,0
DA:58,0
DA:59,0
DA:61,0
DA:62,0
DA:64,0
DA:65,0
DA:66,0
DA:67,0
DA:69,0
DA:70,0
DA:71,0
DA:75,0
DA:76,0
DA:78,0
DA:81,9
DA:82,0
DA:83,0
DA:85,0
DA:86,0
DA:88,0
DA:89,0
DA:90,0
DA:91,0
DA:94,0
DA:95,0
LF:50
LH:8
BRDA:24,0,0,0
BRDA:24,0,1,0
BRDA:24,1,0,0
BRDA:24,1,1,0
BRDA:35,2,0,0
BRDA:35,2,1,0
BRDA:37,3,0,0
BRDA:37,3,1,0
BRDA:38,4,0,0
BRDA:38,4,1,0
BRDA:41,5,0,0
BRDA:41,5,1,0
BRDA:46,6,0,0
BRDA:46,6,1,0
BRDA:47,7,0,0
BRDA:47,7,1,0
BRDA:48,8,0,0
BRDA:48,8,1,0
BRDA:59,9,0,0
BRDA:59,9,1,0
BRDA:62,10,0,0
BRDA:62,10,1,0
BRDA:64,11,0,0
BRDA:64,11,1,0
BRDA:65,12,0,0
BRDA:65,12,1,0
BRDA:66,13,0,0
BRDA:66,13,1,0
BRDA:67,14,0,0
BRDA:67,14,1,0
BRDA:69,15,0,0
BRDA:69,15,1,0
BRDA:71,16,0,0
BRDA:71,16,1,0
BRDA:86,17,0,0
BRDA:86,17,1,0
BRDA:88,18,0,0
BRDA:88,18,1,0
BRDA:89,19,0,0
BRDA:89,19,1,0
BRDA:90,20,0,0
BRDA:90,20,1,0
BRDA:91,21,0,0
BRDA:91,21,1,0
BRF:44
BRH:0
end_of_record
TN:
SF:src/controllers/admin.jobs.controller.ts
FN:9,listJobs
FN:19,(anonymous_2)
FN:30,retryJob
FN:57,triggerJob
FN:81,deleteJob
FNF:5
FNH:0
FNDA:0,listJobs
FNDA:0,(anonymous_2)
FNDA:0,retryJob
FNDA:0,triggerJob
FNDA:0,deleteJob
DA:2,9
DA:3,9
DA:4,9
DA:6,9
DA:7,9
DA:9,9
DA:10,0
DA:11,0
DA:12,0
DA:13,0
DA:15,0
DA:16,0
DA:18,0
DA:19,0
DA:26,0
DA:30,9
DA:31,0
DA:32,0
DA:33,0
DA:34,0
DA:36,0
DA:38,0
DA:39,0
DA:40,0
DA:41,0
DA:42,0
DA:43,0
DA:45,0
DA:51,0
DA:53,0
DA:57,9
DA:58,0
DA:60,0
DA:61,0
DA:64,0
DA:65,0
DA:66,0
DA:68,0
DA:75,0
DA:77,0
DA:81,9
DA:82,0
DA:83,0
DA:84,0
DA:85,0
DA:87,0
DA:89,0
DA:95,0
DA:97,0
LF:49
LH:9
BRDA:12,0,0,0
BRDA:12,0,1,0
BRDA:13,1,0,0
BRDA:13,1,1,0
BRDA:36,2,0,0
BRDA:36,2,1,0
BRDA:60,3,0,0
BRDA:60,3,1,0
BRDA:66,4,0,0
BRDA:66,4,1,0
BRDA:87,5,0,0
BRDA:87,5,1,0
BRF:12
BRH:0
end_of_record
TN:
SF:src/controllers/admin.notifications.controller.ts
FN:19,listNotifications
FN:31,sendNotification
FN:39,(anonymous_11)
FNF:3
FNH:0
FNDA:0,listNotifications
FNDA:0,sendNotification
FNDA:0,(anonymous_11)
DA:2,9
DA:3,9
DA:4,9
DA:5,9
DA:6,9
DA:7,9
DA:9,9
DA:19,9
DA:20,0
DA:21,0
DA:23,0
DA:24,0
DA:27,0
DA:28,0
DA:31,9
DA:32,0
DA:33,0
DA:34,0
DA:36,0
DA:38,0
DA:39,0
DA:41,0
DA:42,0
DA:43,0
DA:44,0
DA:46,0
DA:47,0
DA:48,0
DA:49,0
DA:54,0
DA:65,0
DA:66,0
DA:67,0
DA:70,0
DA:71,0
DA:73,0
DA:74,0
DA:75,0
DA:77,0
DA:78,0
DA:79,0
DA:80,0
DA:81,0
DA:82,0
DA:87,0
DA:88,0
DA:90,0
DA:93,0
DA:96,0
LF:49
LH:9
BRDA:23,0,0,0
BRDA:23,0,1,0
BRDA:34,1,0,0
BRDA:34,1,1,0
BRDA:38,2,0,0
BRDA:38,2,1,0
BRDA:39,3,0,0
BRDA:39,3,1,0
BRDA:41,4,0,0
BRDA:41,4,1,0
BRDA:42,5,0,0
BRDA:42,5,1,0
BRDA:43,6,0,0
BRDA:43,6,1,0
BRDA:46,7,0,0
BRDA:46,7,1,0
BRDA:48,8,0,0
BRDA:48,8,1,0
BRDA:48,9,0,0
BRDA:48,9,1,0
BRDA:58,10,0,0
BRDA:58,10,1,0
BRDA:65,11,0,0
BRDA:65,11,1,0
BRDA:65,12,0,0
BRDA:65,12,1,0
BRDA:77,13,0,0
BRDA:77,13,1,0
BRDA:79,14,0,0
BRDA:79,14,1,0
BRDA:81,15,0,0
BRDA:81,15,1,0
BRF:32
BRH:0
end_of_record
TN:
SF:src/controllers/admin.system.controller.ts
FN:18,getLeaderboardConfig
FN:22,updateLeaderboardConfig
FN:42,resetLeaderboard
FN:56,getApiLogs
FNF:4
FNH:0
FNDA:0,getLeaderboardConfig
FNDA:0,updateLeaderboardConfig
FNDA:0,resetLeaderboard
FNDA:0,getApiLogs
DA:2,9
DA:3,9
DA:4,9
DA:5,9
DA:6,9
DA:13,9
DA:18,9
DA:19,0
DA:22,9
DA:23,0
DA:27,0
DA:28,0
DA:30,0
DA:32,0
DA:39,0
DA:42,9
DA:43,0
DA:45,0
DA:47,0
DA:53,0
DA:56,9
DA:57,0
DA:58,0
DA:59,0
LF:24
LH:10
BRDA:28,0,0,0
BRDA:28,0,1,0
BRDA:57,1,0,0
BRDA:57,1,1,0
BRF:4
BRH:0
end_of_record
TN:
SF:src/controllers/admin.users.controller.ts
FN:13,parsePaging
FN:20,listUsers
FN:28,(anonymous_3)
FN:44,(anonymous_4)
FN:67,editUser
FN:84,deleteUser
FN:95,awardBadge
FN:114,awardXP
FN:130,getUserProfile
FN:137,(anonymous_10)
FN:139,(anonymous_11)
FN:159,(anonymous_12)
FN:168,createAdminAccount
FN:177,(anonymous_14)
FN:206,resetUserProgress
FNF:15
FNH:0
FNDA:0,parsePaging
FNDA:0,listUsers
FNDA:0,(anonymous_3)
FNDA:0,(anonymous_4)
FNDA:0,editUser
FNDA:0,deleteUser
FNDA:0,awardBadge
FNDA:0,awardXP
FNDA:0,getUserProfile
FNDA:0,(anonymous_10)
FNDA:0,(anonymous_11)
FNDA:0,(anonymous_12)
FNDA:0,createAdminAccount
FNDA:0,(anonymous_14)
FNDA:0,resetUserProgress
DA:2,9
DA:3,9
DA:4,9
DA:5,9
DA:6,9
DA:11,9
DA:14,0
DA:15,0
DA:16,0
DA:17,0
DA:20,9
DA:21,0
DA:22,0
DA:24,0
DA:26,0
DA:27,0
DA:28,0
DA:29,0
DA:32,0
DA:33,0
DA:34,0
DA:37,0
DA:42,0
DA:44,0
DA:60,9
DA:67,9
DA:68,0
DA:69,0
DA:70,0
DA:72,0
DA:73,0
DA:74,0
DA:75,0
DA:76,0
DA:78,0
DA:79,0
DA:81,0
DA:84,9
DA:85,0
DA:86,0
DA:87,0
DA:88,0
DA:91,9
DA:95,9
DA:96,0
DA:97,0
DA:98,0
DA:100,0
DA:105,0
DA:107,0
DA:110,9
DA:114,9
DA:115,0
DA:116,0
DA:117,0
DA:119,0
DA:120,0
DA:122,0
DA:123,0
DA:124,0
DA:126,0
DA:130,9
DA:131,0
DA:132,0
DA:133,0
DA:135,0
DA:137,0
DA:138,0
DA:139,0
DA:142,0
DA:159,0
DA:168,9
DA:169,0
DA:170,0
DA:172,0
DA:177,0
DA:179,0
DA:180,0
DA:182,0
DA:184,0
DA:185,0
DA:187,0
DA:198,0
DA:206,9
DA:207,0
DA:208,0
DA:209,0
DA:211,0
DA:213,0
DA:214,0
DA:215,0
DA:216,0
DA:217,0
DA:218,0
DA:220,0
LF:95
LH:17
BRDA:14,0,0,0
BRDA:14,0,1,0
BRDA:15,1,0,0
BRDA:15,1,1,0
BRDA:26,2,0,0
BRDA:26,2,1,0
BRDA:26,3,0,0
BRDA:26,3,1,0
BRDA:32,4,0,0
BRDA:32,4,1,0
BRDA:46,5,0,0
BRDA:46,5,1,0
BRDA:47,6,0,0
BRDA:47,6,1,0
BRDA:48,7,0,0
BRDA:48,7,1,0
BRDA:49,8,0,0
BRDA:49,8,1,0
BRDA:50,9,0,0
BRDA:50,9,1,0
BRDA:51,10,0,0
BRDA:51,10,1,0
BRDA:53,11,0,0
BRDA:53,11,1,0
BRDA:54,12,0,0
BRDA:54,12,1,0
BRDA:55,13,0,0
BRDA:55,13,1,0
BRDA:70,14,0,0
BRDA:70,14,1,0
BRDA:73,15,0,0
BRDA:73,15,1,0
BRDA:74,16,0,0
BRDA:74,16,1,0
BRDA:75,17,0,0
BRDA:75,17,1,0
BRDA:76,18,0,0
BRDA:76,18,1,0
BRDA:79,19,0,0
BRDA:79,19,1,0
BRDA:87,20,0,0
BRDA:87,20,1,0
BRDA:98,21,0,0
BRDA:98,21,1,0
BRDA:105,22,0,0
BRDA:105,22,1,0
BRDA:107,23,0,0
BRDA:107,23,1,0
BRDA:117,24,0,0
BRDA:117,24,1,0
BRDA:120,25,0,0
BRDA:120,25,1,0
BRDA:122,26,0,0
BRDA:122,26,1,0
BRDA:133,27,0,0
BRDA:133,27,1,0
BRDA:138,28,0,0
BRDA:138,28,1,0
BRDA:139,29,0,0
BRDA:139,29,1,0
BRDA:139,30,0,0
BRDA:139,30,1,0
BRDA:147,31,0,0
BRDA:147,31,1,0
BRDA:148,32,0,0
BRDA:148,32,1,0
BRDA:149,33,0,0
BRDA:149,33,1,0
BRDA:151,34,0,0
BRDA:151,34,1,0
BRDA:152,35,0,0
BRDA:152,35,1,0
BRDA:170,36,0,0
BRDA:170,36,1,0
BRDA:177,37,0,0
BRDA:177,37,1,0
BRDA:180,38,0,0
BRDA:180,38,1,0
BRDA:184,39,0,0
BRDA:184,39,1,0
BRDA:184,40,0,0
BRDA:184,40,1,0
BRDA:185,41,0,0
BRDA:185,41,1,0
BRDA:209,42,0,0
BRDA:209,42,1,0
BRF:86
BRH:0
end_of_record
TN:
SF:src/controllers/analytics.controller.ts
FN:13,getAnalytics
FN:26,(anonymous_2)
FN:26,(anonymous_3)
FNF:3
FNH:0
FNDA:0,getAnalytics
FNDA:0,(anonymous_2)
FNDA:0,(anonymous_3)
DA:2,9
DA:3,9
DA:4,9
DA:5,9
DA:11,9
DA:13,9
DA:14,0
DA:15,0
DA:16,0
DA:17,0
DA:20,0
DA:21,0
DA:22,0
DA:25,0
DA:26,0
DA:27,0
DA:29,0
DA:30,0
DA:31,0
DA:32,0
DA:33,0
DA:35,0
DA:37,0
DA:38,0
DA:39,0
DA:40,0
DA:43,0
DA:45,0
DA:46,0
DA:48,0
DA:49,0
DA:50,0
DA:52,0
DA:57,0
DA:58,0
DA:59,0
DA:62,0
DA:63,0
DA:64,0
DA:65,0
DA:66,0
DA:72,0
DA:133,0
DA:144,0
DA:145,0
LF:45
LH:6
BRDA:16,0,0,0
BRDA:16,0,1,0
BRDA:21,1,0,0
BRDA:21,1,1,0
BRDA:26,2,0,0
BRDA:26,2,1,0
BRDA:32,3,0,0
BRDA:32,3,1,0
BRDA:33,4,0,0
BRDA:33,4,1,0
BRDA:35,5,0,0
BRDA:35,5,1,0
BRDA:40,6,0,0
BRDA:40,6,1,0
BRDA:43,7,0,0
BRDA:43,7,1,0
BRDA:43,8,0,0
BRDA:43,8,1,0
BRDA:59,9,0,0
BRDA:59,9,1,0
BRDA:59,10,0,0
BRDA:59,10,1,0
BRDA:68,11,0,0
BRDA:68,11,1,0
BRF:24
BRH:0
end_of_record
TN:
SF:src/controllers/attempt.controller.ts
FN:34,submitAttempt
FN:54,(anonymous_2)
FN:55,(anonymous_3)
FN:176,getQuizForLesson
FN:184,(anonymous_5)
FNF:5
FNH:3
FNDA:10,submitAttempt
FNDA:27,(anonymous_2)
FNDA:54,(anonymous_3)
FNDA:0,getQuizForLesson
FNDA:0,(anonymous_5)
DA:2,9
DA:3,9
DA:4,9
DA:6,9
DA:7,9
DA:8,9
DA:9,9
DA:10,9
DA:17,9
DA:18,9
DA:19,9
DA:22,9
DA:34,9
DA:35,10
DA:37,10
DA:38,10
DA:39,0
DA:41,10
DA:43,10
DA:45,10
DA:46,1
DA:49,9
DA:50,9
DA:52,9
DA:54,9
DA:55,54
DA:56,27
DA:57,27
DA:58,27
DA:61,9
DA:62,9
DA:63,9
DA:65,9
DA:66,9
DA:68,9
DA:69,9
DA:70,9
DA:72,9
DA:73,9
DA:75,9
DA:76,9
DA:77,9
DA:78,9
DA:79,9
DA:81,9
DA:82,9
DA:83,9
DA:85,9
DA:87,9
DA:88,9
DA:89,9
DA:91,9
DA:97,9
DA:99,9
DA:105,9
DA:106,8
DA:107,8
DA:110,9
DA:111,9
DA:113,9
DA:114,5
DA:116,5
DA:117,5
DA:119,5
DA:121,5
DA:122,0
DA:126,9
DA:129,9
DA:148,9
DA:157,9
DA:158,9
DA:160,9
DA:170,0
DA:171,0
DA:172,0
DA:176,9
DA:177,0
DA:178,0
DA:180,0
DA:181,0
DA:184,0
DA:185,0
DA:186,0
DA:189,0
LF:84
LH:71
BRDA:35,0,0,0
BRDA:35,0,1,10
BRDA:38,1,0,0
BRDA:38,1,1,10
BRDA:45,2,0,1
BRDA:45,2,1,9
BRDA:50,3,0,0
BRDA:50,3,1,9
BRDA:56,4,0,27
BRDA:56,4,1,27
BRDA:57,5,0,24
BRDA:57,5,1,3
BRDA:70,6,0,0
BRDA:70,6,1,9
BRDA:75,7,0,9
BRDA:75,7,1,8
BRDA:76,8,0,8
BRDA:76,8,1,1
BRDA:77,9,0,0
BRDA:77,9,1,9
BRDA:78,10,0,0
BRDA:78,10,1,9
BRDA:81,11,0,0
BRDA:81,11,1,9
BRDA:97,12,0,9
BRDA:97,12,1,2
BRDA:105,13,0,8
BRDA:105,13,1,1
BRDA:113,14,0,5
BRDA:113,14,1,4
BRDA:113,15,0,9
BRDA:113,15,1,8
BRDA:121,16,0,0
BRDA:121,16,1,5
BRDA:121,17,0,5
BRDA:121,17,1,0
BRDA:141,18,0,9
BRDA:141,18,1,2
BRDA:178,19,0,0
BRDA:178,19,1,0
BRDA:181,20,0,0
BRDA:181,20,1,0
BRF:42
BRH:29
end_of_record
TN:
SF:src/controllers/auth.controller.ts
FN:14,normalizeIndianPhone
FN:33,setRefreshCookie
FN:43,requestOtp
FN:57,verifyOtp
FN:107,googleSignIn
FN:202,refresh
FN:215,(anonymous_6)
FN:248,logout
FNF:8
FNH:4
FNDA:87,normalizeIndianPhone
FNDA:42,setRefreshCookie
FNDA:44,requestOtp
FNDA:43,verifyOtp
FNDA:0,googleSignIn
FNDA:0,refresh
FNDA:0,(anonymous_6)
FNDA:0,logout
DA:2,9
DA:3,9
DA:4,9
DA:5,9
DA:6,9
DA:7,9
DA:8,9
DA:9,9
DA:12,9
DA:15,87
DA:16,87
DA:17,0
DA:18,0
DA:21,9
DA:24,9
DA:29,9
DA:34,42
DA:43,9
DA:44,44
DA:45,44
DA:46,0
DA:49,44
DA:50,44
DA:52,44
DA:54,44
DA:57,9
DA:58,43
DA:59,43
DA:60,0
DA:63,43
DA:65,43
DA:66,43
DA:67,1
DA:70,42
DA:71,42
DA:73,42
DA:74,42
DA:76,42
DA:78,42
DA:80,42
DA:89,42
DA:91,42
DA:107,9
DA:108,0
DA:109,0
DA:111,0
DA:112,0
DA:113,0
DA:116,0
DA:118,0
DA:121,0
DA:122,0
DA:127,0
DA:130,0
DA:131,0
DA:132,0
DA:133,0
DA:134,0
DA:135,0
DA:137,0
DA:138,0
DA:141,0
DA:143,0
DA:144,0
DA:156,0
DA:157,0
DA:158,0
DA:159,0
DA:160,0
DA:162,0
DA:163,0
DA:164,0
DA:168,0
DA:169,0
DA:171,0
DA:173,0
DA:175,0
DA:184,0
DA:186,0
DA:202,9
DA:203,0
DA:204,0
DA:207,0
DA:208,0
DA:210,0
DA:213,0
DA:215,0
DA:216,0
DA:217,0
DA:218,0
DA:220,0
DA:223,0
DA:224,0
DA:225,0
DA:228,0
DA:229,0
DA:231,0
DA:232,0
DA:234,0
DA:242,0
DA:244,0
DA:245,0
DA:248,9
DA:249,0
DA:251,0
DA:252,0
DA:253,0
DA:254,0
DA:255,0
DA:256,0
DA:257,0
DA:258,0
DA:263,0
DA:264,0
LF:114
LH:41
BRDA:16,0,0,87
BRDA:16,0,1,0
BRDA:17,1,0,0
BRDA:17,1,1,0
BRDA:17,2,0,0
BRDA:17,2,1,0
BRDA:45,3,0,0
BRDA:45,3,1,44
BRDA:59,4,0,0
BRDA:59,4,1,43
BRDA:66,5,0,1
BRDA:66,5,1,42
BRDA:71,6,0,31
BRDA:71,6,1,11
BRDA:78,7,0,42
BRDA:78,7,1,42
BRDA:78,7,2,42
BRDA:84,8,0,42
BRDA:84,8,1,0
BRDA:85,9,0,42
BRDA:85,9,1,42
BRDA:109,10,0,0
BRDA:109,10,1,0
BRDA:112,11,0,0
BRDA:112,11,1,0
BRDA:133,12,0,0
BRDA:133,12,1,0
BRDA:134,13,0,0
BRDA:134,13,1,0
BRDA:135,14,0,0
BRDA:135,14,1,0
BRDA:137,15,0,0
BRDA:137,15,1,0
BRDA:137,16,0,0
BRDA:137,16,1,0
BRDA:143,17,0,0
BRDA:143,17,1,0
BRDA:148,18,0,0
BRDA:148,18,1,0
BRDA:157,19,0,0
BRDA:157,19,1,0
BRDA:158,20,0,0
BRDA:158,20,1,0
BRDA:158,21,0,0
BRDA:158,21,1,0
BRDA:159,22,0,0
BRDA:159,22,1,0
BRDA:159,23,0,0
BRDA:159,23,1,0
BRDA:160,24,0,0
BRDA:160,24,1,0
BRDA:160,25,0,0
BRDA:160,25,1,0
BRDA:162,26,0,0
BRDA:162,26,1,0
BRDA:173,27,0,0
BRDA:173,27,1,0
BRDA:173,27,2,0
BRDA:179,28,0,0
BRDA:179,28,1,0
BRDA:180,29,0,0
BRDA:180,29,1,0
BRDA:196,30,0,0
BRDA:196,30,1,0
BRDA:204,31,0,0
BRDA:204,31,1,0
BRDA:218,32,0,0
BRDA:218,32,1,0
BRDA:223,33,0,0
BRDA:223,33,1,0
BRDA:238,34,0,0
BRDA:238,34,1,0
BRDA:239,35,0,0
BRDA:239,35,1,0
BRDA:251,36,0,0
BRDA:251,36,1,0
BRDA:255,37,0,0
BRDA:255,37,1,0
BRF:78
BRH:13
end_of_record
TN:
SF:src/controllers/chat.controller.ts
FN:18,detectCheating
FN:29,chat
FN:118,(anonymous_2)
FN:125,(anonymous_3)
FN:130,(anonymous_4)
FN:152,(anonymous_5)
FNF:6
FNH:2
FNDA:4,detectCheating
FNDA:5,chat
FNDA:0,(anonymous_2)
FNDA:0,(anonymous_3)
FNDA:0,(anonymous_4)
FNDA:0,(anonymous_5)
DA:2,9
DA:4,9
DA:5,9
DA:6,9
DA:7,9
DA:8,9
DA:9,9
DA:10,9
DA:12,9
DA:19,4
DA:20,4
DA:29,9
DA:30,5
DA:31,0
DA:33,5
DA:34,5
DA:35,0
DA:40,5
DA:41,5
DA:43,5
DA:52,5
DA:54,5
DA:55,1
DA:60,4
DA:62,4
DA:63,0
DA:68,4
DA:69,1
DA:77,3
DA:79,3
DA:80,0
DA:81,0
DA:82,0
DA:86,3
DA:87,3
DA:91,3
DA:92,3
DA:95,3
DA:96,3
DA:97,1
DA:98,1
DA:99,1
DA:105,3
DA:106,3
DA:107,3
DA:116,3
DA:119,0
DA:124,3
DA:125,0
DA:126,0
DA:130,0
DA:131,0
DA:136,3
DA:145,3
DA:150,3
DA:152,0
DA:154,3
DA:163,3
DA:165,3
DA:169,3
DA:170,3
DA:172,3
DA:174,3
LF:63
LH:51
BRDA:21,0,0,4
BRDA:21,0,1,3
BRDA:21,0,2,3
BRDA:21,0,3,3
BRDA:21,0,4,3
BRDA:30,1,0,0
BRDA:30,1,1,5
BRDA:34,2,0,0
BRDA:34,2,1,5
BRDA:40,3,0,5
BRDA:40,3,1,0
BRDA:54,4,0,1
BRDA:54,4,1,4
BRDA:54,5,0,5
BRDA:54,5,1,0
BRDA:62,6,0,0
BRDA:62,6,1,4
BRDA:68,7,0,1
BRDA:68,7,1,3
BRDA:79,8,0,0
BRDA:79,8,1,3
BRDA:81,9,0,0
BRDA:81,9,1,0
BRDA:81,10,0,0
BRDA:81,10,1,0
BRDA:86,11,0,3
BRDA:86,11,1,0
BRDA:91,12,0,1
BRDA:91,12,1,2
BRDA:96,13,0,1
BRDA:96,13,1,2
BRDA:98,14,0,1
BRDA:98,14,1,0
BRDA:100,15,0,1
BRDA:100,15,1,0
BRDA:119,16,0,0
BRDA:119,16,1,0
BRDA:119,17,0,0
BRDA:119,17,1,0
BRDA:120,18,0,0
BRDA:120,18,1,0
BRDA:120,19,0,0
BRDA:120,19,1,0
BRDA:124,20,0,0
BRDA:124,20,1,3
BRDA:157,21,0,1
BRDA:157,21,1,2
BRDA:169,22,0,3
BRDA:169,22,1,0
BRF:49
BRH:26
end_of_record
TN:
SF:src/controllers/curriculum.controller.ts
FN:12,getStandards
FN:17,getSubjects
FN:39,getUnits
FN:47,getChapters
FN:55,getLessons
FN:72,(anonymous_6)
FN:75,(anonymous_7)
FN:77,(anonymous_8)
FN:92,getLessonById
FNF:9
FNH:8
FNDA:1,getStandards
FNDA:1,getSubjects
FNDA:1,getUnits
FNDA:1,getChapters
FNDA:2,getLessons
FNDA:6,(anonymous_6)
FNDA:1,(anonymous_7)
FNDA:6,(anonymous_8)
FNDA:0,getLessonById
DA:2,9
DA:3,9
DA:4,9
DA:5,9
DA:6,9
DA:7,9
DA:8,9
DA:9,9
DA:12,9
DA:13,1
DA:14,1
DA:17,9
DA:18,1
DA:19,1
DA:21,1
DA:22,1
DA:24,1
DA:25,0
DA:26,0
DA:27,0
DA:28,0
DA:30,0
DA:31,0
DA:34,1
DA:35,1
DA:36,1
DA:39,9
DA:40,1
DA:41,1
DA:43,1
DA:44,1
DA:47,9
DA:48,1
DA:49,1
DA:51,1
DA:52,1
DA:55,9
DA:56,2
DA:58,2
DA:59,0
DA:62,2
DA:66,2
DA:67,0
DA:70,2
DA:72,6
DA:75,2
DA:77,2
DA:78,6
DA:80,6
DA:82,6
DA:89,2
DA:92,9
DA:93,0
DA:94,0
DA:95,0
DA:96,0
LF:56
LH:44
BRDA:19,0,0,0
BRDA:19,0,1,1
BRDA:24,1,0,0
BRDA:24,1,1,1
BRDA:26,2,0,0
BRDA:26,2,1,0
BRDA:41,3,0,0
BRDA:41,3,1,1
BRDA:49,4,0,0
BRDA:49,4,1,1
BRDA:58,5,0,0
BRDA:58,5,1,2
BRDA:66,6,0,0
BRDA:66,6,1,2
BRDA:80,7,0,6
BRDA:80,7,1,4
BRDA:95,8,0,0
BRDA:95,8,1,0
BRF:18
BRH:8
end_of_record
TN:
SF:src/controllers/dashboard.controller.ts
FN:14,getDashboardHome
FN:30,(anonymous_2)
FN:96,(anonymous_3)
FN:98,(anonymous_4)
FN:103,(anonymous_5)
FN:105,(anonymous_6)
FNF:6
FNH:0
FNDA:0,getDashboardHome
FNDA:0,(anonymous_2)
FNDA:0,(anonymous_3)
FNDA:0,(anonymous_4)
FNDA:0,(anonymous_5)
FNDA:0,(anonymous_6)
DA:3,9
DA:4,9
DA:5,9
DA:6,9
DA:7,9
DA:8,9
DA:9,9
DA:10,9
DA:11,9
DA:12,9
DA:14,9
DA:15,0
DA:16,0
DA:19,0
DA:20,0
DA:21,0
DA:25,0
DA:26,0
DA:28,0
DA:29,0
DA:30,0
DA:32,0
DA:43,0
DA:45,0
DA:46,0
DA:50,0
DA:51,0
DA:55,0
DA:56,0
DA:59,0
DA:62,0
DA:66,0
DA:87,0
DA:89,0
DA:90,0
DA:95,0
DA:96,0
DA:97,0
DA:98,0
DA:103,0
DA:105,0
DA:119,0
DA:124,0
DA:147,0
LF:44
LH:11
BRDA:15,0,0,0
BRDA:15,0,1,0
BRDA:20,1,0,0
BRDA:20,1,1,0
BRDA:32,2,0,0
BRDA:32,2,1,0
BRDA:50,3,0,0
BRDA:50,3,1,0
BRDA:55,4,0,0
BRDA:55,4,1,0
BRDA:55,5,0,0
BRDA:55,5,1,0
BRDA:69,6,0,0
BRDA:69,6,1,0
BRDA:70,7,0,0
BRDA:70,7,1,0
BRDA:71,8,0,0
BRDA:71,8,1,0
BRDA:95,9,0,0
BRDA:95,9,1,0
BRDA:107,10,0,0
BRDA:107,10,1,0
BRDA:108,11,0,0
BRDA:108,11,1,0
BRDA:109,12,0,0
BRDA:109,12,1,0
BRDA:110,13,0,0
BRDA:110,13,1,0
BRDA:111,14,0,0
BRDA:111,14,1,0
BRDA:129,15,0,0
BRDA:129,15,1,0
BRDA:130,16,0,0
BRDA:130,16,1,0
BRDA:134,17,0,0
BRDA:134,17,1,0
BRDA:135,18,0,0
BRDA:135,18,1,0
BRF:38
BRH:0
end_of_record
TN:
SF:src/controllers/leaderboard.controller.ts
FN:6,weeklyGrowth
FN:12,mastery
FNF:2
FNH:1
FNDA:1,weeklyGrowth
FNDA:0,mastery
DA:2,9
DA:4,9
DA:6,9
DA:7,1
DA:8,1
DA:9,1
DA:12,9
DA:13,0
DA:14,0
DA:15,0
LF:10
LH:7
BRDA:7,0,0,0
BRDA:7,0,1,1
BRDA:13,1,0,0
BRDA:13,1,1,0
BRF:4
BRH:1
end_of_record
TN:
SF:src/controllers/notifications.controller.ts
FN:15,buildTargetFilter
FN:41,listMyNotifications
FN:73,(anonymous_3)
FN:81,(anonymous_4)
FN:83,(anonymous_5)
FN:94,(anonymous_6)
FN:98,(anonymous_7)
FN:105,(anonymous_8)
FN:118,getUnreadCount
FN:148,markNotificationRead
FN:190,markAllNotificationsRead
FN:209,(anonymous_12)
FNF:12
FNH:11
FNDA:13,buildTargetFilter
FNDA:7,listMyNotifications
FNDA:7,(anonymous_3)
FNDA:2,(anonymous_4)
FNDA:7,(anonymous_5)
FNDA:0,(anonymous_6)
FNDA:6,(anonymous_7)
FNDA:7,(anonymous_8)
FNDA:3,getUnreadCount
FNDA:1,markNotificationRead
FNDA:2,markAllNotificationsRead
FNDA:4,(anonymous_12)
DA:2,9
DA:3,9
DA:5,9
DA:6,9
DA:7,9
DA:16,13
DA:17,13
DA:19,13
DA:21,13
DA:22,13
DA:25,13
DA:27,13
DA:41,9
DA:42,7
DA:44,7
DA:45,7
DA:46,7
DA:47,7
DA:48,7
DA:52,7
DA:53,7
DA:59,7
DA:68,7
DA:69,1
DA:73,7
DA:74,6
DA:81,6
DA:83,7
DA:93,6
DA:94,0
DA:97,6
DA:99,6
DA:105,7
DA:109,6
DA:118,9
DA:119,3
DA:121,3
DA:123,3
DA:124,3
DA:130,3
DA:137,3
DA:139,3
DA:148,9
DA:149,1
DA:151,1
DA:153,1
DA:154,0
DA:157,1
DA:160,1
DA:161,1
DA:168,1
DA:169,0
DA:173,1
DA:182,1
DA:190,9
DA:191,2
DA:193,2
DA:195,2
DA:196,2
DA:204,2
DA:205,0
DA:209,4
DA:220,2
DA:221,2
DA:223,2
LF:65
LH:61
BRDA:21,0,0,13
BRDA:21,0,1,0
BRDA:42,1,0,0
BRDA:42,1,1,7
BRDA:45,2,0,7
BRDA:45,2,1,7
BRDA:46,3,0,7
BRDA:46,3,1,7
BRDA:68,4,0,1
BRDA:68,4,1,6
BRDA:93,5,0,0
BRDA:93,5,1,6
BRDA:119,6,0,0
BRDA:119,6,1,3
BRDA:149,7,0,0
BRDA:149,7,1,1
BRDA:153,8,0,0
BRDA:153,8,1,1
BRDA:168,9,0,0
BRDA:168,9,1,1
BRDA:191,10,0,0
BRDA:191,10,1,2
BRDA:204,11,0,0
BRDA:204,11,1,2
BRF:24
BRH:15
end_of_record
TN:
SF:src/controllers/user.controller.ts
FN:7,getMe
FN:38,completeProfile
FN:64,completeOnboarding
FNF:3
FNH:2
FNDA:2,getMe
FNDA:27,completeProfile
FNDA:0,completeOnboarding
DA:2,9
DA:3,9
DA:5,9
DA:7,9
DA:8,2
DA:10,2
DA:11,2
DA:12,2
DA:13,2
DA:32,9
DA:38,9
DA:39,27
DA:41,27
DA:42,27
DA:43,0
DA:45,27
DA:46,27
DA:48,27
DA:49,27
DA:51,27
DA:53,27
DA:56,9
DA:64,9
DA:65,0
DA:67,0
DA:68,0
DA:69,0
DA:71,0
DA:72,0
DA:74,0
DA:76,0
DA:84,0
DA:85,0
DA:87,0
DA:89,0
LF:35
LH:22
BRDA:8,0,0,0
BRDA:8,0,1,2
BRDA:11,1,0,0
BRDA:11,1,1,2
BRDA:39,2,0,0
BRDA:39,2,1,27
BRDA:42,3,0,0
BRDA:42,3,1,27
BRDA:46,4,0,0
BRDA:46,4,1,27
BRDA:65,5,0,0
BRDA:65,5,1,0
BRDA:68,6,0,0
BRDA:68,6,1,0
BRDA:72,7,0,0
BRDA:72,7,1,0
BRDA:77,8,0,0
BRDA:77,8,1,0
BRDA:79,9,0,0
BRDA:79,9,1,0
BRDA:80,10,0,0
BRDA:80,10,1,0
BRF:22
BRH:5
end_of_record
TN:
SF:src/jobs/agendaManager.ts
FN:10,(anonymous_0)
FN:12,(anonymous_1)
FN:19,(anonymous_2)
FN:34,(anonymous_3)
FN:44,(anonymous_4)
FN:51,(anonymous_5)
FN:55,(anonymous_6)
FNF:7
FNH:3
FNDA:9,(anonymous_0)
FNDA:9,(anonymous_1)
FNDA:0,(anonymous_2)
FNDA:0,(anonymous_3)
FNDA:0,(anonymous_4)
FNDA:0,(anonymous_5)
FNDA:1,(anonymous_6)
DA:2,9
DA:3,9
DA:7,9
DA:8,9
DA:13,9
DA:14,9
DA:16,9
DA:20,0
DA:22,0
DA:24,0
DA:31,0
DA:35,0
DA:37,0
DA:38,0
DA:39,0
DA:40,0
DA:41,0
DA:45,0
DA:46,0
DA:47,0
DA:52,0
DA:56,1
DA:58,0
DA:66,9
LF:24
LH:9
BRDA:13,0,0,9
BRDA:13,0,1,0
BRDA:20,1,0,0
BRDA:20,1,1,0
BRDA:35,2,0,0
BRDA:35,2,1,0
BRDA:45,3,0,0
BRDA:45,3,1,0
BRDA:52,4,0,0
BRDA:52,4,1,0
BRDA:56,5,0,1
BRDA:56,5,1,0
BRDA:61,6,0,0
BRDA:61,6,1,0
BRF:14
BRH:2
end_of_record
TN:
SF:src/jobs/definitions.ts
FN:13,defineJobs
FNF:1
FNH:0
FNDA:0,defineJobs
DA:1,9
DA:2,9
DA:3,9
DA:5,9
DA:13,9
DA:14,0
DA:15,0
DA:16,0
LF:8
LH:5
BRF:0
BRH:0
end_of_record
TN:
SF:src/jobs/handlers/aiLogJob.ts
FN:4,aiLogJob
FNF:1
FNH:0
FNDA:0,aiLogJob
DA:2,9
DA:4,9
DA:5,0
LF:3
LH:2
BRF:0
BRH:0
end_of_record
TN:
SF:src/jobs/handlers/recomputeWeeklyLeaderboardJob.ts
FN:4,recomputeWeeklyLeaderboardJob
FNF:1
FNH:0
FNDA:0,recomputeWeeklyLeaderboardJob
DA:2,9
DA:4,9
DA:5,0
LF:3
LH:2
BRF:0
BRH:0
end_of_record
TN:
SF:src/jobs/handlers/sendOtpEmailJob.ts
FN:4,sendOtpEmailJob
FNF:1
FNH:0
FNDA:0,sendOtpEmailJob
DA:2,9
DA:4,9
DA:5,0
DA:6,0
LF:4
LH:2
BRF:0
BRH:0
end_of_record
TN:
SF:src/jobs/tasks/recomputeWeeklyLeaderboard.ts
FN:3,recomputeWeeklyLeaderboard
FNF:1
FNH:0
FNDA:0,recomputeWeeklyLeaderboard
DA:1,9
DA:3,9
DA:4,0
DA:5,0
LF:4
LH:2
BRF:0
BRH:0
end_of_record
TN:
SF:src/jobs/tasks/sendOtpEmail.ts
FN:3,sendOtpEmail
FNF:1
FNH:0
FNDA:0,sendOtpEmail
DA:1,9
DA:3,9
DA:4,0
DA:5,0
DA:6,0
DA:9,0
DA:10,0
LF:7
LH:2
BRDA:5,0,0,0
BRDA:5,0,1,0
BRDA:5,1,0,0
BRDA:5,1,1,0
BRF:4
BRH:0
end_of_record
TN:
SF:src/jobs/tasks/writeAiLog.ts
FN:3,writeAiLog
FNF:1
FNH:0
FNDA:0,writeAiLog
DA:1,9
DA:3,9
DA:4,0
DA:5,0
LF:4
LH:2
BRF:0
BRH:0
end_of_record
TN:
SF:src/middleware/admin.ts
FN:5,requireAdmin
FNF:1
FNH:1
FNDA:26,requireAdmin
DA:3,9
DA:5,9
DA:6,26
DA:7,26
DA:8,25
LF:5
LH:5
BRDA:6,0,0,0
BRDA:6,0,1,26
BRDA:7,1,0,1
BRDA:7,1,1,25
BRF:4
BRH:3
end_of_record
TN:
SF:src/middleware/aiRateLimit.ts
FN:7,(anonymous_9)
FNF:1
FNH:1
FNDA:5,(anonymous_9)
DA:1,9
DA:3,9
DA:7,5
LF:3
LH:3
BRDA:7,0,0,5
BRDA:7,0,1,0
BRF:2
BRH:1
end_of_record
TN:
SF:src/middleware/auth.ts
FN:15,requireAuth
FN:35,(anonymous_1)
FN:43,requireRole
FN:44,(anonymous_3)
FN:52,requireSuperAdmin
FN:60,profileGate
FNF:6
FNH:2
FNDA:91,requireAuth
FNDA:0,(anonymous_1)
FNDA:0,requireRole
FNDA:0,(anonymous_3)
FNDA:0,requireSuperAdmin
FNDA:33,profileGate
DA:2,9
DA:3,9
DA:4,9
DA:15,9
DA:16,91
DA:17,91
DA:18,3
DA:21,88
DA:23,88
DA:24,88
DA:26,88
DA:27,88
DA:28,0
DA:31,88
DA:35,0
DA:37,88
DA:39,0
DA:43,9
DA:44,0
DA:45,0
DA:46,0
DA:47,0
DA:48,0
DA:52,9
DA:53,0
DA:54,0
DA:55,0
DA:57,0
DA:60,9
DA:61,33
DA:63,33
DA:64,33
DA:66,33
DA:67,2
DA:70,31
LF:35
LH:23
BRDA:17,0,0,3
BRDA:17,0,1,88
BRDA:17,1,0,91
BRDA:17,1,1,88
BRDA:27,2,0,0
BRDA:27,2,1,88
BRDA:45,3,0,0
BRDA:45,3,1,0
BRDA:46,4,0,0
BRDA:46,4,1,0
BRDA:53,5,0,0
BRDA:53,5,1,0
BRDA:54,6,0,0
BRDA:54,6,1,0
BRDA:54,7,0,0
BRDA:54,7,1,0
BRDA:61,8,0,0
BRDA:61,8,1,33
BRDA:64,9,0,0
BRDA:64,9,1,33
BRDA:66,10,0,2
BRDA:66,10,1,31
BRF:22
BRH:9
end_of_record
TN:
SF:src/middleware/error.ts
FN:4,errorHandler
FNF:1
FNH:0
FNDA:0,errorHandler
DA:2,9
DA:4,9
DA:5,0
DA:6,0
DA:8,0
DA:9,0
DA:11,0
DA:12,0
DA:15,0
LF:9
LH:2
BRDA:6,0,0,0
BRDA:6,0,1,0
BRDA:6,1,0,0
BRDA:6,1,1,0
BRDA:8,2,0,0
BRDA:8,2,1,0
BRDA:8,3,0,0
BRDA:8,3,1,0
BRDA:9,4,0,0
BRDA:9,4,1,0
BRDA:11,5,0,0
BRDA:11,5,1,0
BRF:12
BRH:0
end_of_record
TN:
SF:src/middleware/notFound.ts
FN:4,notFound
FNF:1
FNH:0
FNDA:0,notFound
DA:2,9
DA:4,9
DA:5,0
LF:3
LH:2
BRF:0
BRH:0
end_of_record
TN:
SF:src/middleware/requestId.ts
FN:4,requestId
FNF:1
FNH:1
FNDA:184,requestId
DA:2,9
DA:4,9
DA:5,184
DA:6,184
DA:8,184
DA:9,184
DA:11,184
LF:7
LH:7
BRDA:6,0,0,184
BRDA:6,0,1,0
BRDA:6,0,2,184
BRF:3
BRH:2
end_of_record
TN:
SF:src/models/AdminAuditLog.ts
FNF:0
FNH:0
DA:1,9
DA:3,9
DA:17,9
DA:19,9
LF:4
LH:4
BRF:0
BRH:0
end_of_record
TN:
SF:src/models/Attempt.ts
FNF:0
FNH:0
DA:1,9
DA:3,9
DA:9,9
DA:22,9
DA:23,9
DA:24,9
DA:26,9
LF:7
LH:7
BRF:0
BRH:0
end_of_record
TN:
SF:src/models/Badge.ts
FNF:0
FNH:0
DA:1,9
DA:17,9
DA:36,9
LF:3
LH:3
BRF:0
BRH:0
end_of_record
TN:
SF:src/models/Chapter.ts
FNF:0
FNH:0
DA:1,9
DA:2,9
DA:4,9
DA:13,9
DA:14,9
LF:5
LH:5
BRF:0
BRH:0
end_of_record
TN:
SF:src/models/ChatMessage.ts
FNF:0
FNH:0
DA:1,9
DA:3,9
DA:13,9
DA:15,9
LF:4
LH:4
BRF:0
BRH:0
end_of_record
TN:
SF:src/models/ChatSession.ts
FNF:0
FNH:0
DA:1,9
DA:3,9
DA:12,9
LF:3
LH:3
BRF:0
BRH:0
end_of_record
TN:
SF:src/models/Event.ts
FNF:0
FNH:0
DA:1,9
DA:3,9
DA:21,9
LF:3
LH:3
BRF:0
BRH:0
end_of_record
TN:
SF:src/models/Lesson.ts
FNF:0
FNH:0
DA:1,9
DA:3,9
DA:19,9
LF:3
LH:3
BRF:0
BRH:0
end_of_record
TN:
SF:src/models/Notification.ts
FNF:0
FNH:0
DA:1,9
DA:3,9
DA:19,9
LF:3
LH:3
BRF:0
BRH:0
end_of_record
TN:
SF:src/models/Otp.ts
FNF:0
FNH:0
DA:1,9
DA:3,9
DA:14,9
DA:16,9
LF:4
LH:4
BRF:0
BRH:0
end_of_record
TN:
SF:src/models/Quiz.ts
FNF:0
FNH:0
DA:1,9
DA:2,9
DA:4,9
DA:12,9
DA:26,9
DA:27,9
DA:28,9
DA:30,9
LF:8
LH:8
BRF:0
BRH:0
end_of_record
TN:
SF:src/models/RefreshToken.ts
FNF:0
FNH:0
DA:1,9
DA:3,9
DA:16,9
DA:18,9
LF:4
LH:4
BRF:0
BRH:0
end_of_record
TN:
SF:src/models/Standard.ts
FNF:0
FNH:0
DA:1,9
DA:2,9
DA:4,9
DA:13,9
DA:14,9
LF:5
LH:5
BRF:0
BRH:0
end_of_record
TN:
SF:src/models/Subject.ts
FNF:0
FNH:0
DA:1,9
DA:2,9
DA:4,9
DA:13,9
DA:14,9
LF:5
LH:5
BRF:0
BRH:0
end_of_record
TN:
SF:src/models/Unit.ts
FNF:0
FNH:0
DA:1,9
DA:2,9
DA:4,9
DA:13,9
DA:14,9
LF:5
LH:5
BRF:0
BRH:0
end_of_record
TN:
SF:src/models/User.ts
FNF:0
FNH:0
DA:1,9
DA:5,9
DA:42,9
LF:3
LH:3
BRF:0
BRH:0
end_of_record
TN:
SF:src/models/UserDailyUsage.ts
FNF:0
FNH:0
DA:1,9
DA:3,9
DA:12,9
DA:14,9
LF:4
LH:4
BRF:0
BRH:0
end_of_record
TN:
SF:src/models/UserNotificationRead.ts
FNF:0
FNH:0
DA:1,9
DA:9,9
DA:28,9
DA:33,9
LF:4
LH:4
BRF:0
BRH:0
end_of_record
TN:
SF:src/models/UserWeeklyStats.ts
FNF:0
FNH:0
DA:1,9
DA:3,9
DA:23,9
DA:24,9
DA:26,9
LF:5
LH:5
BRF:0
BRH:0
end_of_record
TN:
SF:src/models/WalletTransaction.ts
FNF:0
FNH:0
DA:1,9
DA:3,9
DA:14,9
LF:3
LH:3
BRF:0
BRH:0
end_of_record
TN:
SF:src/models/plugins/softDeletePlugin.ts
FN:5,shouldIncludeDeleted
FN:10,softDeletePlugin
FN:16,(anonymous_2)
FN:28,(anonymous_3)
FN:33,(anonymous_4)
FNF:5
FNH:3
FNDA:43,shouldIncludeDeleted
FNDA:45,softDeletePlugin
FNDA:43,(anonymous_2)
FNDA:0,(anonymous_3)
FNDA:0,(anonymous_4)
DA:1,9
DA:6,43
DA:7,43
DA:10,9
DA:11,45
DA:16,45
DA:17,43
DA:18,38
DA:19,38
DA:20,23
DA:23,45
DA:24,45
DA:25,45
DA:26,45
DA:28,45
DA:29,0
DA:30,0
DA:32,0
DA:33,0
DA:34,0
DA:35,0
LF:21
LH:15
BRDA:6,0,0,43
BRDA:6,0,1,0
BRDA:17,1,0,5
BRDA:17,1,1,38
BRDA:18,2,0,38
BRDA:18,2,1,0
BRDA:19,3,0,15
BRDA:19,3,1,23
BRDA:29,4,0,0
BRDA:29,4,1,0
BRDA:30,5,0,0
BRDA:30,5,1,0
BRDA:33,6,0,0
BRDA:33,6,1,0
BRDA:34,7,0,0
BRDA:34,7,1,0
BRF:16
BRH:6
end_of_record
TN:
SF:src/routes/admin.routes.ts
FNF:0
FNH:0
DA:1,9
DA:2,9
DA:3,9
DA:5,9
DA:15,9
DA:16,9
DA:17,9
DA:18,9
DA:19,9
DA:20,9
DA:21,9
DA:23,9
DA:25,9
DA:27,9
DA:28,9
DA:30,9
DA:32,9
DA:33,9
DA:35,9
DA:36,9
DA:37,9
DA:38,9
DA:40,9
DA:41,9
DA:42,9
DA:43,9
DA:45,9
DA:46,9
DA:47,9
DA:48,9
DA:50,9
DA:51,9
DA:52,9
DA:54,9
DA:55,9
DA:56,9
DA:57,9
DA:59,9
DA:60,9
DA:61,9
DA:62,9
DA:64,9
DA:65,9
DA:66,9
DA:67,9
DA:69,9
DA:70,9
DA:71,9
DA:72,9
DA:74,9
DA:75,9
DA:76,9
DA:77,9
DA:79,9
DA:80,9
DA:81,9
DA:82,9
DA:84,9
DA:85,9
DA:86,9
DA:87,9
DA:88,9
DA:89,9
DA:91,9
DA:92,9
DA:94,9
DA:95,9
DA:96,9
DA:97,9
DA:98,9
DA:99,9
DA:100,9
LF:72
LH:72
BRF:0
BRH:0
end_of_record
TN:
SF:src/routes/analytics.routes.ts
FNF:0
FNH:0
DA:1,9
DA:2,9
DA:3,9
DA:5,9
DA:7,9
LF:5
LH:5
BRF:0
BRH:0
end_of_record
TN:
SF:src/routes/attempt.routes.ts
FNF:0
FNH:0
DA:1,9
DA:2,9
DA:3,9
DA:5,9
DA:7,9
DA:8,9
LF:6
LH:6
BRF:0
BRH:0
end_of_record
TN:
SF:src/routes/auth.routes.ts
FNF:0
FNH:0
DA:1,9
DA:2,9
DA:4,9
DA:6,9
DA:7,9
DA:8,9
DA:9,9
DA:11,9
LF:8
LH:8
BRF:0
BRH:0
end_of_record
TN:
SF:src/routes/chat.routes.ts
FNF:0
FNH:0
DA:1,9
DA:2,9
DA:3,9
DA:4,9
DA:6,9
DA:8,9
LF:6
LH:6
BRF:0
BRH:0
end_of_record
TN:
SF:src/routes/curriculum.routes.ts
FNF:0
FNH:0
DA:1,9
DA:2,9
DA:3,9
DA:12,9
DA:14,9
DA:15,9
DA:16,9
DA:17,9
DA:18,9
DA:19,9
LF:10
LH:10
BRF:0
BRH:0
end_of_record
TN:
SF:src/routes/dashboard.routes.ts
FNF:0
FNH:0
DA:1,9
DA:2,9
DA:3,9
DA:5,9
DA:7,9
LF:5
LH:5
BRF:0
BRH:0
end_of_record
TN:
SF:src/routes/health.routes.ts
FN:7,(anonymous_0)
FN:11,(anonymous_1)
FNF:2
FNH:2
FNDA:1,(anonymous_0)
FNDA:1,(anonymous_1)
DA:1,9
DA:2,9
DA:3,9
DA:5,9
DA:7,9
DA:8,1
DA:11,9
DA:12,1
DA:13,1
DA:15,0
LF:10
LH:9
BRDA:12,0,0,1
BRDA:12,0,1,0
BRF:2
BRH:1
end_of_record
TN:
SF:src/routes/leaderboard.routes.ts
FNF:0
FNH:0
DA:1,9
DA:2,9
DA:3,9
DA:5,9
DA:7,9
DA:8,9
LF:6
LH:6
BRF:0
BRH:0
end_of_record
TN:
SF:src/routes/notifications.routes.ts
FNF:0
FNH:0
DA:1,9
DA:2,9
DA:3,9
DA:10,9
DA:17,9
DA:24,9
DA:31,9
DA:38,9
LF:8
LH:8
BRF:0
BRH:0
end_of_record
TN:
SF:src/routes/user.routes.ts
FNF:0
FNH:0
DA:1,9
DA:2,9
DA:3,9
DA:5,9
DA:7,9
DA:8,9
DA:9,9
LF:7
LH:7
BRF:0
BRH:0
end_of_record
TN:
SF:src/services/adminAudit.ts
FN:3,writeAdminAudit
FNF:1
FNH:1
FNDA:13,writeAdminAudit
DA:1,9
DA:3,9
DA:9,13
DA:10,13
DA:12,13
LF:5
LH:5
BRDA:10,0,0,0
BRDA:10,0,1,13
BRF:2
BRH:1
end_of_record
TN:
SF:src/services/ai.service.ts
FN:22,(anonymous_1)
FN:33,(anonymous_2)
FN:37,(anonymous_3)
FN:55,createAIProvider
FNF:4
FNH:2
FNDA:3,(anonymous_1)
FNDA:0,(anonymous_2)
FNDA:0,(anonymous_3)
FNDA:9,createAIProvider
DA:1,9
DA:2,9
DA:21,9
DA:23,3
DA:34,0
DA:38,0
DA:43,0
DA:47,0
DA:48,0
DA:51,0
DA:56,9
DA:57,9
DA:60,0
DA:61,0
DA:63,0
DA:69,0
DA:73,0
DA:76,0
DA:79,9
LF:19
LH:7
BRDA:44,0,0,0
BRDA:44,0,1,0
BRDA:47,1,0,0
BRDA:47,1,1,0
BRDA:56,2,0,9
BRDA:56,2,1,0
BRDA:60,3,0,0
BRDA:60,3,1,0
BRDA:61,4,0,0
BRDA:61,4,1,0
BRF:10
BRH:1
end_of_record
TN:
SF:src/services/authTokens.ts
FN:5,signAccessToken
FN:9,signRefreshToken
FN:13,verifyToken
FN:17,hashToken
FN:22,compareToken
FNF:5
FNH:4
FNDA:42,signAccessToken
FNDA:42,signRefreshToken
FNDA:88,verifyToken
FNDA:42,hashToken
FNDA:0,compareToken
DA:1,9
DA:2,9
DA:3,9
DA:5,9
DA:6,42
DA:9,9
DA:10,42
DA:13,9
DA:14,88
DA:17,9
DA:18,42
DA:19,42
DA:22,9
DA:23,0
LF:14
LH:13
BRF:0
BRH:0
end_of_record
TN:
SF:src/services/emailProvider.ts
FN:10,(anonymous_1)
FN:25,(anonymous_2)
FN:40,(anonymous_3)
FN:57,getEmailProvider
FNF:4
FNH:1
FNDA:0,(anonymous_1)
FNDA:0,(anonymous_2)
FNDA:0,(anonymous_3)
FNDA:9,getEmailProvider
DA:1,9
DA:2,9
DA:3,9
DA:9,9
DA:11,0
DA:15,9
DA:16,0
DA:26,0
DA:28,0
DA:37,9
DA:38,9
DA:41,0
DA:57,9
DA:58,9
DA:60,0
DA:63,9
DA:66,0
DA:70,9
LF:18
LH:11
BRDA:18,0,0,0
BRDA:18,0,1,0
BRDA:20,1,0,0
BRDA:20,1,1,0
BRDA:26,2,0,0
BRDA:26,2,1,0
BRDA:58,3,0,0
BRDA:58,3,1,9
BRDA:58,3,2,0
BRF:9
BRH:1
end_of_record
TN:
SF:src/services/gamification.service.ts
FN:1,calculateXP
FN:12,calculateLevel
FN:16,calculateCoins
FN:21,calculateDiamonds
FN:26,updateStreak
FNF:5
FNH:5
FNDA:9,calculateXP
FNDA:9,calculateLevel
FNDA:9,calculateCoins
FNDA:9,calculateDiamonds
FNDA:9,updateStreak
DA:1,9
DA:2,9
DA:4,9
DA:5,9
DA:6,9
DA:8,9
DA:9,9
DA:12,9
DA:13,9
DA:16,9
DA:17,9
DA:18,2
DA:21,9
DA:22,9
DA:23,8
DA:26,9
DA:27,9
DA:29,9
DA:31,1
DA:32,1
DA:35,0
DA:37,0
DA:38,0
DA:41,0
LF:24
LH:20
BRDA:5,0,0,1
BRDA:5,0,1,8
BRDA:6,1,0,0
BRDA:6,1,1,9
BRDA:17,2,0,7
BRDA:17,2,1,2
BRDA:22,3,0,1
BRDA:22,3,1,8
BRDA:22,4,0,9
BRDA:22,4,1,1
BRDA:29,5,0,8
BRDA:29,5,1,1
BRDA:31,6,0,1
BRDA:31,6,1,0
BRDA:37,7,0,0
BRDA:37,7,1,0
BRF:16
BRH:12
end_of_record
TN:
SF:src/services/leaderboard.service.ts
FN:3,getWeekStartISO
FN:11,getDayISO
FN:20,computeWeeklyGrowthScore
FN:44,computeMasteryScore
FN:62,getWeeklyLeaderboard
FN:66,(anonymous_5)
FN:96,(anonymous_6)
FNF:7
FNH:6
FNDA:10,getWeekStartISO
FNDA:9,getDayISO
FNDA:2,computeWeeklyGrowthScore
FNDA:0,computeMasteryScore
FNDA:1,getWeeklyLeaderboard
FNDA:2,(anonymous_5)
FNDA:1,(anonymous_6)
DA:1,9
DA:3,9
DA:4,10
DA:5,10
DA:6,10
DA:7,10
DA:8,10
DA:11,9
DA:12,9
DA:20,9
DA:27,2
DA:28,2
DA:30,2
DA:32,2
DA:33,1
DA:35,2
DA:36,2
DA:38,2
DA:44,9
DA:51,0
DA:52,0
DA:54,0
DA:55,0
DA:56,0
DA:57,0
DA:59,0
DA:62,9
DA:63,1
DA:65,1
DA:68,2
DA:84,2
DA:86,2
DA:96,1
DA:99,1
LF:34
LH:27
BRDA:3,0,0,0
BRDA:6,1,0,0
BRDA:6,1,1,10
BRDA:11,2,0,0
BRDA:28,3,0,2
BRDA:28,3,1,0
BRDA:32,4,0,1
BRDA:32,4,1,1
BRDA:33,5,0,0
BRDA:33,5,1,1
BRDA:52,6,0,0
BRDA:52,6,1,0
BRDA:62,7,0,0
BRDA:68,8,0,2
BRDA:68,8,1,0
BRDA:84,9,0,2
BRDA:84,9,1,0
BRF:17
BRH:7
end_of_record
TN:
SF:src/services/otpService.ts
FN:4,generateOtp
FN:8,createOtp
FN:19,verifyOtp
FNF:3
FNH:3
FNDA:44,generateOtp
FNDA:44,createOtp
FNDA:43,verifyOtp
DA:1,9
DA:2,9
DA:5,44
DA:8,9
DA:9,44
DA:10,44
DA:11,44
DA:13,44
DA:15,44
DA:16,44
DA:19,9
DA:20,43
DA:21,43
DA:23,43
DA:24,0
DA:25,0
DA:28,43
DA:29,0
DA:30,0
DA:33,43
DA:34,43
DA:35,1
DA:36,1
DA:37,1
DA:40,42
DA:41,42
LF:26
LH:22
BRDA:15,0,0,44
BRDA:15,0,1,0
BRDA:21,1,0,0
BRDA:21,1,1,43
BRDA:23,2,0,0
BRDA:23,2,1,43
BRDA:28,3,0,0
BRDA:28,3,1,43
BRDA:34,4,0,1
BRDA:34,4,1,42
BRF:10
BRH:6
end_of_record
TN:
SF:src/services/smsProvider.ts
FN:9,(anonymous_1)
FN:19,(anonymous_2)
FN:55,(anonymous_3)
FN:71,(anonymous_4)
FN:86,getSmsProvider
FNF:5
FNH:2
FNDA:44,(anonymous_1)
FNDA:0,(anonymous_2)
FNDA:0,(anonymous_3)
FNDA:0,(anonymous_4)
FNDA:9,getSmsProvider
DA:1,9
DA:2,9
DA:8,9
DA:10,44
DA:11,44
DA:12,44
DA:13,44
DA:14,44
DA:18,9
DA:20,0
DA:21,0
DA:22,0
DA:29,0
DA:30,0
DA:35,0
DA:36,0
DA:38,0
DA:40,0
DA:41,0
DA:46,9
DA:53,0
DA:56,0
DA:57,0
DA:58,0
DA:60,0
DA:61,0
DA:66,0
DA:68,0
DA:72,0
DA:73,0
DA:78,0
DA:80,0
DA:81,0
DA:86,9
DA:89,9
DA:90,9
DA:93,0
DA:95,0
DA:97,0
DA:99,0
DA:103,9
LF:41
LH:14
BRDA:35,0,0,0
BRDA:35,0,1,0
BRDA:56,1,0,0
BRDA:56,1,1,0
BRDA:60,2,0,0
BRDA:60,2,1,0
BRDA:60,3,0,0
BRDA:60,3,1,0
BRDA:89,4,0,9
BRDA:89,4,1,0
BRDA:93,5,0,0
BRDA:93,5,1,0
BRDA:93,5,2,0
BRF:13
BRH:1
end_of_record
TN:
SF:src/services/weekWindow.ts
FN:1,weekWindow
FNF:1
FNH:1
FNDA:9,weekWindow
DA:1,9
DA:2,9
DA:3,9
DA:4,9
LF:4
LH:4
BRF:0
BRH:0
end_of_record
TN:
SF:src/utils/apiResponse.ts
FN:1,ok
FN:5,fail
FNF:2
FNH:2
FNDA:169,ok
FNDA:15,fail
DA:1,9
DA:2,169
DA:5,9
DA:6,15
LF:4
LH:4
BRF:0
BRH:0
end_of_record
TN:
SF:src/utils/requestLogBuffer.ts
FN:24,appendRequestLog
FN:34,getRecentLogs
FNF:2
FNH:0
FNDA:0,appendRequestLog
FNDA:0,getRecentLogs
DA:21,9
DA:22,9
DA:24,9
DA:25,0
DA:26,0
DA:27,0
DA:34,9
DA:35,0
LF:8
LH:4
BRDA:26,0,0,0
BRDA:26,0,1,0
BRDA:34,1,0,0
BRF:3
BRH:0
end_of_record
TN:
SF:tests/helpers/auth.ts
FN:5,loginAndGetAccessToken
FN:25,completeProfile
FNF:2
FNH:2
FNDA:37,loginAndGetAccessToken
FNDA:25,completeProfile
DA:1,5
DA:2,5
DA:3,5
DA:5,5
DA:6,37
DA:7,37
DA:8,0
DA:11,37
DA:12,37
DA:13,37
DA:15,37
DA:16,37
DA:18,37
DA:19,37
DA:21,37
DA:22,37
DA:25,5
DA:26,25
DA:31,25
LF:19
LH:18
BRDA:7,0,0,0
BRDA:7,0,1,37
BRDA:13,1,0,37
BRDA:13,1,1,0
BRDA:16,2,0,0
BRDA:16,2,1,37
BRDA:31,3,0,0
BRDA:31,3,1,25
BRF:8
BRH:4
end_of_record
TN:
SF:tests/helpers/seedCurriculum.ts
FN:7,seedCurriculumStd8
FNF:1
FNH:1
FNDA:6,seedCurriculumStd8
DA:1,1
DA:2,1
DA:3,1
DA:4,1
DA:5,1
DA:7,1
DA:8,6
DA:9,6
DA:10,6
DA:12,6
DA:18,6
DA:24,6
DA:30,6
DA:57,6
LF:14
LH:14
BRF:0
BRH:0
end_of_record
TN:
SF:tests/helpers/seedLessonQuiz.ts
FN:8,seedLessonWithQuiz
FNF:1
FNH:1
FNDA:13,seedLessonWithQuiz
DA:1,4
DA:2,4
DA:3,4
DA:4,4
DA:5,4
DA:6,4
DA:8,4
DA:9,13
DA:11,13
DA:12,13
DA:13,13
DA:15,13
DA:24,13
DA:37,13
LF:14
LH:14
BRDA:8,0,0,3
BRF:1
BRH:1
end_of_record
